#
# There is insufficient memory for the Java Runtime Environment to continue.
# Native memory allocation (malloc) failed to allocate 1217408 bytes for Chunk::new
# Possible reasons:
#   The system is out of physical RAM or swap space
#   The process is running with CompressedOops enabled, and the Java Heap may be blocking the growth of the native heap
# Possible solutions:
#   Reduce memory load on the system
#   Increase physical memory or swap space
#   Check if swap backing store is full
#   Decrease Java heap size (-Xmx/-Xms)
#   Decrease number of Java threads
#   Decrease Java thread stack sizes (-Xss)
#   Set larger code cache with -XX:ReservedCodeCacheSize=
#   JVM is running with Zero Based Compressed Oops mode in which the Java heap is
#     placed in the first 32GB address space. The Java Heap base address is the
#     maximum limit for the native heap growth. Please use -XX:HeapBaseMinAddress
#     to set the Java Heap base and to place the Java Heap above 32GB virtual address.
# This output file may be truncated or incomplete.
#
#  Out of Memory Error (arena.cpp:189), pid=1168, tid=14656
#
# JRE version: Java(TM) SE Runtime Environment (17.0.2+8) (build 17.0.2+8-LTS-86)
# Java VM: Java HotSpot(TM) 64-Bit Server VM (17.0.2+8-LTS-86, mixed mode, sharing, tiered, compressed oops, compressed class ptrs, g1 gc, windows-amd64)
# No core dump will be written. Minidumps are not enabled by default on client versions of Windows
#

---------------  S U M M A R Y ------------

Command Line: -ea -Didea.test.cyclic.buffer.size=1048576 -javaagent:C:\Program Files\JetBrains\IntelliJ IDEA Community Edition 2021.3.2\lib\idea_rt.jar=58392:C:\Program Files\JetBrains\IntelliJ IDEA Community Edition 2021.3.2\bin -Dfile.encoding=UTF-8 com.intellij.rt.junit.JUnitStarter -ideVersion5 -junit4 get_http_request.day09.GetRequest22,test22

Host: 11th Gen Intel(R) Core(TM) i7-11800H @ 2.30GHz, 16 cores, 15G,  Windows 10 , 64 bit Build 19041 (10.0.19041.1503)
Time: Tue Mar  8 21:18:26 2022 Romance Standard Time elapsed time: 0.595224 seconds (0d 0h 0m 0s)

---------------  T H R E A D  ---------------

Current thread (0x00000212e605b870):  JavaThread "C2 CompilerThread2" daemon [_thread_in_native, id=14656, stack(0x00000052e1b00000,0x00000052e1c00000)]


Current CompileTask:
C2:    595 1699       4       jdk.internal.jimage.ImageLocation::getFullName (109 bytes)

Stack: [0x00000052e1b00000,0x00000052e1c00000]
Native frames: (J=compiled Java code, j=interpreted, Vv=VM code, C=native code)
V  [jvm.dll+0x670baa]
V  [jvm.dll+0x7cfcb4]
V  [jvm.dll+0x7d145e]
V  [jvm.dll+0x7d1ac3]
V  [jvm.dll+0x242bc5]
V  [jvm.dll+0xaa57b]
V  [jvm.dll+0xaab0c]
V  [jvm.dll+0x35fd07]
V  [jvm.dll+0x32a331]
V  [jvm.dll+0x3297da]
V  [jvm.dll+0x215c91]
V  [jvm.dll+0x2150b1]
V  [jvm.dll+0x1a1bbd]
V  [jvm.dll+0x224908]
V  [jvm.dll+0x222a6c]
V  [jvm.dll+0x7859bb]
V  [jvm.dll+0x77ff7a]
V  [jvm.dll+0x66fa35]
C  [ucrtbase.dll+0x21bb2]
C  [KERNEL32.DLL+0x17034]
C  [ntdll.dll+0x52651]


---------------  P R O C E S S  ---------------

Threads class SMR info:
_java_thread_list=0x00000212e5f424c0, length=20, elements={
0x00000212c15d5e10, 0x00000212e4bbc160, 0x00000212e4bbcd10, 0x00000212e4bd2770,
0x00000212e4bd5040, 0x00000212e4bd7a00, 0x00000212e4bd8b50, 0x00000212e4bda080,
0x00000212e4be0fa0, 0x00000212e4bf44d0, 0x00000212e56036b0, 0x00000212e560efa0,
0x00000212e560f560, 0x00000212e562ff60, 0x00000212e56c8860, 0x00000212e56c8d30,
0x00000212e5f41ed0, 0x00000212e605b870, 0x00000212e6350f00, 0x00000212e6353420
}

Java Threads: ( => current thread )
  0x00000212c15d5e10 JavaThread "main" [_thread_in_Java, id=6032, stack(0x00000052dfd00000,0x00000052dfe00000)]
  0x00000212e4bbc160 JavaThread "Reference Handler" daemon [_thread_blocked, id=7308, stack(0x00000052e0400000,0x00000052e0500000)]
  0x00000212e4bbcd10 JavaThread "Finalizer" daemon [_thread_blocked, id=8720, stack(0x00000052e0500000,0x00000052e0600000)]
  0x00000212e4bd2770 JavaThread "Signal Dispatcher" daemon [_thread_blocked, id=3332, stack(0x00000052e0600000,0x00000052e0700000)]
  0x00000212e4bd5040 JavaThread "Attach Listener" daemon [_thread_blocked, id=17356, stack(0x00000052e0700000,0x00000052e0800000)]
  0x00000212e4bd7a00 JavaThread "Service Thread" daemon [_thread_blocked, id=1128, stack(0x00000052e0800000,0x00000052e0900000)]
  0x00000212e4bd8b50 JavaThread "Monitor Deflation Thread" daemon [_thread_blocked, id=9800, stack(0x00000052e0900000,0x00000052e0a00000)]
  0x00000212e4bda080 JavaThread "C2 CompilerThread0" daemon [_thread_blocked, id=15712, stack(0x00000052e0a00000,0x00000052e0b00000)]
  0x00000212e4be0fa0 JavaThread "C1 CompilerThread0" daemon [_thread_in_native, id=3576, stack(0x00000052e0b00000,0x00000052e0c00000)]
  0x00000212e4bf44d0 JavaThread "Sweeper thread" daemon [_thread_blocked, id=684, stack(0x00000052e0c00000,0x00000052e0d00000)]
  0x00000212e56036b0 JavaThread "Common-Cleaner" daemon [_thread_blocked, id=18412, stack(0x00000052e0d00000,0x00000052e0e00000)]
  0x00000212e560efa0 JavaThread "C1 CompilerThread1" daemon [_thread_blocked, id=1920, stack(0x00000052e0e00000,0x00000052e0f00000)]
  0x00000212e560f560 JavaThread "C1 CompilerThread2" daemon [_thread_blocked, id=4680, stack(0x00000052e0f00000,0x00000052e1000000)]
  0x00000212e562ff60 JavaThread "C2 CompilerThread1" daemon [_thread_in_native, id=16108, stack(0x00000052e1000000,0x00000052e1100000)]
  0x00000212e56c8860 JavaThread "Monitor Ctrl-Break" daemon [_thread_in_native, id=15972, stack(0x00000052e1100000,0x00000052e1200000)]
  0x00000212e56c8d30 JavaThread "Notification Thread" daemon [_thread_blocked, id=14640, stack(0x00000052e1200000,0x00000052e1300000)]
  0x00000212e5f41ed0 JavaThread "C1 CompilerThread3" daemon [_thread_blocked, id=11500, stack(0x00000052e1400000,0x00000052e1500000)]
=>0x00000212e605b870 JavaThread "C2 CompilerThread2" daemon [_thread_in_native, id=14656, stack(0x00000052e1b00000,0x00000052e1c00000)]
  0x00000212e6350f00 JavaThread "C2 CompilerThread3" daemon [_thread_blocked, id=3588, stack(0x00000052e1c00000,0x00000052e1d00000)]
  0x00000212e6353420 JavaThread "C2 CompilerThread4" daemon [_thread_blocked, id=17480, stack(0x00000052e1d00000,0x00000052e1e00000)]

Other Threads:
  0x00000212e4bb7670 VMThread "VM Thread" [stack: 0x00000052e0300000,0x00000052e0400000] [id=10172]
  0x00000212e56cb4c0 WatcherThread [stack: 0x00000052e1300000,0x00000052e1400000] [id=5500]
  0x00000212c16245f0 GCTaskThread "GC Thread#0" [stack: 0x00000052dfe00000,0x00000052dff00000] [id=13828]
  0x00000212e60e5d20 GCTaskThread "GC Thread#1" [stack: 0x00000052e1500000,0x00000052e1600000] [id=3336]
  0x00000212e616a070 GCTaskThread "GC Thread#2" [stack: 0x00000052e1600000,0x00000052e1700000] [id=15060]
  0x00000212e616a320 GCTaskThread "GC Thread#3" [stack: 0x00000052e1700000,0x00000052e1800000] [id=1416]
  0x00000212e616a5d0 GCTaskThread "GC Thread#4" [stack: 0x00000052e1800000,0x00000052e1900000] [id=11908]
  0x00000212e616a880 GCTaskThread "GC Thread#5" [stack: 0x00000052e1900000,0x00000052e1a00000] [id=7640]
  0x00000212e61c2720 GCTaskThread "GC Thread#6" [stack: 0x00000052e1a00000,0x00000052e1b00000] [id=17500]
  0x00000212c16311a0 ConcurrentGCThread "G1 Main Marker" [stack: 0x00000052dff00000,0x00000052e0000000] [id=17912]
  0x00000212c1631bb0 ConcurrentGCThread "G1 Conc#0" [stack: 0x00000052e0000000,0x00000052e0100000] [id=6116]
  0x00000212e4a834e0 ConcurrentGCThread "G1 Refine#0" [stack: 0x00000052e0100000,0x00000052e0200000] [id=7568]
  0x00000212e4a83d10 ConcurrentGCThread "G1 Service" [stack: 0x00000052e0200000,0x00000052e0300000] [id=18428]

Threads with active compile tasks:
C2 CompilerThread1      605 1701       4       java.util.regex.Pattern::split (288 bytes)
C2 CompilerThread2      605 1699       4       jdk.internal.jimage.ImageLocation::getFullName (109 bytes)

VM state: not at safepoint (normal execution)

VM Mutex/Monitor currently owned by a thread: None

OutOfMemory and StackOverflow Exception counts:
OutOfMemoryError java_heap_errors=2
LinkageErrors=23

Heap address: 0x0000000704a00000, size: 4022 MB, Compressed Oops mode: Zero based, Oop shift amount: 3

CDS archive(s) mapped at: [0x0000000800000000-0x0000000800bc0000-0x0000000800bc0000), size 12320768, SharedBaseAddress: 0x0000000800000000, ArchiveRelocationMode: 0.
Compressed class space mapped at: 0x0000000800c00000-0x0000000840c00000, reserved size: 1073741824
Narrow klass base: 0x0000000800000000, Narrow klass shift: 0, Narrow klass range: 0x100000000

GC Precious Log:
 CPUs: 16 total, 16 available
 Memory: 16085M
 Large Page Support: Disabled
 NUMA Support: Disabled
 Compressed Oops: Enabled (Zero based)
 Heap Region Size: 2M
 Heap Min Capacity: 8M
 Heap Initial Capacity: 252M
 Heap Max Capacity: 4022M
 Pre-touch: Disabled
 Parallel Workers: 13
 Concurrent Workers: 3
 Concurrent Refinement Workers: 13
 Periodic GC: Disabled

Heap:
 garbage-first heap   total 258048K, used 28932K [0x0000000704a00000, 0x0000000800000000)
  region size 2048K, 15 young (30720K), 2 survivors (4096K)
 Metaspace       used 8929K, committed 9152K, reserved 1064960K
  class space    used 923K, committed 1024K, reserved 1048576K

Heap Regions: E=young(eden), S=young(survivor), O=old, HS=humongous(starts), HC=humongous(continues), CS=collection set, F=free, OA=open archive, CA=closed archive, TAMS=top-at-mark-start (previous, next)
|   0|0x0000000704a00000, 0x0000000704a41000, 0x0000000704c00000| 12%| O|  |TAMS 0x0000000704a00000, 0x0000000704a00000| Untracked 
|   1|0x0000000704c00000, 0x0000000704e00000, 0x0000000704e00000|100%|HS|  |TAMS 0x0000000704c00000, 0x0000000704c00000| Complete 
|   2|0x0000000704e00000, 0x0000000704e00000, 0x0000000705000000|  0%| F|  |TAMS 0x0000000704e00000, 0x0000000704e00000| Untracked 
|   3|0x0000000705000000, 0x0000000705000000, 0x0000000705200000|  0%| F|  |TAMS 0x0000000705000000, 0x0000000705000000| Untracked 
|   4|0x0000000705200000, 0x0000000705200000, 0x0000000705400000|  0%| F|  |TAMS 0x0000000705200000, 0x0000000705200000| Untracked 
|   5|0x0000000705400000, 0x0000000705400000, 0x0000000705600000|  0%| F|  |TAMS 0x0000000705400000, 0x0000000705400000| Untracked 
|   6|0x0000000705600000, 0x0000000705600000, 0x0000000705800000|  0%| F|  |TAMS 0x0000000705600000, 0x0000000705600000| Untracked 
|   7|0x0000000705800000, 0x0000000705800000, 0x0000000705a00000|  0%| F|  |TAMS 0x0000000705800000, 0x0000000705800000| Untracked 
|   8|0x0000000705a00000, 0x0000000705a00000, 0x0000000705c00000|  0%| F|  |TAMS 0x0000000705a00000, 0x0000000705a00000| Untracked 
|   9|0x0000000705c00000, 0x0000000705c00000, 0x0000000705e00000|  0%| F|  |TAMS 0x0000000705c00000, 0x0000000705c00000| Untracked 
|  10|0x0000000705e00000, 0x0000000705e00000, 0x0000000706000000|  0%| F|  |TAMS 0x0000000705e00000, 0x0000000705e00000| Untracked 
|  11|0x0000000706000000, 0x0000000706000000, 0x0000000706200000|  0%| F|  |TAMS 0x0000000706000000, 0x0000000706000000| Untracked 
|  12|0x0000000706200000, 0x0000000706200000, 0x0000000706400000|  0%| F|  |TAMS 0x0000000706200000, 0x0000000706200000| Untracked 
|  13|0x0000000706400000, 0x0000000706400000, 0x0000000706600000|  0%| F|  |TAMS 0x0000000706400000, 0x0000000706400000| Untracked 
|  14|0x0000000706600000, 0x0000000706600000, 0x0000000706800000|  0%| F|  |TAMS 0x0000000706600000, 0x0000000706600000| Untracked 
|  15|0x0000000706800000, 0x0000000706800000, 0x0000000706a00000|  0%| F|  |TAMS 0x0000000706800000, 0x0000000706800000| Untracked 
|  16|0x0000000706a00000, 0x0000000706a00000, 0x0000000706c00000|  0%| F|  |TAMS 0x0000000706a00000, 0x0000000706a00000| Untracked 
|  17|0x0000000706c00000, 0x0000000706c00000, 0x0000000706e00000|  0%| F|  |TAMS 0x0000000706c00000, 0x0000000706c00000| Untracked 
|  18|0x0000000706e00000, 0x0000000706e00000, 0x0000000707000000|  0%| F|  |TAMS 0x0000000706e00000, 0x0000000706e00000| Untracked 
|  19|0x0000000707000000, 0x0000000707000000, 0x0000000707200000|  0%| F|  |TAMS 0x0000000707000000, 0x0000000707000000| Untracked 
|  20|0x0000000707200000, 0x0000000707200000, 0x0000000707400000|  0%| F|  |TAMS 0x0000000707200000, 0x0000000707200000| Untracked 
|  21|0x0000000707400000, 0x0000000707400000, 0x0000000707600000|  0%| F|  |TAMS 0x0000000707400000, 0x0000000707400000| Untracked 
|  22|0x0000000707600000, 0x0000000707600000, 0x0000000707800000|  0%| F|  |TAMS 0x0000000707600000, 0x0000000707600000| Untracked 
|  23|0x0000000707800000, 0x0000000707800000, 0x0000000707a00000|  0%| F|  |TAMS 0x0000000707800000, 0x0000000707800000| Untracked 
|  24|0x0000000707a00000, 0x0000000707a00000, 0x0000000707c00000|  0%| F|  |TAMS 0x0000000707a00000, 0x0000000707a00000| Untracked 
|  25|0x0000000707c00000, 0x0000000707c00000, 0x0000000707e00000|  0%| F|  |TAMS 0x0000000707c00000, 0x0000000707c00000| Untracked 
|  26|0x0000000707e00000, 0x0000000707e00000, 0x0000000708000000|  0%| F|  |TAMS 0x0000000707e00000, 0x0000000707e00000| Untracked 
|  27|0x0000000708000000, 0x0000000708000000, 0x0000000708200000|  0%| F|  |TAMS 0x0000000708000000, 0x0000000708000000| Untracked 
|  28|0x0000000708200000, 0x0000000708200000, 0x0000000708400000|  0%| F|  |TAMS 0x0000000708200000, 0x0000000708200000| Untracked 
|  29|0x0000000708400000, 0x0000000708400000, 0x0000000708600000|  0%| F|  |TAMS 0x0000000708400000, 0x0000000708400000| Untracked 
|  30|0x0000000708600000, 0x0000000708600000, 0x0000000708800000|  0%| F|  |TAMS 0x0000000708600000, 0x0000000708600000| Untracked 
|  31|0x0000000708800000, 0x0000000708800000, 0x0000000708a00000|  0%| F|  |TAMS 0x0000000708800000, 0x0000000708800000| Untracked 
|  32|0x0000000708a00000, 0x0000000708a00000, 0x0000000708c00000|  0%| F|  |TAMS 0x0000000708a00000, 0x0000000708a00000| Untracked 
|  33|0x0000000708c00000, 0x0000000708c00000, 0x0000000708e00000|  0%| F|  |TAMS 0x0000000708c00000, 0x0000000708c00000| Untracked 
|  34|0x0000000708e00000, 0x0000000708e00000, 0x0000000709000000|  0%| F|  |TAMS 0x0000000708e00000, 0x0000000708e00000| Untracked 
|  35|0x0000000709000000, 0x0000000709000000, 0x0000000709200000|  0%| F|  |TAMS 0x0000000709000000, 0x0000000709000000| Untracked 
|  36|0x0000000709200000, 0x0000000709200000, 0x0000000709400000|  0%| F|  |TAMS 0x0000000709200000, 0x0000000709200000| Untracked 
|  37|0x0000000709400000, 0x0000000709400000, 0x0000000709600000|  0%| F|  |TAMS 0x0000000709400000, 0x0000000709400000| Untracked 
|  38|0x0000000709600000, 0x0000000709600000, 0x0000000709800000|  0%| F|  |TAMS 0x0000000709600000, 0x0000000709600000| Untracked 
|  39|0x0000000709800000, 0x0000000709800000, 0x0000000709a00000|  0%| F|  |TAMS 0x0000000709800000, 0x0000000709800000| Untracked 
|  40|0x0000000709a00000, 0x0000000709a00000, 0x0000000709c00000|  0%| F|  |TAMS 0x0000000709a00000, 0x0000000709a00000| Untracked 
|  41|0x0000000709c00000, 0x0000000709c00000, 0x0000000709e00000|  0%| F|  |TAMS 0x0000000709c00000, 0x0000000709c00000| Untracked 
|  42|0x0000000709e00000, 0x0000000709e00000, 0x000000070a000000|  0%| F|  |TAMS 0x0000000709e00000, 0x0000000709e00000| Untracked 
|  43|0x000000070a000000, 0x000000070a000000, 0x000000070a200000|  0%| F|  |TAMS 0x000000070a000000, 0x000000070a000000| Untracked 
|  44|0x000000070a200000, 0x000000070a200000, 0x000000070a400000|  0%| F|  |TAMS 0x000000070a200000, 0x000000070a200000| Untracked 
|  45|0x000000070a400000, 0x000000070a400000, 0x000000070a600000|  0%| F|  |TAMS 0x000000070a400000, 0x000000070a400000| Untracked 
|  46|0x000000070a600000, 0x000000070a600000, 0x000000070a800000|  0%| F|  |TAMS 0x000000070a600000, 0x000000070a600000| Untracked 
|  47|0x000000070a800000, 0x000000070a800000, 0x000000070aa00000|  0%| F|  |TAMS 0x000000070a800000, 0x000000070a800000| Untracked 
|  48|0x000000070aa00000, 0x000000070aa00000, 0x000000070ac00000|  0%| F|  |TAMS 0x000000070aa00000, 0x000000070aa00000| Untracked 
|  49|0x000000070ac00000, 0x000000070ac00000, 0x000000070ae00000|  0%| F|  |TAMS 0x000000070ac00000, 0x000000070ac00000| Untracked 
|  50|0x000000070ae00000, 0x000000070ae00000, 0x000000070b000000|  0%| F|  |TAMS 0x000000070ae00000, 0x000000070ae00000| Untracked 
|  51|0x000000070b000000, 0x000000070b000000, 0x000000070b200000|  0%| F|  |TAMS 0x000000070b000000, 0x000000070b000000| Untracked 
|  52|0x000000070b200000, 0x000000070b200000, 0x000000070b400000|  0%| F|  |TAMS 0x000000070b200000, 0x000000070b200000| Untracked 
|  53|0x000000070b400000, 0x000000070b400000, 0x000000070b600000|  0%| F|  |TAMS 0x000000070b400000, 0x000000070b400000| Untracked 
|  54|0x000000070b600000, 0x000000070b600000, 0x000000070b800000|  0%| F|  |TAMS 0x000000070b600000, 0x000000070b600000| Untracked 
|  55|0x000000070b800000, 0x000000070b800000, 0x000000070ba00000|  0%| F|  |TAMS 0x000000070b800000, 0x000000070b800000| Untracked 
|  56|0x000000070ba00000, 0x000000070ba00000, 0x000000070bc00000|  0%| F|  |TAMS 0x000000070ba00000, 0x000000070ba00000| Untracked 
|  57|0x000000070bc00000, 0x000000070bc00000, 0x000000070be00000|  0%| F|  |TAMS 0x000000070bc00000, 0x000000070bc00000| Untracked 
|  58|0x000000070be00000, 0x000000070be00000, 0x000000070c000000|  0%| F|  |TAMS 0x000000070be00000, 0x000000070be00000| Untracked 
|  59|0x000000070c000000, 0x000000070c000000, 0x000000070c200000|  0%| F|  |TAMS 0x000000070c000000, 0x000000070c000000| Untracked 
|  60|0x000000070c200000, 0x000000070c200000, 0x000000070c400000|  0%| F|  |TAMS 0x000000070c200000, 0x000000070c200000| Untracked 
|  61|0x000000070c400000, 0x000000070c400000, 0x000000070c600000|  0%| F|  |TAMS 0x000000070c400000, 0x000000070c400000| Untracked 
|  62|0x000000070c600000, 0x000000070c600000, 0x000000070c800000|  0%| F|  |TAMS 0x000000070c600000, 0x000000070c600000| Untracked 
|  63|0x000000070c800000, 0x000000070c800000, 0x000000070ca00000|  0%| F|  |TAMS 0x000000070c800000, 0x000000070c800000| Untracked 
|  64|0x000000070ca00000, 0x000000070ca00000, 0x000000070cc00000|  0%| F|  |TAMS 0x000000070ca00000, 0x000000070ca00000| Untracked 
|  65|0x000000070cc00000, 0x000000070cc00000, 0x000000070ce00000|  0%| F|  |TAMS 0x000000070cc00000, 0x000000070cc00000| Untracked 
|  66|0x000000070ce00000, 0x000000070ce00000, 0x000000070d000000|  0%| F|  |TAMS 0x000000070ce00000, 0x000000070ce00000| Untracked 
|  67|0x000000070d000000, 0x000000070d000000, 0x000000070d200000|  0%| F|  |TAMS 0x000000070d000000, 0x000000070d000000| Untracked 
|  68|0x000000070d200000, 0x000000070d200000, 0x000000070d400000|  0%| F|  |TAMS 0x000000070d200000, 0x000000070d200000| Untracked 
|  69|0x000000070d400000, 0x000000070d400000, 0x000000070d600000|  0%| F|  |TAMS 0x000000070d400000, 0x000000070d400000| Untracked 
|  70|0x000000070d600000, 0x000000070d600000, 0x000000070d800000|  0%| F|  |TAMS 0x000000070d600000, 0x000000070d600000| Untracked 
|  71|0x000000070d800000, 0x000000070d800000, 0x000000070da00000|  0%| F|  |TAMS 0x000000070d800000, 0x000000070d800000| Untracked 
|  72|0x000000070da00000, 0x000000070da00000, 0x000000070dc00000|  0%| F|  |TAMS 0x000000070da00000, 0x000000070da00000| Untracked 
|  73|0x000000070dc00000, 0x000000070dc00000, 0x000000070de00000|  0%| F|  |TAMS 0x000000070dc00000, 0x000000070dc00000| Untracked 
|  74|0x000000070de00000, 0x000000070de00000, 0x000000070e000000|  0%| F|  |TAMS 0x000000070de00000, 0x000000070de00000| Untracked 
|  75|0x000000070e000000, 0x000000070e000000, 0x000000070e200000|  0%| F|  |TAMS 0x000000070e000000, 0x000000070e000000| Untracked 
|  76|0x000000070e200000, 0x000000070e200000, 0x000000070e400000|  0%| F|  |TAMS 0x000000070e200000, 0x000000070e200000| Untracked 
|  77|0x000000070e400000, 0x000000070e400000, 0x000000070e600000|  0%| F|  |TAMS 0x000000070e400000, 0x000000070e400000| Untracked 
|  78|0x000000070e600000, 0x000000070e600000, 0x000000070e800000|  0%| F|  |TAMS 0x000000070e600000, 0x000000070e600000| Untracked 
|  79|0x000000070e800000, 0x000000070e800000, 0x000000070ea00000|  0%| F|  |TAMS 0x000000070e800000, 0x000000070e800000| Untracked 
|  80|0x000000070ea00000, 0x000000070ea00000, 0x000000070ec00000|  0%| F|  |TAMS 0x000000070ea00000, 0x000000070ea00000| Untracked 
|  81|0x000000070ec00000, 0x000000070ec00000, 0x000000070ee00000|  0%| F|  |TAMS 0x000000070ec00000, 0x000000070ec00000| Untracked 
|  82|0x000000070ee00000, 0x000000070ee00000, 0x000000070f000000|  0%| F|  |TAMS 0x000000070ee00000, 0x000000070ee00000| Untracked 
|  83|0x000000070f000000, 0x000000070f000000, 0x000000070f200000|  0%| F|  |TAMS 0x000000070f000000, 0x000000070f000000| Untracked 
|  84|0x000000070f200000, 0x000000070f200000, 0x000000070f400000|  0%| F|  |TAMS 0x000000070f200000, 0x000000070f200000| Untracked 
|  85|0x000000070f400000, 0x000000070f400000, 0x000000070f600000|  0%| F|  |TAMS 0x000000070f400000, 0x000000070f400000| Untracked 
|  86|0x000000070f600000, 0x000000070f600000, 0x000000070f800000|  0%| F|  |TAMS 0x000000070f600000, 0x000000070f600000| Untracked 
|  87|0x000000070f800000, 0x000000070f800000, 0x000000070fa00000|  0%| F|  |TAMS 0x000000070f800000, 0x000000070f800000| Untracked 
|  88|0x000000070fa00000, 0x000000070fa00000, 0x000000070fc00000|  0%| F|  |TAMS 0x000000070fa00000, 0x000000070fa00000| Untracked 
|  89|0x000000070fc00000, 0x000000070fc00000, 0x000000070fe00000|  0%| F|  |TAMS 0x000000070fc00000, 0x000000070fc00000| Untracked 
|  90|0x000000070fe00000, 0x000000070fe00000, 0x0000000710000000|  0%| F|  |TAMS 0x000000070fe00000, 0x000000070fe00000| Untracked 
|  91|0x0000000710000000, 0x0000000710000000, 0x0000000710200000|  0%| F|  |TAMS 0x0000000710000000, 0x0000000710000000| Untracked 
|  92|0x0000000710200000, 0x0000000710200000, 0x0000000710400000|  0%| F|  |TAMS 0x0000000710200000, 0x0000000710200000| Untracked 
|  93|0x0000000710400000, 0x0000000710400000, 0x0000000710600000|  0%| F|  |TAMS 0x0000000710400000, 0x0000000710400000| Untracked 
|  94|0x0000000710600000, 0x0000000710600000, 0x0000000710800000|  0%| F|  |TAMS 0x0000000710600000, 0x0000000710600000| Untracked 
|  95|0x0000000710800000, 0x0000000710800000, 0x0000000710a00000|  0%| F|  |TAMS 0x0000000710800000, 0x0000000710800000| Untracked 
|  96|0x0000000710a00000, 0x0000000710a00000, 0x0000000710c00000|  0%| F|  |TAMS 0x0000000710a00000, 0x0000000710a00000| Untracked 
|  97|0x0000000710c00000, 0x0000000710c00000, 0x0000000710e00000|  0%| F|  |TAMS 0x0000000710c00000, 0x0000000710c00000| Untracked 
|  98|0x0000000710e00000, 0x0000000710e00000, 0x0000000711000000|  0%| F|  |TAMS 0x0000000710e00000, 0x0000000710e00000| Untracked 
|  99|0x0000000711000000, 0x0000000711000000, 0x0000000711200000|  0%| F|  |TAMS 0x0000000711000000, 0x0000000711000000| Untracked 
| 100|0x0000000711200000, 0x0000000711200000, 0x0000000711400000|  0%| F|  |TAMS 0x0000000711200000, 0x0000000711200000| Untracked 
| 101|0x0000000711400000, 0x0000000711400000, 0x0000000711600000|  0%| F|  |TAMS 0x0000000711400000, 0x0000000711400000| Untracked 
| 102|0x0000000711600000, 0x0000000711600000, 0x0000000711800000|  0%| F|  |TAMS 0x0000000711600000, 0x0000000711600000| Untracked 
| 103|0x0000000711800000, 0x0000000711800000, 0x0000000711a00000|  0%| F|  |TAMS 0x0000000711800000, 0x0000000711800000| Untracked 
| 104|0x0000000711a00000, 0x0000000711a00000, 0x0000000711c00000|  0%| F|  |TAMS 0x0000000711a00000, 0x0000000711a00000| Untracked 
| 105|0x0000000711c00000, 0x0000000711c00000, 0x0000000711e00000|  0%| F|  |TAMS 0x0000000711c00000, 0x0000000711c00000| Untracked 
| 106|0x0000000711e00000, 0x0000000711e00000, 0x0000000712000000|  0%| F|  |TAMS 0x0000000711e00000, 0x0000000711e00000| Untracked 
| 107|0x0000000712000000, 0x0000000712000000, 0x0000000712200000|  0%| F|  |TAMS 0x0000000712000000, 0x0000000712000000| Untracked 
| 108|0x0000000712200000, 0x0000000712200000, 0x0000000712400000|  0%| F|  |TAMS 0x0000000712200000, 0x0000000712200000| Untracked 
| 109|0x0000000712400000, 0x0000000712400000, 0x0000000712600000|  0%| F|  |TAMS 0x0000000712400000, 0x0000000712400000| Untracked 
| 110|0x0000000712600000, 0x0000000712600000, 0x0000000712800000|  0%| F|  |TAMS 0x0000000712600000, 0x0000000712600000| Untracked 
| 111|0x0000000712800000, 0x00000007129239b8, 0x0000000712a00000| 56%| E|  |TAMS 0x0000000712800000, 0x0000000712800000| Complete 
| 112|0x0000000712a00000, 0x0000000712c00000, 0x0000000712c00000|100%| E|  |TAMS 0x0000000712a00000, 0x0000000712a00000| Complete 
| 113|0x0000000712c00000, 0x0000000712e00000, 0x0000000712e00000|100%| S|CS|TAMS 0x0000000712c00000, 0x0000000712c00000| Complete 
| 114|0x0000000712e00000, 0x0000000713000000, 0x0000000713000000|100%| S|CS|TAMS 0x0000000712e00000, 0x0000000712e00000| Complete 
| 115|0x0000000713000000, 0x0000000713200000, 0x0000000713200000|100%| E|CS|TAMS 0x0000000713000000, 0x0000000713000000| Complete 
| 116|0x0000000713200000, 0x0000000713400000, 0x0000000713400000|100%| E|CS|TAMS 0x0000000713200000, 0x0000000713200000| Complete 
| 117|0x0000000713400000, 0x0000000713600000, 0x0000000713600000|100%| E|CS|TAMS 0x0000000713400000, 0x0000000713400000| Complete 
| 118|0x0000000713600000, 0x0000000713800000, 0x0000000713800000|100%| E|CS|TAMS 0x0000000713600000, 0x0000000713600000| Complete 
| 119|0x0000000713800000, 0x0000000713a00000, 0x0000000713a00000|100%| E|CS|TAMS 0x0000000713800000, 0x0000000713800000| Complete 
| 120|0x0000000713a00000, 0x0000000713c00000, 0x0000000713c00000|100%| E|CS|TAMS 0x0000000713a00000, 0x0000000713a00000| Complete 
| 121|0x0000000713c00000, 0x0000000713e00000, 0x0000000713e00000|100%| E|CS|TAMS 0x0000000713c00000, 0x0000000713c00000| Complete 
| 122|0x0000000713e00000, 0x0000000714000000, 0x0000000714000000|100%| E|CS|TAMS 0x0000000713e00000, 0x0000000713e00000| Complete 
| 123|0x0000000714000000, 0x0000000714200000, 0x0000000714200000|100%| E|CS|TAMS 0x0000000714000000, 0x0000000714000000| Complete 
| 124|0x0000000714200000, 0x0000000714400000, 0x0000000714400000|100%| E|CS|TAMS 0x0000000714200000, 0x0000000714200000| Complete 
| 125|0x0000000714400000, 0x0000000714600000, 0x0000000714600000|100%| E|CS|TAMS 0x0000000714400000, 0x0000000714400000| Complete 

Card table byte_map: [0x00000212d8eb0000,0x00000212d9690000] _byte_map_base: 0x00000212d568b000

Marking Bits (Prev, Next): (CMBitMap*) 0x00000212c1624c00, (CMBitMap*) 0x00000212c1624c40
 Prev Bits: [0x00000212d9e70000, 0x00000212ddd48000)
 Next Bits: [0x00000212ddd50000, 0x00000212e1c28000)

Polling page: 0x00000212bf520000

Metaspace:

Usage:
  Non-class:      7.82 MB used.
      Class:    923.31 KB used.
       Both:      8.72 MB used.

Virtual space:
  Non-class space:       16.00 MB reserved,       7.94 MB ( 50%) committed,  2 nodes.
      Class space:        1.00 GB reserved,       1.00 MB ( <1%) committed,  1 nodes.
             Both:        1.02 GB reserved,       8.94 MB ( <1%) committed. 

Chunk freelists:
   Non-Class:  3.64 MB
       Class:  2.94 MB
        Both:  6.58 MB

MaxMetaspaceSize: unlimited
CompressedClassSpaceSize: 1.00 GB
Initial GC threshold: 21.00 MB
Current GC threshold: 21.00 MB
CDS: on
MetaspaceReclaimPolicy: balanced
 - commit_granule_bytes: 65536.
 - commit_granule_words: 8192.
 - virtual_space_node_default_size: 1048576.
 - enlarge_chunks_in_place: 1.
 - new_chunks_are_fully_committed: 0.
 - uncommit_free_chunks: 1.
 - use_allocation_guard: 0.
 - handle_deallocations: 1.


Internal statistics:

num_allocs_failed_limit: 0.
num_arena_births: 82.
num_arena_deaths: 0.
num_vsnodes_births: 3.
num_vsnodes_deaths: 0.
num_space_committed: 143.
num_space_uncommitted: 0.
num_chunks_returned_to_freelist: 0.
num_chunks_taken_from_freelist: 306.
num_chunk_merges: 0.
num_chunk_splits: 211.
num_chunks_enlarged: 163.
num_purges: 0.
num_inconsistent_stats: 0.

CodeHeap 'non-profiled nmethods': size=119168Kb used=547Kb max_used=547Kb free=118620Kb
 bounds [0x00000212d09d0000, 0x00000212d0c40000, 0x00000212d7e30000]
CodeHeap 'profiled nmethods': size=119104Kb used=3405Kb max_used=3405Kb free=115698Kb
 bounds [0x00000212c9580000, 0x00000212c98e0000, 0x00000212d09d0000]
CodeHeap 'non-nmethods': size=7488Kb used=3197Kb max_used=3243Kb free=4290Kb
 bounds [0x00000212c8e30000, 0x00000212c9160000, 0x00000212c9580000]
 total_blobs=2373 nmethods=1833 adapters=449
 compilation: enabled
              stopped_count=0, restarted_count=0
 full_count=0

Compilation events (20 events):
Event: 0.576 Thread 0x00000212e4be0fa0 nmethod 1819 0x00000212d0a55010 code [0x00000212d0a551a0, 0x00000212d0a55278]
Event: 0.576 Thread 0x00000212e4be0fa0 1820       1       groovy.lang.MetaBeanProperty::getSetter (5 bytes)
Event: 0.576 Thread 0x00000212e4be0fa0 nmethod 1820 0x00000212d0a55310 code [0x00000212d0a554a0, 0x00000212d0a55578]
Event: 0.576 Thread 0x00000212e4be0fa0 1821       1       groovy.lang.MetaProperty::getType (5 bytes)
Event: 0.576 Thread 0x00000212e4be0fa0 nmethod 1821 0x00000212d0a55610 code [0x00000212d0a557a0, 0x00000212d0a55878]
Event: 0.576 Thread 0x00000212e4be0fa0 1822       1       groovy.lang.MetaBeanProperty::getGetter (5 bytes)
Event: 0.576 Thread 0x00000212e4be0fa0 nmethod 1822 0x00000212d0a55910 code [0x00000212d0a55aa0, 0x00000212d0a55b78]
Event: 0.576 Thread 0x00000212e4be0fa0 1823       1       groovy.lang.MetaBeanProperty::getField (5 bytes)
Event: 0.577 Thread 0x00000212e4be0fa0 nmethod 1823 0x00000212d0a55c10 code [0x00000212d0a55da0, 0x00000212d0a55e78]
Event: 0.577 Thread 0x00000212e5f41ed0 nmethod 1814 0x00000212c98ca690 code [0x00000212c98ca960, 0x00000212c98cb848]
Event: 0.577 Thread 0x00000212e4bda080 nmethod 1705 0x00000212d0a55f10 code [0x00000212d0a56140, 0x00000212d0a57548]
Event: 0.577 Thread 0x00000212e6353420 nmethod 1818 0x00000212d0a57d10 code [0x00000212d0a57ea0, 0x00000212d0a57f78]
Event: 0.577 Thread 0x00000212e560f560 nmethod 1817 0x00000212c98cbe10 code [0x00000212c98cc140, 0x00000212c98cdc48]
Event: 0.577 Thread 0x00000212e560efa0 nmethod 1815 0x00000212c98ce290 code [0x00000212c98ce600, 0x00000212c98d00f8]
Event: 0.579 Thread 0x00000212e560efa0 1824       3       jdk.internal.misc.CDS::isDumpingArchive (4 bytes)
Event: 0.579 Thread 0x00000212e560efa0 nmethod 1824 0x00000212c98d0890 code [0x00000212c98d0a20, 0x00000212c98d0b18]
Event: 0.579 Thread 0x00000212e560efa0 1825       1       java.lang.invoke.DirectMethodHandle::isCrackable (5 bytes)
Event: 0.579 Thread 0x00000212e560efa0 nmethod 1825 0x00000212d0a58090 code [0x00000212d0a58220, 0x00000212d0a582f8]
Event: 0.586 Thread 0x00000212e6353420 1826       4       java.lang.System::getSecurityManager (12 bytes)
Event: 0.587 Thread 0x00000212e6353420 nmethod 1826 0x00000212d0a58390 code [0x00000212d0a58500, 0x00000212d0a58578]

GC Heap History (2 events):
Event: 0.414 GC heap before
{Heap before GC invocations=0 (full 0):
 garbage-first heap   total 258048K, used 20480K [0x0000000704a00000, 0x0000000800000000)
  region size 2048K, 11 young (22528K), 0 survivors (0K)
 Metaspace       used 6808K, committed 6976K, reserved 1056768K
  class space    used 733K, committed 832K, reserved 1048576K
}
Event: 0.417 GC heap after
{Heap after GC invocations=1 (full 0):
 garbage-first heap   total 258048K, used 4356K [0x0000000704a00000, 0x0000000800000000)
  region size 2048K, 2 young (4096K), 2 survivors (4096K)
 Metaspace       used 6808K, committed 6976K, reserved 1056768K
  class space    used 733K, committed 832K, reserved 1048576K
}

Deoptimization events (20 events):
Event: 0.489 Thread 0x00000212c15d5e10 DEOPT PACKING pc=0x00000212d0a398ac sp=0x00000052dfdfb1c0
Event: 0.489 Thread 0x00000212c15d5e10 DEOPT UNPACKING pc=0x00000212c8e85c23 sp=0x00000052dfdfb100 mode 2
Event: 0.492 Thread 0x00000212c15d5e10 DEOPT PACKING pc=0x00000212c9812454 sp=0x00000052dfdfb240
Event: 0.492 Thread 0x00000212c15d5e10 DEOPT UNPACKING pc=0x00000212c8e86763 sp=0x00000052dfdfa728 mode 0
Event: 0.564 Thread 0x00000212c15d5e10 Uncommon trap: trap_request=0xffffffde fr.pc=0x00000212d0a4b15c relative=0x000000000000037c
Event: 0.564 Thread 0x00000212c15d5e10 Uncommon trap: reason=class_check action=maybe_recompile pc=0x00000212d0a4b15c method=java.util.regex.Pattern$Start.match(Ljava/util/regex/Matcher;ILjava/lang/CharSequence;)Z @ 44 c2
Event: 0.564 Thread 0x00000212c15d5e10 DEOPT PACKING pc=0x00000212d0a4b15c sp=0x00000052dfdfc2b0
Event: 0.564 Thread 0x00000212c15d5e10 DEOPT UNPACKING pc=0x00000212c8e85c23 sp=0x00000052dfdfc178 mode 2
Event: 0.565 Thread 0x00000212c15d5e10 Uncommon trap: trap_request=0xffffffde fr.pc=0x00000212d0a4b15c relative=0x000000000000037c
Event: 0.565 Thread 0x00000212c15d5e10 Uncommon trap: reason=class_check action=maybe_recompile pc=0x00000212d0a4b15c method=java.util.regex.Pattern$Start.match(Ljava/util/regex/Matcher;ILjava/lang/CharSequence;)Z @ 44 c2
Event: 0.565 Thread 0x00000212c15d5e10 DEOPT PACKING pc=0x00000212d0a4b15c sp=0x00000052dfdfc2b0
Event: 0.565 Thread 0x00000212c15d5e10 DEOPT UNPACKING pc=0x00000212c8e85c23 sp=0x00000052dfdfc178 mode 2
Event: 0.566 Thread 0x00000212c15d5e10 Uncommon trap: trap_request=0xffffffde fr.pc=0x00000212d0a4b15c relative=0x000000000000037c
Event: 0.566 Thread 0x00000212c15d5e10 Uncommon trap: reason=class_check action=maybe_recompile pc=0x00000212d0a4b15c method=java.util.regex.Pattern$Start.match(Ljava/util/regex/Matcher;ILjava/lang/CharSequence;)Z @ 44 c2
Event: 0.566 Thread 0x00000212c15d5e10 DEOPT PACKING pc=0x00000212d0a4b15c sp=0x00000052dfdfc2b0
Event: 0.566 Thread 0x00000212c15d5e10 DEOPT UNPACKING pc=0x00000212c8e85c23 sp=0x00000052dfdfc178 mode 2
Event: 0.567 Thread 0x00000212c15d5e10 Uncommon trap: trap_request=0xffffffde fr.pc=0x00000212d0a4b15c relative=0x000000000000037c
Event: 0.567 Thread 0x00000212c15d5e10 Uncommon trap: reason=class_check action=maybe_recompile pc=0x00000212d0a4b15c method=java.util.regex.Pattern$Start.match(Ljava/util/regex/Matcher;ILjava/lang/CharSequence;)Z @ 44 c2
Event: 0.567 Thread 0x00000212c15d5e10 DEOPT PACKING pc=0x00000212d0a4b15c sp=0x00000052dfdfc2b0
Event: 0.567 Thread 0x00000212c15d5e10 DEOPT UNPACKING pc=0x00000212c8e85c23 sp=0x00000052dfdfc178 mode 2

Classes unloaded (0 events):
No events

Classes redefined (0 events):
No events

Internal exceptions (20 events):
Event: 0.264 Thread 0x00000212c15d5e10 Exception <a 'java/lang/NoSuchMethodError'{0x00000007138836f8}: 'int java.lang.invoke.DirectMethodHandle$Holder.invokeStaticInit(java.lang.Object, java.lang.Object, java.lang.Object, java.lang.Object)'> (0x00000007138836f8) 
thrown [t:\workspace\open\src\hotspot\share\interpreter\linkResolver.cpp, line 766]
Event: 0.265 Thread 0x00000212c15d5e10 Exception <a 'java/lang/IncompatibleClassChangeError'{0x000000071388cb40}: Found class java.lang.Object, but interface was expected> (0x000000071388cb40) 
thrown [t:\workspace\open\src\hotspot\share\interpreter\linkResolver.cpp, line 833]
Event: 0.265 Thread 0x00000212c15d5e10 Exception <a 'java/lang/NoSuchMethodError'{0x000000071388fcd0}: 'void java.lang.invoke.DirectMethodHandle$Holder.invokeStaticInit(java.lang.Object, java.lang.Object)'> (0x000000071388fcd0) 
thrown [t:\workspace\open\src\hotspot\share\interpreter\linkResolver.cpp, line 766]
Event: 0.267 Thread 0x00000212c15d5e10 Exception <a 'java/lang/NoSuchMethodError'{0x0000000713895b18}: 'int java.lang.invoke.DirectMethodHandle$Holder.invokeStaticInit(java.lang.Object, java.lang.Object)'> (0x0000000713895b18) 
thrown [t:\workspace\open\src\hotspot\share\interpreter\linkResolver.cpp, line 766]
Event: 0.318 Thread 0x00000212c15d5e10 Exception <a 'java/lang/NoSuchMethodError'{0x00000007134347c8}: 'java.lang.Object java.lang.invoke.Invokers$Holder.invokeExact_MT(java.lang.Object, java.lang.Object, java.lang.Object, java.lang.Object, java.lang.Object, java.lang.Object)'> (0x00000007134347c8) 
thrown [t:\workspace\open\src\hotspot\share\interpreter\linkResolver.cpp, line 766]
Event: 0.338 Thread 0x00000212c15d5e10 Exception <a 'java/lang/ClassNotFoundException'{0x000000071354df50}: groovy/lang/ExpandoMetaClassBeanInfo> (0x000000071354df50) 
thrown [t:\workspace\open\src\hotspot\share\classfile\systemDictionary.cpp, line 256]
Event: 0.338 Thread 0x00000212c15d5e10 Exception <a 'java/lang/ClassNotFoundException'{0x000000071355d310}: groovy/lang/MetaClassImplBeanInfo> (0x000000071355d310) 
thrown [t:\workspace\open\src\hotspot\share\classfile\systemDictionary.cpp, line 256]
Event: 0.338 Thread 0x00000212c15d5e10 Exception <a 'java/lang/ClassNotFoundException'{0x000000071355e018}: java/lang/ObjectBeanInfo> (0x000000071355e018) 
thrown [t:\workspace\open\src\hotspot\share\classfile\systemDictionary.cpp, line 256]
Event: 0.339 Thread 0x00000212c15d5e10 Exception <a 'java/lang/ClassNotFoundException'{0x000000071355f3c8}: java/lang/ObjectCustomizer> (0x000000071355f3c8) 
thrown [t:\workspace\open\src\hotspot\share\classfile\systemDictionary.cpp, line 256]
Event: 0.342 Thread 0x00000212c15d5e10 Exception <a 'java/lang/ClassNotFoundException'{0x0000000713578548}: groovy/lang/MetaClassImplCustomizer> (0x0000000713578548) 
thrown [t:\workspace\open\src\hotspot\share\classfile\systemDictionary.cpp, line 256]
Event: 0.344 Thread 0x00000212c15d5e10 Exception <a 'java/lang/ClassNotFoundException'{0x00000007135a6880}: groovy/lang/ExpandoMetaClassCustomizer> (0x00000007135a6880) 
thrown [t:\workspace\open\src\hotspot\share\classfile\systemDictionary.cpp, line 256]
Event: 0.350 Thread 0x00000212c15d5e10 Exception <a 'java/lang/NoSuchMethodError'{0x00000007135f6818}: 'void java.lang.invoke.DirectMethodHandle$Holder.invokeSpecial(java.lang.Object, java.lang.Object, java.lang.Object)'> (0x00000007135f6818) 
thrown [t:\workspace\open\src\hotspot\share\interpreter\linkResolver.cpp, line 766]
Event: 0.359 Thread 0x00000212c15d5e10 Exception <a 'java/lang/ClassNotFoundException'{0x00000007132939e0}: io/restassured/authentication/NoAuthSchemeBeanInfo> (0x00000007132939e0) 
thrown [t:\workspace\open\src\hotspot\share\classfile\systemDictionary.cpp, line 256]
Event: 0.359 Thread 0x00000212c15d5e10 Exception <a 'java/lang/ClassNotFoundException'{0x0000000713297108}: io/restassured/authentication/NoAuthSchemeCustomizer> (0x0000000713297108) 
thrown [t:\workspace\open\src\hotspot\share\classfile\systemDictionary.cpp, line 256]
Event: 0.372 Thread 0x00000212c15d5e10 Exception <a 'java/lang/NoSuchMethodError'{0x00000007133496f0}: 'int java.lang.invoke.DirectMethodHandle$Holder.invokeStatic(java.lang.Object, java.lang.Object, int)'> (0x00000007133496f0) 
thrown [t:\workspace\open\src\hotspot\share\interpreter\linkResolver.cpp, line 766]
Event: 0.396 Thread 0x00000212c15d5e10 Exception <a 'java/lang/NoClassDefFoundError'{0x00000007130bbf68}: org/apache/log4j/Priority> (0x00000007130bbf68) 
thrown [t:\workspace\open\src\hotspot\share\classfile\systemDictionary.cpp, line 245]
Event: 0.559 Thread 0x00000212c15d5e10 Exception <a 'java/lang/ClassNotFoundException'{0x00000007130f8b10}: org/apache/http/conn/ssl/X509HostnameVerifierBeanInfo> (0x00000007130f8b10) 
thrown [t:\workspace\open\src\hotspot\share\classfile\systemDictionary.cpp, line 256]
Event: 0.559 Thread 0x00000212c15d5e10 Exception <a 'java/lang/ClassNotFoundException'{0x00000007130fc260}: org/apache/http/conn/ssl/X509HostnameVerifierCustomizer> (0x00000007130fc260) 
thrown [t:\workspace\open\src\hotspot\share\classfile\systemDictionary.cpp, line 256]
Event: 0.562 Thread 0x00000212c15d5e10 Exception <a 'java/lang/ClassNotFoundException'{0x0000000713122070}: java/lang/ClassBeanInfo> (0x0000000713122070) 
thrown [t:\workspace\open\src\hotspot\share\classfile\systemDictionary.cpp, line 256]
Event: 0.562 Thread 0x00000212c15d5e10 Exception <a 'java/lang/ClassNotFoundException'{0x0000000713122d60}: java/lang/ClassCustomizer> (0x0000000713122d60) 
thrown [t:\workspace\open\src\hotspot\share\classfile\systemDictionary.cpp, line 256]

VM Operations (20 events):
Event: 0.177 Executing VM operation: HandshakeAllThreads
Event: 0.177 Executing VM operation: HandshakeAllThreads done
Event: 0.189 Executing VM operation: HandshakeAllThreads
Event: 0.189 Executing VM operation: HandshakeAllThreads done
Event: 0.266 Executing VM operation: ICBufferFull
Event: 0.267 Executing VM operation: ICBufferFull done
Event: 0.414 Executing VM operation: G1CollectForAllocation
Event: 0.417 Executing VM operation: G1CollectForAllocation done
Event: 0.434 Executing VM operation: HandshakeAllThreads
Event: 0.434 Executing VM operation: HandshakeAllThreads done
Event: 0.492 Executing VM operation: HandshakeAllThreads
Event: 0.492 Executing VM operation: HandshakeAllThreads done
Event: 0.492 Executing VM operation: HandshakeAllThreads
Event: 0.492 Executing VM operation: HandshakeAllThreads done
Event: 0.554 Executing VM operation: HandshakeAllThreads
Event: 0.554 Executing VM operation: HandshakeAllThreads done
Event: 0.556 Executing VM operation: HandshakeAllThreads
Event: 0.556 Executing VM operation: HandshakeAllThreads done
Event: 0.564 Executing VM operation: ICBufferFull
Event: 0.564 Executing VM operation: ICBufferFull done

Events (20 events):
Event: 0.562 loading class java/lang/ClassBeanInfo
Event: 0.562 loading class java/lang/ClassBeanInfo done
Event: 0.562 loading class java/lang/ClassCustomizer
Event: 0.562 loading class java/lang/ClassCustomizer done
Event: 0.562 loading class java/lang/ClassCustomizer
Event: 0.562 loading class java/lang/ClassCustomizer done
Event: 0.563 loading class sun/reflect/generics/tree/BooleanSignature
Event: 0.563 loading class sun/reflect/generics/tree/BooleanSignature done
Event: 0.564 loading class sun/reflect/generics/tree/ArrayTypeSignature
Event: 0.564 loading class sun/reflect/generics/tree/ArrayTypeSignature done
Event: 0.564 loading class sun/reflect/generics/reflectiveObjects/GenericArrayTypeImpl
Event: 0.564 loading class sun/reflect/generics/reflectiveObjects/GenericArrayTypeImpl done
Event: 0.564 loading class java/util/regex/Pattern$BnM
Event: 0.564 loading class java/util/regex/Pattern$BnM done
Event: 0.570 loading class jdk/internal/vm/annotation/ForceInline
Event: 0.570 loading class jdk/internal/vm/annotation/ForceInline done
Event: 0.579 loading class sun/reflect/MagicAccessorImpl
Event: 0.579 loading class sun/reflect/MagicAccessorImpl done
Event: 0.580 loading class java/lang/TypeNotPresentException
Event: 0.580 loading class java/lang/TypeNotPresentException done


Dynamic libraries:
0x00007ff6fd9c0000 - 0x00007ff6fd9d0000 	C:\Program Files\Java\jdk-17.0.2\bin\java.exe
0x00007ff885290000 - 0x00007ff885485000 	C:\Windows\SYSTEM32\ntdll.dll
0x00007ff8837c0000 - 0x00007ff88387e000 	C:\Windows\System32\KERNEL32.DLL
0x00007ff882fa0000 - 0x00007ff883268000 	C:\Windows\System32\KERNELBASE.dll
0x00007ff882ea0000 - 0x00007ff882fa0000 	C:\Windows\System32\ucrtbase.dll
0x00007ff879930000 - 0x00007ff87994a000 	C:\Program Files\Java\jdk-17.0.2\bin\VCRUNTIME140.dll
0x00007ff878920000 - 0x00007ff878938000 	C:\Program Files\Java\jdk-17.0.2\bin\jli.dll
0x00007ff883b90000 - 0x00007ff883c3e000 	C:\Windows\System32\ADVAPI32.dll
0x00007ff884c50000 - 0x00007ff884cee000 	C:\Windows\System32\msvcrt.dll
0x00007ff8843f0000 - 0x00007ff88448c000 	C:\Windows\System32\sechost.dll
0x00007ff883880000 - 0x00007ff8839a5000 	C:\Windows\System32\RPCRT4.dll
0x00007ff884500000 - 0x00007ff8846a0000 	C:\Windows\System32\USER32.dll
0x00007ff882e20000 - 0x00007ff882e42000 	C:\Windows\System32\win32u.dll
0x00007ff861de0000 - 0x00007ff86207a000 	C:\Windows\WinSxS\amd64_microsoft.windows.common-controls_6595b64144ccf1df_6.0.19041.1110_none_60b5254171f9507e\COMCTL32.dll
0x00007ff883a80000 - 0x00007ff883aab000 	C:\Windows\System32\GDI32.dll
0x00007ff882b10000 - 0x00007ff882c1d000 	C:\Windows\System32\gdi32full.dll
0x00007ff882d80000 - 0x00007ff882e1d000 	C:\Windows\System32\msvcp_win.dll
0x00007ff879720000 - 0x00007ff87972a000 	C:\Windows\SYSTEM32\VERSION.dll
0x00007ff883550000 - 0x00007ff883580000 	C:\Windows\System32\IMM32.DLL
0x00007ff87a1c0000 - 0x00007ff87a1cc000 	C:\Program Files\Java\jdk-17.0.2\bin\vcruntime140_1.dll
0x00007ff856230000 - 0x00007ff8562bd000 	C:\Program Files\Java\jdk-17.0.2\bin\msvcp140.dll
0x00007ff83ce90000 - 0x00007ff83da51000 	C:\Program Files\Java\jdk-17.0.2\bin\server\jvm.dll
0x00007ff885240000 - 0x00007ff885248000 	C:\Windows\System32\PSAPI.DLL
0x00007ff87d510000 - 0x00007ff87d519000 	C:\Windows\SYSTEM32\WSOCK32.dll
0x00007ff86b960000 - 0x00007ff86b987000 	C:\Windows\SYSTEM32\WINMM.dll
0x00007ff884490000 - 0x00007ff8844fb000 	C:\Windows\System32\WS2_32.dll
0x00007ff881220000 - 0x00007ff881232000 	C:\Windows\SYSTEM32\kernel.appcore.dll
0x00007ff879f80000 - 0x00007ff879f8a000 	C:\Program Files\Java\jdk-17.0.2\bin\jimage.dll
0x00007ff8807a0000 - 0x00007ff880984000 	C:\Windows\SYSTEM32\DBGHELP.DLL
0x00007ff867030000 - 0x00007ff86705c000 	C:\Windows\SYSTEM32\dbgcore.DLL
0x00007ff882a80000 - 0x00007ff882b02000 	C:\Windows\System32\bcryptPrimitives.dll
0x00007ff879920000 - 0x00007ff87992e000 	C:\Program Files\Java\jdk-17.0.2\bin\instrument.dll
0x00007ff878820000 - 0x00007ff878845000 	C:\Program Files\Java\jdk-17.0.2\bin\java.dll
0x00007ff856150000 - 0x00007ff856226000 	C:\Program Files\Java\jdk-17.0.2\bin\jsvml.dll
0x00007ff883ca0000 - 0x00007ff8843e4000 	C:\Windows\System32\SHELL32.dll
0x00007ff880990000 - 0x00007ff881124000 	C:\Windows\SYSTEM32\windows.storage.dll
0x00007ff884ee0000 - 0x00007ff885235000 	C:\Windows\System32\combase.dll
0x00007ff8823f0000 - 0x00007ff88241e000 	C:\Windows\SYSTEM32\Wldp.dll
0x00007ff883580000 - 0x00007ff88362d000 	C:\Windows\System32\SHCORE.dll
0x00007ff8832e0000 - 0x00007ff883335000 	C:\Windows\System32\shlwapi.dll
0x00007ff8828e0000 - 0x00007ff8828ff000 	C:\Windows\SYSTEM32\profapi.dll
0x00007ff8787e0000 - 0x00007ff8787f8000 	C:\Program Files\Java\jdk-17.0.2\bin\zip.dll
0x00007ff8788d0000 - 0x00007ff8788e9000 	C:\Program Files\Java\jdk-17.0.2\bin\net.dll
0x00007ff86e260000 - 0x00007ff86e36c000 	C:\Windows\SYSTEM32\WINHTTP.dll
0x00007ff8820e0000 - 0x00007ff88214a000 	C:\Windows\system32\mswsock.dll
0x00007ff878800000 - 0x00007ff878816000 	C:\Program Files\Java\jdk-17.0.2\bin\nio.dll
0x00007ff878550000 - 0x00007ff87856a000 	C:\Program Files\JetBrains\IntelliJ IDEA Community Edition 2021.3.2\bin\breakgen64.dll
0x00007ff8788a0000 - 0x00007ff8788b0000 	C:\Program Files\Java\jdk-17.0.2\bin\verify.dll

dbghelp: loaded successfully - version: 4.0.5 - missing functions: none
symbol engine: initialized successfully - sym options: 0x614 - pdb path: .;C:\Program Files\Java\jdk-17.0.2\bin;C:\Windows\SYSTEM32;C:\Windows\WinSxS\amd64_microsoft.windows.common-controls_6595b64144ccf1df_6.0.19041.1110_none_60b5254171f9507e;C:\Program Files\Java\jdk-17.0.2\bin\server;C:\Program Files\JetBrains\IntelliJ IDEA Community Edition 2021.3.2\bin

VM Arguments:
jvm_args: -ea -Didea.test.cyclic.buffer.size=1048576 -javaagent:C:\Program Files\JetBrains\IntelliJ IDEA Community Edition 2021.3.2\lib\idea_rt.jar=58392:C:\Program Files\JetBrains\IntelliJ IDEA Community Edition 2021.3.2\bin -Dfile.encoding=UTF-8 
java_command: com.intellij.rt.junit.JUnitStarter -ideVersion5 -junit4 get_http_request.day09.GetRequest22,test22
java_class_path (initial): C:\Program Files\JetBrains\IntelliJ IDEA Community Edition 2021.3.2\lib\idea_rt.jar;C:\Program Files\JetBrains\IntelliJ IDEA Community Edition 2021.3.2\plugins\junit\lib\junit5-rt.jar;C:\Program Files\JetBrains\IntelliJ IDEA Community Edition 2021.3.2\plugins\junit\lib\junit-rt.jar;C:\Users\ainag\IdeaProjects\Batch44Api\target\test-classes;C:\Users\ainag\IdeaProjects\Batch44Api\target\classes;C:\Users\ainag\.m2\repository\junit\junit\4.13.2\junit-4.13.2.jar;C:\Users\ainag\.m2\repository\org\hamcrest\hamcrest-core\1.3\hamcrest-core-1.3.jar;C:\Users\ainag\.m2\repository\org\json\json\20211205\json-20211205.jar;C:\Users\ainag\.m2\repository\io\rest-assured\rest-assured\4.5.1\rest-assured-4.5.1.jar;C:\Users\ainag\.m2\repository\org\codehaus\groovy\groovy\3.0.9\groovy-3.0.9.jar;C:\Users\ainag\.m2\repository\org\codehaus\groovy\groovy-xml\3.0.9\groovy-xml-3.0.9.jar;C:\Users\ainag\.m2\repository\org\apache\httpcomponents\httpclient\4.5.13\httpclient-4.5.13.jar;C:\Users\ainag\.m2\repository\org\apache\httpcomponents\httpcore\4.4.13\httpcore-4.4.13.jar;C:\Users\ainag\.m2\repository\commons-logging\commons-logging\1.2\commons-logging-1.2.jar;C:\Users\ainag\.m2\repository\commons-codec\commons-codec\1.11\commons-codec-1.11.jar;C:\Users\ainag\.m2\repository\org\apache\httpcomponents\httpmime\4.5.13\httpmime-4.5.13.jar;C:\Users\ainag\.m2\repository\org\hamcrest\hamcrest\2.1\hamcrest-2.1.jar;C:\Users\ainag\.m2\repository\org\ccil\cowan\tagsoup\tagsoup\1.2.1\tagsoup-1.2.1.jar;C:\Users\ainag\.m2\repository\io\rest-assured\json-path\4.5.1\json-path-4.5.1.jar;C:\Users\ainag\.m2\repository\org\codehaus\groovy\groovy-json\3.0.9\groovy-json-3.0.9.jar;C:\Users\ainag\.m2\repository\io\rest-assured\rest-assured-common\4.5.1\rest-assured-common-4.5.1.jar;C:\Users\ainag\.m2\repository\io\rest-assured\xml-path\4.5.1\xml-path-4.5.1.jar;C:\Users\ainag\.m2\repository\org\apache\commons\commons-lang3\3.11\commons-lang3-3.11.jar;C:\Users\ainag\.m2\repository\com\faster
Launcher Type: SUN_STANDARD

[Global flags]
     intx CICompilerCount                          = 12                                        {product} {ergonomic}
     uint ConcGCThreads                            = 3                                         {product} {ergonomic}
     uint G1ConcRefinementThreads                  = 13                                        {product} {ergonomic}
   size_t G1HeapRegionSize                         = 2097152                                   {product} {ergonomic}
    uintx GCDrainStackTargetSize                   = 64                                        {product} {ergonomic}
   size_t InitialHeapSize                          = 264241152                                 {product} {ergonomic}
   size_t MarkStackSize                            = 4194304                                   {product} {ergonomic}
   size_t MaxHeapSize                              = 4217372672                                {product} {ergonomic}
   size_t MaxNewSize                               = 2529165312                                {product} {ergonomic}
   size_t MinHeapDeltaBytes                        = 2097152                                   {product} {ergonomic}
   size_t MinHeapSize                              = 8388608                                   {product} {ergonomic}
    uintx NonNMethodCodeHeapSize                   = 7602480                                {pd product} {ergonomic}
    uintx NonProfiledCodeHeapSize                  = 122027880                              {pd product} {ergonomic}
    uintx ProfiledCodeHeapSize                     = 122027880                              {pd product} {ergonomic}
    uintx ReservedCodeCacheSize                    = 251658240                              {pd product} {ergonomic}
     bool SegmentedCodeCache                       = true                                      {product} {ergonomic}
   size_t SoftMaxHeapSize                          = 4217372672                             {manageable} {ergonomic}
     bool UseCompressedClassPointers               = true                           {product lp64_product} {ergonomic}
     bool UseCompressedOops                        = true                           {product lp64_product} {ergonomic}
     bool UseG1GC                                  = true                                      {product} {ergonomic}
     bool UseLargePagesIndividualAllocation        = false                                  {pd product} {ergonomic}

Logging:
Log output configuration:
 #0: stdout all=warning uptime,level,tags
 #1: stderr all=off uptime,level,tags

Environment Variables:
JAVA_HOME=C:\Program Files\Java\jdk-17.0.2
PATH=C:\Program Files\Common Files\Oracle\Java\javapath;C:\Windows\system32;C:\Windows;C:\Windows\System32\Wbem;C:\Windows\System32\WindowsPowerShell\v1.0\;C:\Windows\System32\OpenSSH\;C:\Program Files (x86)\NVIDIA Corporation\PhysX\Common;C:\Program Files\NVIDIA Corporation\NVIDIA NvDLISR;C:\Program Files\Git\cmd;C:\Users\ainag\AppData\Local\Microsoft\WindowsApps;C:\Program Files\Java\jdk-17.0.2\bin;C:\Users\ainag\AppData\Local\GitHubDesktop\bin;C:\Users\ainag\AppData\Local\Programs\Microsoft VS Code\bin
USERNAME=ainag
OS=Windows_NT
PROCESSOR_IDENTIFIER=Intel64 Family 6 Model 141 Stepping 1, GenuineIntel



---------------  S Y S T E M  ---------------

OS:
 Windows 10 , 64 bit Build 19041 (10.0.19041.1503)
OS uptime: 0 days 7:01 hours

CPU: total 16 (initial active 16) (8 cores per cpu, 2 threads per core) family 6 model 141 stepping 1 microcode 0x26, cx8, cmov, fxsr, ht, mmx, 3dnowpref, sse, sse2, sse3, ssse3, sse4.1, sse4.2, popcnt, lzcnt, tsc, tscinvbit, avx, avx2, aes, erms, clmul, bmi1, bmi2, adx, avx512f, avx512dq, avx512cd, avx512bw, avx512vl, sha, fma, vzeroupper, avx512_vpopcntdq, avx512_vpclmulqdq, avx512_vaes, avx512_vnni, clflush, clflushopt, clwb, avx512_vbmi2, avx512_vbmi

Memory: 4k page, system-wide physical 16085M (8682M free)
TotalPageFile size 46444M (AvailPageFile size 5M)
current process WorkingSet (physical memory assigned to process): 101M, peak: 101M
current process commit charge ("private bytes"): 386M, peak: 387M

vm_info: Java HotSpot(TM) 64-Bit Server VM (17.0.2+8-LTS-86) for windows-amd64 JRE (17.0.2+8-LTS-86), built on Dec  7 2021 21:51:03 by "mach5one" with MS VC++ 16.8 / 16.9 (VS2019)

END.
