#
# There is insufficient memory for the Java Runtime Environment to continue.
# Native memory allocation (mmap) failed to map 264241152 bytes for G1 virtual space
# Possible reasons:
#   The system is out of physical RAM or swap space
#   The process is running with CompressedOops enabled, and the Java Heap may be blocking the growth of the native heap
# Possible solutions:
#   Reduce memory load on the system
#   Increase physical memory or swap space
#   Check if swap backing store is full
#   Decrease Java heap size (-Xmx/-Xms)
#   Decrease number of Java threads
#   Decrease Java thread stack sizes (-Xss)
#   Set larger code cache with -XX:ReservedCodeCacheSize=
#   JVM is running with Zero Based Compressed Oops mode in which the Java heap is
#     placed in the first 32GB address space. The Java Heap base address is the
#     maximum limit for the native heap growth. Please use -XX:HeapBaseMinAddress
#     to set the Java Heap base and to place the Java Heap above 32GB virtual address.
# This output file may be truncated or incomplete.
#
#  Out of Memory Error (os_windows.cpp:3532), pid=324, tid=4084
#
# JRE version:  (17.0.2+8) (build )
# Java VM: Java HotSpot(TM) 64-Bit Server VM (17.0.2+8-LTS-86, mixed mode, sharing, tiered, compressed oops, compressed class ptrs, g1 gc, windows-amd64)
# No core dump will be written. Minidumps are not enabled by default on client versions of Windows
#

---------------  S U M M A R Y ------------

Command Line: -ea -Didea.test.cyclic.buffer.size=1048576 -javaagent:C:\Program Files\JetBrains\IntelliJ IDEA Community Edition 2021.3.2\lib\idea_rt.jar=58740:C:\Program Files\JetBrains\IntelliJ IDEA Community Edition 2021.3.2\bin -Dfile.encoding=UTF-8 com.intellij.rt.junit.JUnitStarter -ideVersion5 -junit4 get_http_request.day09.GetRequest21TestData,test21

Host: 11th Gen Intel(R) Core(TM) i7-11800H @ 2.30GHz, 16 cores, 15G,  Windows 10 , 64 bit Build 19041 (10.0.19041.1503)
Time: Tue Mar  8 20:08:26 2022 Romance Standard Time elapsed time: 0.010370 seconds (0d 0h 0m 0s)

---------------  T H R E A D  ---------------

Current thread (0x000001f0fa3ff650):  JavaThread "Unknown thread" [_thread_in_vm, id=4084, stack(0x0000006815500000,0x0000006815600000)]

Stack: [0x0000006815500000,0x0000006815600000]
Native frames: (J=compiled Java code, j=interpreted, Vv=VM code, C=native code)
V  [jvm.dll+0x670baa]
V  [jvm.dll+0x7cfcb4]
V  [jvm.dll+0x7d145e]
V  [jvm.dll+0x7d1ac3]
V  [jvm.dll+0x242bc5]
V  [jvm.dll+0x66dac9]
V  [jvm.dll+0x662412]
V  [jvm.dll+0x300c0b]
V  [jvm.dll+0x3081a6]
V  [jvm.dll+0x357d0e]
V  [jvm.dll+0x357f3f]
V  [jvm.dll+0x2d7ec8]
V  [jvm.dll+0x2d8e34]
V  [jvm.dll+0x7a18c1]
V  [jvm.dll+0x365a91]
V  [jvm.dll+0x780d2c]
V  [jvm.dll+0x3e845f]
V  [jvm.dll+0x3e9f01]
C  [jli.dll+0x527b]
C  [ucrtbase.dll+0x21bb2]
C  [KERNEL32.DLL+0x17034]
C  [ntdll.dll+0x52651]


---------------  P R O C E S S  ---------------

Threads class SMR info:
_java_thread_list=0x00007ff83d929858, length=0, elements={
}

Java Threads: ( => current thread )

Other Threads:
  0x000001f0fa44f630 GCTaskThread "GC Thread#0" [stack: 0x0000006815600000,0x0000006815700000] [id=7984]
  0x000001f0fa4610d0 ConcurrentGCThread "G1 Main Marker" [stack: 0x0000006815700000,0x0000006815800000] [id=10064]
  0x000001f0fa463290 ConcurrentGCThread "G1 Conc#0" [stack: 0x0000006815800000,0x0000006815900000] [id=18196]

[error occurred during error reporting (printing all threads), id 0xc0000005, EXCEPTION_ACCESS_VIOLATION (0xc0000005) at pc=0x00007ff83d1788a7]

VM state: not at safepoint (not fully initialized)

VM Mutex/Monitor currently owned by a thread:  ([mutex/lock_event])
[0x000001f0fa3fc8d0] Heap_lock - owner thread: 0x000001f0fa3ff650

Heap address: 0x0000000704a00000, size: 4022 MB, Compressed Oops mode: Zero based, Oop shift amount: 3

CDS archive(s) mapped at: [0x0000000000000000-0x0000000000000000-0x0000000000000000), size 0, SharedBaseAddress: 0x0000000800000000, ArchiveRelocationMode: 0.
Narrow klass base: 0x0000000000000000, Narrow klass shift: 0, Narrow klass range: 0x0

GC Precious Log:
<Empty>

Heap:
 garbage-first heap   total 0K, used 0K [0x0000000704a00000, 0x0000000800000000)
  region size 2048K, 0 young (0K), 0 survivors (0K)

[error occurred during error reporting (printing heap information), id 0xc0000005, EXCEPTION_ACCESS_VIOLATION (0xc0000005) at pc=0x00007ff83d559f19]

GC Heap History (0 events):
No events

Deoptimization events (0 events):
No events

Classes unloaded (0 events):
No events

Classes redefined (0 events):
No events

Internal exceptions (0 events):
No events

VM Operations (0 events):
No events

Events (1 events):
Event: 0.007 Loaded shared library C:\Program Files\Java\jdk-17.0.2\bin\java.dll


Dynamic libraries:
0x00007ff6fd9c0000 - 0x00007ff6fd9d0000 	C:\Program Files\Java\jdk-17.0.2\bin\java.exe
0x00007ff885290000 - 0x00007ff885485000 	C:\Windows\SYSTEM32\ntdll.dll
0x00007ff8837c0000 - 0x00007ff88387e000 	C:\Windows\System32\KERNEL32.DLL
0x00007ff882fa0000 - 0x00007ff883268000 	C:\Windows\System32\KERNELBASE.dll
0x00007ff882ea0000 - 0x00007ff882fa0000 	C:\Windows\System32\ucrtbase.dll
0x00007ff878920000 - 0x00007ff878938000 	C:\Program Files\Java\jdk-17.0.2\bin\jli.dll
0x00007ff883b90000 - 0x00007ff883c3e000 	C:\Windows\System32\ADVAPI32.dll
0x00007ff884c50000 - 0x00007ff884cee000 	C:\Windows\System32\msvcrt.dll
0x00007ff8788d0000 - 0x00007ff8788ea000 	C:\Program Files\Java\jdk-17.0.2\bin\VCRUNTIME140.dll
0x00007ff8843f0000 - 0x00007ff88448c000 	C:\Windows\System32\sechost.dll
0x00007ff883880000 - 0x00007ff8839a5000 	C:\Windows\System32\RPCRT4.dll
0x00007ff884500000 - 0x00007ff8846a0000 	C:\Windows\System32\USER32.dll
0x00007ff882e20000 - 0x00007ff882e42000 	C:\Windows\System32\win32u.dll
0x00007ff861de0000 - 0x00007ff86207a000 	C:\Windows\WinSxS\amd64_microsoft.windows.common-controls_6595b64144ccf1df_6.0.19041.1110_none_60b5254171f9507e\COMCTL32.dll
0x00007ff883a80000 - 0x00007ff883aab000 	C:\Windows\System32\GDI32.dll
0x00007ff882b10000 - 0x00007ff882c1d000 	C:\Windows\System32\gdi32full.dll
0x00007ff882d80000 - 0x00007ff882e1d000 	C:\Windows\System32\msvcp_win.dll
0x00007ff879720000 - 0x00007ff87972a000 	C:\Windows\SYSTEM32\VERSION.dll
0x00007ff883550000 - 0x00007ff883580000 	C:\Windows\System32\IMM32.DLL
0x00007ff879f80000 - 0x00007ff879f8c000 	C:\Program Files\Java\jdk-17.0.2\bin\vcruntime140_1.dll
0x00007ff84a0f0000 - 0x00007ff84a17d000 	C:\Program Files\Java\jdk-17.0.2\bin\msvcp140.dll
0x00007ff83ce90000 - 0x00007ff83da51000 	C:\Program Files\Java\jdk-17.0.2\bin\server\jvm.dll
0x00007ff885240000 - 0x00007ff885248000 	C:\Windows\System32\PSAPI.DLL
0x00007ff87d510000 - 0x00007ff87d519000 	C:\Windows\SYSTEM32\WSOCK32.dll
0x00007ff86b960000 - 0x00007ff86b987000 	C:\Windows\SYSTEM32\WINMM.dll
0x00007ff884490000 - 0x00007ff8844fb000 	C:\Windows\System32\WS2_32.dll
0x00007ff881220000 - 0x00007ff881232000 	C:\Windows\SYSTEM32\kernel.appcore.dll
0x00007ff879920000 - 0x00007ff87992a000 	C:\Program Files\Java\jdk-17.0.2\bin\jimage.dll
0x00007ff8807a0000 - 0x00007ff880984000 	C:\Windows\SYSTEM32\DBGHELP.DLL
0x00007ff867030000 - 0x00007ff86705c000 	C:\Windows\SYSTEM32\dbgcore.DLL
0x00007ff882a80000 - 0x00007ff882b02000 	C:\Windows\System32\bcryptPrimitives.dll
0x00007ff86d960000 - 0x00007ff86d96e000 	C:\Program Files\Java\jdk-17.0.2\bin\instrument.dll
0x00007ff8717a0000 - 0x00007ff8717c5000 	C:\Program Files\Java\jdk-17.0.2\bin\java.dll

dbghelp: loaded successfully - version: 4.0.5 - missing functions: none
symbol engine: initialized successfully - sym options: 0x614 - pdb path: .;C:\Program Files\Java\jdk-17.0.2\bin;C:\Windows\SYSTEM32;C:\Windows\WinSxS\amd64_microsoft.windows.common-controls_6595b64144ccf1df_6.0.19041.1110_none_60b5254171f9507e;C:\Program Files\Java\jdk-17.0.2\bin\server

VM Arguments:
jvm_args: -ea -Didea.test.cyclic.buffer.size=1048576 -javaagent:C:\Program Files\JetBrains\IntelliJ IDEA Community Edition 2021.3.2\lib\idea_rt.jar=58740:C:\Program Files\JetBrains\IntelliJ IDEA Community Edition 2021.3.2\bin -Dfile.encoding=UTF-8 
java_command: com.intellij.rt.junit.JUnitStarter -ideVersion5 -junit4 get_http_request.day09.GetRequest21TestData,test21
java_class_path (initial): C:\Program Files\JetBrains\IntelliJ IDEA Community Edition 2021.3.2\lib\idea_rt.jar;C:\Program Files\JetBrains\IntelliJ IDEA Community Edition 2021.3.2\plugins\junit\lib\junit5-rt.jar;C:\Program Files\JetBrains\IntelliJ IDEA Community Edition 2021.3.2\plugins\junit\lib\junit-rt.jar;C:\Users\ainag\IdeaProjects\Batch44Api\target\test-classes;C:\Users\ainag\IdeaProjects\Batch44Api\target\classes;C:\Users\ainag\.m2\repository\junit\junit\4.13.2\junit-4.13.2.jar;C:\Users\ainag\.m2\repository\org\hamcrest\hamcrest-core\1.3\hamcrest-core-1.3.jar;C:\Users\ainag\.m2\repository\org\json\json\20211205\json-20211205.jar;C:\Users\ainag\.m2\repository\io\rest-assured\rest-assured\4.5.1\rest-assured-4.5.1.jar;C:\Users\ainag\.m2\repository\org\codehaus\groovy\groovy\3.0.9\groovy-3.0.9.jar;C:\Users\ainag\.m2\repository\org\codehaus\groovy\groovy-xml\3.0.9\groovy-xml-3.0.9.jar;C:\Users\ainag\.m2\repository\org\apache\httpcomponents\httpclient\4.5.13\httpclient-4.5.13.jar;C:\Users\ainag\.m2\repository\org\apache\httpcomponents\httpcore\4.4.13\httpcore-4.4.13.jar;C:\Users\ainag\.m2\repository\commons-logging\commons-logging\1.2\commons-logging-1.2.jar;C:\Users\ainag\.m2\repository\commons-codec\commons-codec\1.11\commons-codec-1.11.jar;C:\Users\ainag\.m2\repository\org\apache\httpcomponents\httpmime\4.5.13\httpmime-4.5.13.jar;C:\Users\ainag\.m2\repository\org\hamcrest\hamcrest\2.1\hamcrest-2.1.jar;C:\Users\ainag\.m2\repository\org\ccil\cowan\tagsoup\tagsoup\1.2.1\tagsoup-1.2.1.jar;C:\Users\ainag\.m2\repository\io\rest-assured\json-path\4.5.1\json-path-4.5.1.jar;C:\Users\ainag\.m2\repository\org\codehaus\groovy\groovy-json\3.0.9\groovy-json-3.0.9.jar;C:\Users\ainag\.m2\repository\io\rest-assured\rest-assured-common\4.5.1\rest-assured-common-4.5.1.jar;C:\Users\ainag\.m2\repository\io\rest-assured\xml-path\4.5.1\xml-path-4.5.1.jar;C:\Users\ainag\.m2\repository\org\apache\commons\commons-lang3\3.11\commons-lang3-3.11.jar;C:\Users\ainag\.m2\repository\com\faster
Launcher Type: SUN_STANDARD

[Global flags]
     intx CICompilerCount                          = 12                                        {product} {ergonomic}
     uint ConcGCThreads                            = 3                                         {product} {ergonomic}
     uint G1ConcRefinementThreads                  = 13                                        {product} {ergonomic}
   size_t G1HeapRegionSize                         = 2097152                                   {product} {ergonomic}
    uintx GCDrainStackTargetSize                   = 64                                        {product} {ergonomic}
   size_t InitialHeapSize                          = 264241152                                 {product} {ergonomic}
   size_t MarkStackSize                            = 4194304                                   {product} {ergonomic}
   size_t MaxHeapSize                              = 4217372672                                {product} {ergonomic}
   size_t MinHeapDeltaBytes                        = 2097152                                   {product} {ergonomic}
   size_t MinHeapSize                              = 8388608                                   {product} {ergonomic}
    uintx NonNMethodCodeHeapSize                   = 7602480                                {pd product} {ergonomic}
    uintx NonProfiledCodeHeapSize                  = 122027880                              {pd product} {ergonomic}
    uintx ProfiledCodeHeapSize                     = 122027880                              {pd product} {ergonomic}
    uintx ReservedCodeCacheSize                    = 251658240                              {pd product} {ergonomic}
     bool SegmentedCodeCache                       = true                                      {product} {ergonomic}
   size_t SoftMaxHeapSize                          = 4217372672                             {manageable} {ergonomic}
     bool UseCompressedClassPointers               = true                           {product lp64_product} {ergonomic}
     bool UseCompressedOops                        = true                           {product lp64_product} {ergonomic}
     bool UseG1GC                                  = true                                      {product} {ergonomic}
     bool UseLargePagesIndividualAllocation        = false                                  {pd product} {ergonomic}

Logging:
Log output configuration:
 #0: stdout all=warning uptime,level,tags
 #1: stderr all=off uptime,level,tags

Environment Variables:
JAVA_HOME=C:\Program Files\Java\jdk-17.0.2
PATH=C:\Program Files\Common Files\Oracle\Java\javapath;C:\Windows\system32;C:\Windows;C:\Windows\System32\Wbem;C:\Windows\System32\WindowsPowerShell\v1.0\;C:\Windows\System32\OpenSSH\;C:\Program Files (x86)\NVIDIA Corporation\PhysX\Common;C:\Program Files\NVIDIA Corporation\NVIDIA NvDLISR;C:\Program Files\Git\cmd;C:\Users\ainag\AppData\Local\Microsoft\WindowsApps;C:\Program Files\Java\jdk-17.0.2\bin;C:\Users\ainag\AppData\Local\GitHubDesktop\bin;C:\Users\ainag\AppData\Local\Programs\Microsoft VS Code\bin
USERNAME=ainag
OS=Windows_NT
PROCESSOR_IDENTIFIER=Intel64 Family 6 Model 141 Stepping 1, GenuineIntel



---------------  S Y S T E M  ---------------

OS:
 Windows 10 , 64 bit Build 19041 (10.0.19041.1503)
OS uptime: 0 days 5:51 hours

CPU: total 16 (initial active 16) (8 cores per cpu, 2 threads per core) family 6 model 141 stepping 1 microcode 0x26, cx8, cmov, fxsr, ht, mmx, 3dnowpref, sse, sse2, sse3, ssse3, sse4.1, sse4.2, popcnt, lzcnt, tsc, tscinvbit, avx, avx2, aes, erms, clmul, bmi1, bmi2, adx, avx512f, avx512dq, avx512cd, avx512bw, avx512vl, sha, fma, vzeroupper, avx512_vpopcntdq, avx512_vpclmulqdq, avx512_vaes, avx512_vnni, clflush, clflushopt, clwb, avx512_vbmi2, avx512_vbmi

Memory: 4k page, system-wide physical 16085M (7985M free)
TotalPageFile size 46444M (AvailPageFile size 113M)
current process WorkingSet (physical memory assigned to process): 10M, peak: 10M
current process commit charge ("private bytes"): 70M, peak: 322M

vm_info: Java HotSpot(TM) 64-Bit Server VM (17.0.2+8-LTS-86) for windows-amd64 JRE (17.0.2+8-LTS-86), built on Dec  7 2021 21:51:03 by "mach5one" with MS VC++ 16.8 / 16.9 (VS2019)

END.
