#
# There is insufficient memory for the Java Runtime Environment to continue.
# Native memory allocation (mmap) failed to map 65536 bytes for Failed to commit metaspace.
# Possible reasons:
#   The system is out of physical RAM or swap space
#   The process is running with CompressedOops enabled, and the Java Heap may be blocking the growth of the native heap
# Possible solutions:
#   Reduce memory load on the system
#   Increase physical memory or swap space
#   Check if swap backing store is full
#   Decrease Java heap size (-Xmx/-Xms)
#   Decrease number of Java threads
#   Decrease Java thread stack sizes (-Xss)
#   Set larger code cache with -XX:ReservedCodeCacheSize=
#   JVM is running with Zero Based Compressed Oops mode in which the Java heap is
#     placed in the first 32GB address space. The Java Heap base address is the
#     maximum limit for the native heap growth. Please use -XX:HeapBaseMinAddress
#     to set the Java Heap base and to place the Java Heap above 32GB virtual address.
# This output file may be truncated or incomplete.
#
#  Out of Memory Error (virtualSpaceNode.cpp:110), pid=17320, tid=12644
#
# JRE version: Java(TM) SE Runtime Environment (17.0.2+8) (build 17.0.2+8-LTS-86)
# Java VM: Java HotSpot(TM) 64-Bit Server VM (17.0.2+8-LTS-86, mixed mode, sharing, tiered, compressed oops, compressed class ptrs, g1 gc, windows-amd64)
# No core dump will be written. Minidumps are not enabled by default on client versions of Windows
#

---------------  S U M M A R Y ------------

Command Line: -ea -Didea.test.cyclic.buffer.size=1048576 -javaagent:C:\Program Files\JetBrains\IntelliJ IDEA Community Edition 2021.3.2\lib\idea_rt.jar=56531:C:\Program Files\JetBrains\IntelliJ IDEA Community Edition 2021.3.2\bin -Dfile.encoding=UTF-8 com.intellij.rt.junit.JUnitStarter -ideVersion5 -junit4 get_http_request.day09.GetRequest22,test22

Host: 11th Gen Intel(R) Core(TM) i7-11800H @ 2.30GHz, 16 cores, 15G,  Windows 10 , 64 bit Build 19041 (10.0.19041.1503)
Time: Tue Mar  8 22:05:12 2022 Romance Standard Time elapsed time: 0.154416 seconds (0d 0h 0m 0s)

---------------  T H R E A D  ---------------

Current thread (0x0000028c92370850):  JavaThread "main" [_thread_in_vm, id=12644, stack(0x0000009bf6700000,0x0000009bf6800000)]

Stack: [0x0000009bf6700000,0x0000009bf6800000]
Native frames: (J=compiled Java code, j=interpreted, Vv=VM code, C=native code)
V  [jvm.dll+0x670baa]
V  [jvm.dll+0x7cfcb4]
V  [jvm.dll+0x7d145e]
V  [jvm.dll+0x7d1ac3]
V  [jvm.dll+0x242bc5]
V  [jvm.dll+0x7cbc5b]
V  [jvm.dll+0x616966]
V  [jvm.dll+0x1be3ee]
V  [jvm.dll+0x6192a1]
V  [jvm.dll+0x617306]
V  [jvm.dll+0x23718f]
V  [jvm.dll+0x621015]
V  [jvm.dll+0x1e7e2b]
V  [jvm.dll+0x1e8365]
V  [jvm.dll+0x1e8d9f]
V  [jvm.dll+0x1de251]
V  [jvm.dll+0x537c30]
V  [jvm.dll+0x74ad28]
V  [jvm.dll+0x74ae14]
V  [jvm.dll+0x408cc5]
V  [jvm.dll+0x40ed18]
C  [java.dll+0x17ec]

Java frames: (J=compiled Java code, j=interpreted, Vv=VM code)
j  java.lang.ClassLoader.defineClass1(Ljava/lang/ClassLoader;Ljava/lang/String;[BIILjava/security/ProtectionDomain;Ljava/lang/String;)Ljava/lang/Class;+0 java.base@17.0.2
j  java.lang.ClassLoader.defineClass(Ljava/lang/String;[BIILjava/security/ProtectionDomain;)Ljava/lang/Class;+27 java.base@17.0.2
j  java.security.SecureClassLoader.defineClass(Ljava/lang/String;[BIILjava/security/CodeSource;)Ljava/lang/Class;+12 java.base@17.0.2
j  jdk.internal.loader.BuiltinClassLoader.defineClass(Ljava/lang/String;Ljdk/internal/loader/Resource;)Ljava/lang/Class;+117 java.base@17.0.2
j  jdk.internal.loader.BuiltinClassLoader.findClassOnClassPathOrNull(Ljava/lang/String;)Ljava/lang/Class;+37 java.base@17.0.2
J 377 c1 jdk.internal.loader.BuiltinClassLoader.loadClassOrNull(Ljava/lang/String;Z)Ljava/lang/Class; java.base@17.0.2 (143 bytes) @ 0x0000028c9a3acfd4 [0x0000028c9a3ac0c0+0x0000000000000f14]
j  jdk.internal.loader.BuiltinClassLoader.loadClass(Ljava/lang/String;Z)Ljava/lang/Class;+3 java.base@17.0.2
j  jdk.internal.loader.ClassLoaders$AppClassLoader.loadClass(Ljava/lang/String;Z)Ljava/lang/Class;+36 java.base@17.0.2
j  java.lang.ClassLoader.loadClass(Ljava/lang/String;)Ljava/lang/Class;+3 java.base@17.0.2
v  ~StubRoutines::call_stub
j  com.intellij.junit4.JUnit4IdeaTestRunner.startRunnerWithArgs([Ljava/lang/String;Ljava/lang/String;IZ)I+62
j  com.intellij.rt.junit.IdeaTestRunner$Repeater$1.execute(Z)I+17
j  com.intellij.rt.execution.junit.TestsRepeater.repeat(IZLcom/intellij/rt/execution/junit/TestsRepeater$TestRun;)I+7
j  com.intellij.rt.junit.IdeaTestRunner$Repeater.startRunnerWithArgs(Lcom/intellij/rt/junit/IdeaTestRunner;[Ljava/lang/String;Ljava/util/ArrayList;Ljava/lang/String;IZ)I+25
j  com.intellij.rt.junit.JUnitStarter.prepareStreamsAndStart([Ljava/lang/String;Ljava/lang/String;Ljava/util/ArrayList;Ljava/lang/String;)I+116
j  com.intellij.rt.junit.JUnitStarter.main([Ljava/lang/String;)V+97
v  ~StubRoutines::call_stub

---------------  P R O C E S S  ---------------

Threads class SMR info:
_java_thread_list=0x0000028cb65dd130, length=16, elements={
0x0000028c92370850, 0x0000028cb5a32220, 0x0000028cb5a32dd0, 0x0000028cb5a45a20,
0x0000028cb5a483e0, 0x0000028cb5a4ada0, 0x0000028cb5a4b750, 0x0000028cb6408090,
0x0000028cb640c9a0, 0x0000028cb640e7a0, 0x0000028cb5a1e590, 0x0000028cb640b560,
0x0000028cb640bf80, 0x0000028cb640ba70, 0x0000028cb65e2610, 0x0000028cb65e2ae0
}

Java Threads: ( => current thread )
=>0x0000028c92370850 JavaThread "main" [_thread_in_vm, id=12644, stack(0x0000009bf6700000,0x0000009bf6800000)]
  0x0000028cb5a32220 JavaThread "Reference Handler" daemon [_thread_blocked, id=10996, stack(0x0000009bf6e00000,0x0000009bf6f00000)]
  0x0000028cb5a32dd0 JavaThread "Finalizer" daemon [_thread_blocked, id=9752, stack(0x0000009bf6f00000,0x0000009bf7000000)]
  0x0000028cb5a45a20 JavaThread "Signal Dispatcher" daemon [_thread_blocked, id=2176, stack(0x0000009bf7000000,0x0000009bf7100000)]
  0x0000028cb5a483e0 JavaThread "Attach Listener" daemon [_thread_blocked, id=12428, stack(0x0000009bf7100000,0x0000009bf7200000)]
  0x0000028cb5a4ada0 JavaThread "Service Thread" daemon [_thread_blocked, id=9456, stack(0x0000009bf7200000,0x0000009bf7300000)]
  0x0000028cb5a4b750 JavaThread "Monitor Deflation Thread" daemon [_thread_blocked, id=15964, stack(0x0000009bf7300000,0x0000009bf7400000)]
  0x0000028cb6408090 JavaThread "C2 CompilerThread0" daemon [_thread_blocked, id=16592, stack(0x0000009bf7400000,0x0000009bf7500000)]
  0x0000028cb640c9a0 JavaThread "C1 CompilerThread0" daemon [_thread_blocked, id=15812, stack(0x0000009bf7500000,0x0000009bf7600000)]
  0x0000028cb640e7a0 JavaThread "Sweeper thread" daemon [_thread_blocked, id=4744, stack(0x0000009bf7600000,0x0000009bf7700000)]
  0x0000028cb5a1e590 JavaThread "Common-Cleaner" daemon [_thread_blocked, id=18352, stack(0x0000009bf7700000,0x0000009bf7800000)]
  0x0000028cb640b560 JavaThread "C1 CompilerThread1" daemon [_thread_blocked, id=8504, stack(0x0000009bf7800000,0x0000009bf7900000)]
  0x0000028cb640bf80 JavaThread "C1 CompilerThread2" daemon [_thread_blocked, id=11228, stack(0x0000009bf7900000,0x0000009bf7a00000)]
  0x0000028cb640ba70 JavaThread "C2 CompilerThread1" daemon [_thread_blocked, id=5320, stack(0x0000009bf7a00000,0x0000009bf7b00000)]
  0x0000028cb65e2610 JavaThread "Monitor Ctrl-Break" daemon [_thread_in_native, id=15988, stack(0x0000009bf7b00000,0x0000009bf7c00000)]
  0x0000028cb65e2ae0 JavaThread "Notification Thread" daemon [_thread_blocked, id=10364, stack(0x0000009bf7c00000,0x0000009bf7d00000)]

Other Threads:
  0x0000028cb5a2d780 VMThread "VM Thread" [stack: 0x0000009bf6d00000,0x0000009bf6e00000] [id=12020]
  0x0000028cb65e77e0 WatcherThread [stack: 0x0000009bf7d00000,0x0000009bf7e00000] [id=8780]
  0x0000028c923bf630 GCTaskThread "GC Thread#0" [stack: 0x0000009bf6800000,0x0000009bf6900000] [id=324]
  0x0000028c923d10d0 ConcurrentGCThread "G1 Main Marker" [stack: 0x0000009bf6900000,0x0000009bf6a00000] [id=14660]
  0x0000028c923d2af0 ConcurrentGCThread "G1 Conc#0" [stack: 0x0000009bf6a00000,0x0000009bf6b00000] [id=4120]
  0x0000028c9244e980 ConcurrentGCThread "G1 Refine#0" [stack: 0x0000009bf6b00000,0x0000009bf6c00000] [id=812]
  0x0000028cb58e8900 ConcurrentGCThread "G1 Service" [stack: 0x0000009bf6c00000,0x0000009bf6d00000] [id=972]

Threads with active compile tasks:

VM state: not at safepoint (normal execution)

VM Mutex/Monitor currently owned by a thread:  ([mutex/lock_event])
[0x0000028c92369d70] Metaspace_lock - owner thread: 0x0000028c92370850

Heap address: 0x0000000704a00000, size: 4022 MB, Compressed Oops mode: Zero based, Oop shift amount: 3

CDS archive(s) mapped at: [0x0000000800000000-0x0000000800bc0000-0x0000000800bc0000), size 12320768, SharedBaseAddress: 0x0000000800000000, ArchiveRelocationMode: 0.
Compressed class space mapped at: 0x0000000800c00000-0x0000000840c00000, reserved size: 1073741824
Narrow klass base: 0x0000000800000000, Narrow klass shift: 0, Narrow klass range: 0x100000000

GC Precious Log:
 CPUs: 16 total, 16 available
 Memory: 16085M
 Large Page Support: Disabled
 NUMA Support: Disabled
 Compressed Oops: Enabled (Zero based)
 Heap Region Size: 2M
 Heap Min Capacity: 8M
 Heap Initial Capacity: 252M
 Heap Max Capacity: 4022M
 Pre-touch: Disabled
 Parallel Workers: 13
 Concurrent Workers: 3
 Concurrent Refinement Workers: 13
 Periodic GC: Disabled

Heap:
 garbage-first heap   total 258048K, used 4096K [0x0000000704a00000, 0x0000000800000000)
  region size 2048K, 3 young (6144K), 0 survivors (0K)
 Metaspace       used 1779K, committed 1856K, reserved 1056768K
  class space    used 191K, committed 256K, reserved 1048576K

Heap Regions: E=young(eden), S=young(survivor), O=old, HS=humongous(starts), HC=humongous(continues), CS=collection set, F=free, OA=open archive, CA=closed archive, TAMS=top-at-mark-start (previous, next)
|   0|0x0000000704a00000, 0x0000000704a00000, 0x0000000704c00000|  0%| F|  |TAMS 0x0000000704a00000, 0x0000000704a00000| Untracked 
|   1|0x0000000704c00000, 0x0000000704c00000, 0x0000000704e00000|  0%| F|  |TAMS 0x0000000704c00000, 0x0000000704c00000| Untracked 
|   2|0x0000000704e00000, 0x0000000704e00000, 0x0000000705000000|  0%| F|  |TAMS 0x0000000704e00000, 0x0000000704e00000| Untracked 
|   3|0x0000000705000000, 0x0000000705000000, 0x0000000705200000|  0%| F|  |TAMS 0x0000000705000000, 0x0000000705000000| Untracked 
|   4|0x0000000705200000, 0x0000000705200000, 0x0000000705400000|  0%| F|  |TAMS 0x0000000705200000, 0x0000000705200000| Untracked 
|   5|0x0000000705400000, 0x0000000705400000, 0x0000000705600000|  0%| F|  |TAMS 0x0000000705400000, 0x0000000705400000| Untracked 
|   6|0x0000000705600000, 0x0000000705600000, 0x0000000705800000|  0%| F|  |TAMS 0x0000000705600000, 0x0000000705600000| Untracked 
|   7|0x0000000705800000, 0x0000000705800000, 0x0000000705a00000|  0%| F|  |TAMS 0x0000000705800000, 0x0000000705800000| Untracked 
|   8|0x0000000705a00000, 0x0000000705a00000, 0x0000000705c00000|  0%| F|  |TAMS 0x0000000705a00000, 0x0000000705a00000| Untracked 
|   9|0x0000000705c00000, 0x0000000705c00000, 0x0000000705e00000|  0%| F|  |TAMS 0x0000000705c00000, 0x0000000705c00000| Untracked 
|  10|0x0000000705e00000, 0x0000000705e00000, 0x0000000706000000|  0%| F|  |TAMS 0x0000000705e00000, 0x0000000705e00000| Untracked 
|  11|0x0000000706000000, 0x0000000706000000, 0x0000000706200000|  0%| F|  |TAMS 0x0000000706000000, 0x0000000706000000| Untracked 
|  12|0x0000000706200000, 0x0000000706200000, 0x0000000706400000|  0%| F|  |TAMS 0x0000000706200000, 0x0000000706200000| Untracked 
|  13|0x0000000706400000, 0x0000000706400000, 0x0000000706600000|  0%| F|  |TAMS 0x0000000706400000, 0x0000000706400000| Untracked 
|  14|0x0000000706600000, 0x0000000706600000, 0x0000000706800000|  0%| F|  |TAMS 0x0000000706600000, 0x0000000706600000| Untracked 
|  15|0x0000000706800000, 0x0000000706800000, 0x0000000706a00000|  0%| F|  |TAMS 0x0000000706800000, 0x0000000706800000| Untracked 
|  16|0x0000000706a00000, 0x0000000706a00000, 0x0000000706c00000|  0%| F|  |TAMS 0x0000000706a00000, 0x0000000706a00000| Untracked 
|  17|0x0000000706c00000, 0x0000000706c00000, 0x0000000706e00000|  0%| F|  |TAMS 0x0000000706c00000, 0x0000000706c00000| Untracked 
|  18|0x0000000706e00000, 0x0000000706e00000, 0x0000000707000000|  0%| F|  |TAMS 0x0000000706e00000, 0x0000000706e00000| Untracked 
|  19|0x0000000707000000, 0x0000000707000000, 0x0000000707200000|  0%| F|  |TAMS 0x0000000707000000, 0x0000000707000000| Untracked 
|  20|0x0000000707200000, 0x0000000707200000, 0x0000000707400000|  0%| F|  |TAMS 0x0000000707200000, 0x0000000707200000| Untracked 
|  21|0x0000000707400000, 0x0000000707400000, 0x0000000707600000|  0%| F|  |TAMS 0x0000000707400000, 0x0000000707400000| Untracked 
|  22|0x0000000707600000, 0x0000000707600000, 0x0000000707800000|  0%| F|  |TAMS 0x0000000707600000, 0x0000000707600000| Untracked 
|  23|0x0000000707800000, 0x0000000707800000, 0x0000000707a00000|  0%| F|  |TAMS 0x0000000707800000, 0x0000000707800000| Untracked 
|  24|0x0000000707a00000, 0x0000000707a00000, 0x0000000707c00000|  0%| F|  |TAMS 0x0000000707a00000, 0x0000000707a00000| Untracked 
|  25|0x0000000707c00000, 0x0000000707c00000, 0x0000000707e00000|  0%| F|  |TAMS 0x0000000707c00000, 0x0000000707c00000| Untracked 
|  26|0x0000000707e00000, 0x0000000707e00000, 0x0000000708000000|  0%| F|  |TAMS 0x0000000707e00000, 0x0000000707e00000| Untracked 
|  27|0x0000000708000000, 0x0000000708000000, 0x0000000708200000|  0%| F|  |TAMS 0x0000000708000000, 0x0000000708000000| Untracked 
|  28|0x0000000708200000, 0x0000000708200000, 0x0000000708400000|  0%| F|  |TAMS 0x0000000708200000, 0x0000000708200000| Untracked 
|  29|0x0000000708400000, 0x0000000708400000, 0x0000000708600000|  0%| F|  |TAMS 0x0000000708400000, 0x0000000708400000| Untracked 
|  30|0x0000000708600000, 0x0000000708600000, 0x0000000708800000|  0%| F|  |TAMS 0x0000000708600000, 0x0000000708600000| Untracked 
|  31|0x0000000708800000, 0x0000000708800000, 0x0000000708a00000|  0%| F|  |TAMS 0x0000000708800000, 0x0000000708800000| Untracked 
|  32|0x0000000708a00000, 0x0000000708a00000, 0x0000000708c00000|  0%| F|  |TAMS 0x0000000708a00000, 0x0000000708a00000| Untracked 
|  33|0x0000000708c00000, 0x0000000708c00000, 0x0000000708e00000|  0%| F|  |TAMS 0x0000000708c00000, 0x0000000708c00000| Untracked 
|  34|0x0000000708e00000, 0x0000000708e00000, 0x0000000709000000|  0%| F|  |TAMS 0x0000000708e00000, 0x0000000708e00000| Untracked 
|  35|0x0000000709000000, 0x0000000709000000, 0x0000000709200000|  0%| F|  |TAMS 0x0000000709000000, 0x0000000709000000| Untracked 
|  36|0x0000000709200000, 0x0000000709200000, 0x0000000709400000|  0%| F|  |TAMS 0x0000000709200000, 0x0000000709200000| Untracked 
|  37|0x0000000709400000, 0x0000000709400000, 0x0000000709600000|  0%| F|  |TAMS 0x0000000709400000, 0x0000000709400000| Untracked 
|  38|0x0000000709600000, 0x0000000709600000, 0x0000000709800000|  0%| F|  |TAMS 0x0000000709600000, 0x0000000709600000| Untracked 
|  39|0x0000000709800000, 0x0000000709800000, 0x0000000709a00000|  0%| F|  |TAMS 0x0000000709800000, 0x0000000709800000| Untracked 
|  40|0x0000000709a00000, 0x0000000709a00000, 0x0000000709c00000|  0%| F|  |TAMS 0x0000000709a00000, 0x0000000709a00000| Untracked 
|  41|0x0000000709c00000, 0x0000000709c00000, 0x0000000709e00000|  0%| F|  |TAMS 0x0000000709c00000, 0x0000000709c00000| Untracked 
|  42|0x0000000709e00000, 0x0000000709e00000, 0x000000070a000000|  0%| F|  |TAMS 0x0000000709e00000, 0x0000000709e00000| Untracked 
|  43|0x000000070a000000, 0x000000070a000000, 0x000000070a200000|  0%| F|  |TAMS 0x000000070a000000, 0x000000070a000000| Untracked 
|  44|0x000000070a200000, 0x000000070a200000, 0x000000070a400000|  0%| F|  |TAMS 0x000000070a200000, 0x000000070a200000| Untracked 
|  45|0x000000070a400000, 0x000000070a400000, 0x000000070a600000|  0%| F|  |TAMS 0x000000070a400000, 0x000000070a400000| Untracked 
|  46|0x000000070a600000, 0x000000070a600000, 0x000000070a800000|  0%| F|  |TAMS 0x000000070a600000, 0x000000070a600000| Untracked 
|  47|0x000000070a800000, 0x000000070a800000, 0x000000070aa00000|  0%| F|  |TAMS 0x000000070a800000, 0x000000070a800000| Untracked 
|  48|0x000000070aa00000, 0x000000070aa00000, 0x000000070ac00000|  0%| F|  |TAMS 0x000000070aa00000, 0x000000070aa00000| Untracked 
|  49|0x000000070ac00000, 0x000000070ac00000, 0x000000070ae00000|  0%| F|  |TAMS 0x000000070ac00000, 0x000000070ac00000| Untracked 
|  50|0x000000070ae00000, 0x000000070ae00000, 0x000000070b000000|  0%| F|  |TAMS 0x000000070ae00000, 0x000000070ae00000| Untracked 
|  51|0x000000070b000000, 0x000000070b000000, 0x000000070b200000|  0%| F|  |TAMS 0x000000070b000000, 0x000000070b000000| Untracked 
|  52|0x000000070b200000, 0x000000070b200000, 0x000000070b400000|  0%| F|  |TAMS 0x000000070b200000, 0x000000070b200000| Untracked 
|  53|0x000000070b400000, 0x000000070b400000, 0x000000070b600000|  0%| F|  |TAMS 0x000000070b400000, 0x000000070b400000| Untracked 
|  54|0x000000070b600000, 0x000000070b600000, 0x000000070b800000|  0%| F|  |TAMS 0x000000070b600000, 0x000000070b600000| Untracked 
|  55|0x000000070b800000, 0x000000070b800000, 0x000000070ba00000|  0%| F|  |TAMS 0x000000070b800000, 0x000000070b800000| Untracked 
|  56|0x000000070ba00000, 0x000000070ba00000, 0x000000070bc00000|  0%| F|  |TAMS 0x000000070ba00000, 0x000000070ba00000| Untracked 
|  57|0x000000070bc00000, 0x000000070bc00000, 0x000000070be00000|  0%| F|  |TAMS 0x000000070bc00000, 0x000000070bc00000| Untracked 
|  58|0x000000070be00000, 0x000000070be00000, 0x000000070c000000|  0%| F|  |TAMS 0x000000070be00000, 0x000000070be00000| Untracked 
|  59|0x000000070c000000, 0x000000070c000000, 0x000000070c200000|  0%| F|  |TAMS 0x000000070c000000, 0x000000070c000000| Untracked 
|  60|0x000000070c200000, 0x000000070c200000, 0x000000070c400000|  0%| F|  |TAMS 0x000000070c200000, 0x000000070c200000| Untracked 
|  61|0x000000070c400000, 0x000000070c400000, 0x000000070c600000|  0%| F|  |TAMS 0x000000070c400000, 0x000000070c400000| Untracked 
|  62|0x000000070c600000, 0x000000070c600000, 0x000000070c800000|  0%| F|  |TAMS 0x000000070c600000, 0x000000070c600000| Untracked 
|  63|0x000000070c800000, 0x000000070c800000, 0x000000070ca00000|  0%| F|  |TAMS 0x000000070c800000, 0x000000070c800000| Untracked 
|  64|0x000000070ca00000, 0x000000070ca00000, 0x000000070cc00000|  0%| F|  |TAMS 0x000000070ca00000, 0x000000070ca00000| Untracked 
|  65|0x000000070cc00000, 0x000000070cc00000, 0x000000070ce00000|  0%| F|  |TAMS 0x000000070cc00000, 0x000000070cc00000| Untracked 
|  66|0x000000070ce00000, 0x000000070ce00000, 0x000000070d000000|  0%| F|  |TAMS 0x000000070ce00000, 0x000000070ce00000| Untracked 
|  67|0x000000070d000000, 0x000000070d000000, 0x000000070d200000|  0%| F|  |TAMS 0x000000070d000000, 0x000000070d000000| Untracked 
|  68|0x000000070d200000, 0x000000070d200000, 0x000000070d400000|  0%| F|  |TAMS 0x000000070d200000, 0x000000070d200000| Untracked 
|  69|0x000000070d400000, 0x000000070d400000, 0x000000070d600000|  0%| F|  |TAMS 0x000000070d400000, 0x000000070d400000| Untracked 
|  70|0x000000070d600000, 0x000000070d600000, 0x000000070d800000|  0%| F|  |TAMS 0x000000070d600000, 0x000000070d600000| Untracked 
|  71|0x000000070d800000, 0x000000070d800000, 0x000000070da00000|  0%| F|  |TAMS 0x000000070d800000, 0x000000070d800000| Untracked 
|  72|0x000000070da00000, 0x000000070da00000, 0x000000070dc00000|  0%| F|  |TAMS 0x000000070da00000, 0x000000070da00000| Untracked 
|  73|0x000000070dc00000, 0x000000070dc00000, 0x000000070de00000|  0%| F|  |TAMS 0x000000070dc00000, 0x000000070dc00000| Untracked 
|  74|0x000000070de00000, 0x000000070de00000, 0x000000070e000000|  0%| F|  |TAMS 0x000000070de00000, 0x000000070de00000| Untracked 
|  75|0x000000070e000000, 0x000000070e000000, 0x000000070e200000|  0%| F|  |TAMS 0x000000070e000000, 0x000000070e000000| Untracked 
|  76|0x000000070e200000, 0x000000070e200000, 0x000000070e400000|  0%| F|  |TAMS 0x000000070e200000, 0x000000070e200000| Untracked 
|  77|0x000000070e400000, 0x000000070e400000, 0x000000070e600000|  0%| F|  |TAMS 0x000000070e400000, 0x000000070e400000| Untracked 
|  78|0x000000070e600000, 0x000000070e600000, 0x000000070e800000|  0%| F|  |TAMS 0x000000070e600000, 0x000000070e600000| Untracked 
|  79|0x000000070e800000, 0x000000070e800000, 0x000000070ea00000|  0%| F|  |TAMS 0x000000070e800000, 0x000000070e800000| Untracked 
|  80|0x000000070ea00000, 0x000000070ea00000, 0x000000070ec00000|  0%| F|  |TAMS 0x000000070ea00000, 0x000000070ea00000| Untracked 
|  81|0x000000070ec00000, 0x000000070ec00000, 0x000000070ee00000|  0%| F|  |TAMS 0x000000070ec00000, 0x000000070ec00000| Untracked 
|  82|0x000000070ee00000, 0x000000070ee00000, 0x000000070f000000|  0%| F|  |TAMS 0x000000070ee00000, 0x000000070ee00000| Untracked 
|  83|0x000000070f000000, 0x000000070f000000, 0x000000070f200000|  0%| F|  |TAMS 0x000000070f000000, 0x000000070f000000| Untracked 
|  84|0x000000070f200000, 0x000000070f200000, 0x000000070f400000|  0%| F|  |TAMS 0x000000070f200000, 0x000000070f200000| Untracked 
|  85|0x000000070f400000, 0x000000070f400000, 0x000000070f600000|  0%| F|  |TAMS 0x000000070f400000, 0x000000070f400000| Untracked 
|  86|0x000000070f600000, 0x000000070f600000, 0x000000070f800000|  0%| F|  |TAMS 0x000000070f600000, 0x000000070f600000| Untracked 
|  87|0x000000070f800000, 0x000000070f800000, 0x000000070fa00000|  0%| F|  |TAMS 0x000000070f800000, 0x000000070f800000| Untracked 
|  88|0x000000070fa00000, 0x000000070fa00000, 0x000000070fc00000|  0%| F|  |TAMS 0x000000070fa00000, 0x000000070fa00000| Untracked 
|  89|0x000000070fc00000, 0x000000070fc00000, 0x000000070fe00000|  0%| F|  |TAMS 0x000000070fc00000, 0x000000070fc00000| Untracked 
|  90|0x000000070fe00000, 0x000000070fe00000, 0x0000000710000000|  0%| F|  |TAMS 0x000000070fe00000, 0x000000070fe00000| Untracked 
|  91|0x0000000710000000, 0x0000000710000000, 0x0000000710200000|  0%| F|  |TAMS 0x0000000710000000, 0x0000000710000000| Untracked 
|  92|0x0000000710200000, 0x0000000710200000, 0x0000000710400000|  0%| F|  |TAMS 0x0000000710200000, 0x0000000710200000| Untracked 
|  93|0x0000000710400000, 0x0000000710400000, 0x0000000710600000|  0%| F|  |TAMS 0x0000000710400000, 0x0000000710400000| Untracked 
|  94|0x0000000710600000, 0x0000000710600000, 0x0000000710800000|  0%| F|  |TAMS 0x0000000710600000, 0x0000000710600000| Untracked 
|  95|0x0000000710800000, 0x0000000710800000, 0x0000000710a00000|  0%| F|  |TAMS 0x0000000710800000, 0x0000000710800000| Untracked 
|  96|0x0000000710a00000, 0x0000000710a00000, 0x0000000710c00000|  0%| F|  |TAMS 0x0000000710a00000, 0x0000000710a00000| Untracked 
|  97|0x0000000710c00000, 0x0000000710c00000, 0x0000000710e00000|  0%| F|  |TAMS 0x0000000710c00000, 0x0000000710c00000| Untracked 
|  98|0x0000000710e00000, 0x0000000710e00000, 0x0000000711000000|  0%| F|  |TAMS 0x0000000710e00000, 0x0000000710e00000| Untracked 
|  99|0x0000000711000000, 0x0000000711000000, 0x0000000711200000|  0%| F|  |TAMS 0x0000000711000000, 0x0000000711000000| Untracked 
| 100|0x0000000711200000, 0x0000000711200000, 0x0000000711400000|  0%| F|  |TAMS 0x0000000711200000, 0x0000000711200000| Untracked 
| 101|0x0000000711400000, 0x0000000711400000, 0x0000000711600000|  0%| F|  |TAMS 0x0000000711400000, 0x0000000711400000| Untracked 
| 102|0x0000000711600000, 0x0000000711600000, 0x0000000711800000|  0%| F|  |TAMS 0x0000000711600000, 0x0000000711600000| Untracked 
| 103|0x0000000711800000, 0x0000000711800000, 0x0000000711a00000|  0%| F|  |TAMS 0x0000000711800000, 0x0000000711800000| Untracked 
| 104|0x0000000711a00000, 0x0000000711a00000, 0x0000000711c00000|  0%| F|  |TAMS 0x0000000711a00000, 0x0000000711a00000| Untracked 
| 105|0x0000000711c00000, 0x0000000711c00000, 0x0000000711e00000|  0%| F|  |TAMS 0x0000000711c00000, 0x0000000711c00000| Untracked 
| 106|0x0000000711e00000, 0x0000000711e00000, 0x0000000712000000|  0%| F|  |TAMS 0x0000000711e00000, 0x0000000711e00000| Untracked 
| 107|0x0000000712000000, 0x0000000712000000, 0x0000000712200000|  0%| F|  |TAMS 0x0000000712000000, 0x0000000712000000| Untracked 
| 108|0x0000000712200000, 0x0000000712200000, 0x0000000712400000|  0%| F|  |TAMS 0x0000000712200000, 0x0000000712200000| Untracked 
| 109|0x0000000712400000, 0x0000000712400000, 0x0000000712600000|  0%| F|  |TAMS 0x0000000712400000, 0x0000000712400000| Untracked 
| 110|0x0000000712600000, 0x0000000712600000, 0x0000000712800000|  0%| F|  |TAMS 0x0000000712600000, 0x0000000712600000| Untracked 
| 111|0x0000000712800000, 0x0000000712800000, 0x0000000712a00000|  0%| F|  |TAMS 0x0000000712800000, 0x0000000712800000| Untracked 
| 112|0x0000000712a00000, 0x0000000712a00000, 0x0000000712c00000|  0%| F|  |TAMS 0x0000000712a00000, 0x0000000712a00000| Untracked 
| 113|0x0000000712c00000, 0x0000000712c00000, 0x0000000712e00000|  0%| F|  |TAMS 0x0000000712c00000, 0x0000000712c00000| Untracked 
| 114|0x0000000712e00000, 0x0000000712e00000, 0x0000000713000000|  0%| F|  |TAMS 0x0000000712e00000, 0x0000000712e00000| Untracked 
| 115|0x0000000713000000, 0x0000000713000000, 0x0000000713200000|  0%| F|  |TAMS 0x0000000713000000, 0x0000000713000000| Untracked 
| 116|0x0000000713200000, 0x0000000713200000, 0x0000000713400000|  0%| F|  |TAMS 0x0000000713200000, 0x0000000713200000| Untracked 
| 117|0x0000000713400000, 0x0000000713400000, 0x0000000713600000|  0%| F|  |TAMS 0x0000000713400000, 0x0000000713400000| Untracked 
| 118|0x0000000713600000, 0x0000000713600000, 0x0000000713800000|  0%| F|  |TAMS 0x0000000713600000, 0x0000000713600000| Untracked 
| 119|0x0000000713800000, 0x0000000713800000, 0x0000000713a00000|  0%| F|  |TAMS 0x0000000713800000, 0x0000000713800000| Untracked 
| 120|0x0000000713a00000, 0x0000000713a00000, 0x0000000713c00000|  0%| F|  |TAMS 0x0000000713a00000, 0x0000000713a00000| Untracked 
| 121|0x0000000713c00000, 0x0000000713c00000, 0x0000000713e00000|  0%| F|  |TAMS 0x0000000713c00000, 0x0000000713c00000| Untracked 
| 122|0x0000000713e00000, 0x0000000713e00000, 0x0000000714000000|  0%| F|  |TAMS 0x0000000713e00000, 0x0000000713e00000| Untracked 
| 123|0x0000000714000000, 0x0000000714200000, 0x0000000714200000|100%| E|  |TAMS 0x0000000714000000, 0x0000000714000000| Complete 
| 124|0x0000000714200000, 0x0000000714400000, 0x0000000714400000|100%| E|CS|TAMS 0x0000000714200000, 0x0000000714200000| Complete 
| 125|0x0000000714400000, 0x0000000714600000, 0x0000000714600000|100%| E|CS|TAMS 0x0000000714400000, 0x0000000714400000| Complete 

Card table byte_map: [0x0000028ca9c30000,0x0000028caa410000] _byte_map_base: 0x0000028ca640b000

Marking Bits (Prev, Next): (CMBitMap*) 0x0000028c923c0c50, (CMBitMap*) 0x0000028c923c0c90
 Prev Bits: [0x0000028caabf0000, 0x0000028caeac8000)
 Next Bits: [0x0000028caead0000, 0x0000028cb29a8000)

Polling page: 0x0000028c90390000

Metaspace:

Usage:
  Non-class:      1.55 MB used.
      Class:    191.59 KB used.
       Both:      1.74 MB used.

Virtual space:
  Non-class space:        8.00 MB reserved,       1.56 MB ( 20%) committed,  1 nodes.
      Class space:        1.00 GB reserved,     256.00 KB ( <1%) committed,  1 nodes.
             Both:        1.01 GB reserved,       1.81 MB ( <1%) committed. 

Chunk freelists:
   Non-Class:  3.55 MB
       Class:  3.66 MB
        Both:  7.21 MB

MaxMetaspaceSize: unlimited
CompressedClassSpaceSize: 1.00 GB
Initial GC threshold: 21.00 MB
Current GC threshold: 21.00 MB
CDS: on
MetaspaceReclaimPolicy: balanced
 - commit_granule_bytes: 65536.
 - commit_granule_words: 8192.
 - virtual_space_node_default_size: 1048576.
 - enlarge_chunks_in_place: 1.
 - new_chunks_are_fully_committed: 0.
 - uncommit_free_chunks: 1.
 - use_allocation_guard: 0.
 - handle_deallocations: 1.


Internal statistics:

num_allocs_failed_limit: 0.
num_arena_births: 14.
num_arena_deaths: 0.
num_vsnodes_births: 2.
num_vsnodes_deaths: 0.
num_space_committed: 29.
num_space_uncommitted: 0.
num_chunks_returned_to_freelist: 0.
num_chunks_taken_from_freelist: 49.
num_chunk_merges: 0.
num_chunk_splits: 25.
num_chunks_enlarged: 18.
num_purges: 0.
num_inconsistent_stats: 0.

CodeHeap 'non-profiled nmethods': size=119168Kb used=135Kb max_used=135Kb free=119032Kb
 bounds [0x0000028ca1770000, 0x0000028ca19e0000, 0x0000028ca8bd0000]
CodeHeap 'profiled nmethods': size=119104Kb used=811Kb max_used=811Kb free=118292Kb
 bounds [0x0000028c9a320000, 0x0000028c9a590000, 0x0000028ca1770000]
CodeHeap 'non-nmethods': size=7488Kb used=2263Kb max_used=2276Kb free=5224Kb
 bounds [0x0000028c99bd0000, 0x0000028c99e40000, 0x0000028c9a320000]
 total_blobs=901 nmethods=491 adapters=321
 compilation: enabled
              stopped_count=0, restarted_count=0
 full_count=0

Compilation events (20 events):
Event: 0.150 Thread 0x0000028cb640c9a0  480       3       jdk.internal.org.objectweb.asm.MethodWriter::visitMethodInsn (191 bytes)
Event: 0.150 Thread 0x0000028cb640bf80  481       3       jdk.internal.org.objectweb.asm.SymbolTable::addConstantMethodref (24 bytes)
Event: 0.150 Thread 0x0000028cb640bf80 nmethod 481 0x0000028c9a3e6510 code [0x0000028c9a3e66c0, 0x0000028c9a3e6868]
Event: 0.150 Thread 0x0000028cb640c9a0 nmethod 480 0x0000028c9a3e6910 code [0x0000028c9a3e6b40, 0x0000028c9a3e7308]
Event: 0.150 Thread 0x0000028cb640bf80  482       3       java.util.ArrayList$Itr::next (66 bytes)
Event: 0.150 Thread 0x0000028cb640b560  483       3       java.util.ArrayList$Itr::checkForComodification (23 bytes)
Event: 0.150 Thread 0x0000028cb640b560 nmethod 483 0x0000028c9a3e7610 code [0x0000028c9a3e77c0, 0x0000028c9a3e7988]
Event: 0.150 Thread 0x0000028cb640bf80 nmethod 482 0x0000028c9a3e7a90 code [0x0000028c9a3e7c80, 0x0000028c9a3e8048]
Event: 0.150 Thread 0x0000028cb640b560  484       3       java.util.Collections$SetFromMap::remove (19 bytes)
Event: 0.150 Thread 0x0000028cb640bf80  485       3       java.util.WeakHashMap::remove (131 bytes)
Event: 0.150 Thread 0x0000028cb640b560 nmethod 484 0x0000028c9a3e8210 code [0x0000028c9a3e83c0, 0x0000028c9a3e85e8]
Event: 0.151 Thread 0x0000028cb640bf80 nmethod 485 0x0000028c9a3e8690 code [0x0000028c9a3e88e0, 0x0000028c9a3e9478]
Event: 0.151 Thread 0x0000028cb640bf80  486       3       jdk.internal.access.SharedSecrets::javaUtilJarAccess (19 bytes)
Event: 0.151 Thread 0x0000028cb640bf80 nmethod 486 0x0000028c9a3e9890 code [0x0000028c9a3e9a80, 0x0000028c9a3e9e48]
Event: 0.152 Thread 0x0000028cb640bf80  489       3       java.lang.Character::charCount (12 bytes)
Event: 0.152 Thread 0x0000028cb640bf80 nmethod 489 0x0000028c9a3ea010 code [0x0000028c9a3ea1a0, 0x0000028c9a3ea318]
Event: 0.153 Thread 0x0000028cb640bf80  490       3       java.util.jar.Attributes::getValue (9 bytes)
Event: 0.153 Thread 0x0000028cb640c9a0  491       3       java.util.jar.Attributes::get (11 bytes)
Event: 0.153 Thread 0x0000028cb640bf80 nmethod 490 0x0000028c9a3ea390 code [0x0000028c9a3ea540, 0x0000028c9a3ea868]
Event: 0.153 Thread 0x0000028cb640c9a0 nmethod 491 0x0000028c9a3ea990 code [0x0000028c9a3eab40, 0x0000028c9a3ead28]

GC Heap History (0 events):
No events

Deoptimization events (20 events):
Event: 0.068 Thread 0x0000028c92370850 Uncommon trap: trap_request=0xffffff45 fr.pc=0x0000028ca177dfdc relative=0x000000000000005c
Event: 0.068 Thread 0x0000028c92370850 Uncommon trap: reason=unstable_if action=reinterpret pc=0x0000028ca177dfdc method=java.lang.String.isLatin1()Z @ 10 c2
Event: 0.068 Thread 0x0000028c92370850 DEOPT PACKING pc=0x0000028ca177dfdc sp=0x0000009bf67fe460
Event: 0.068 Thread 0x0000028c92370850 DEOPT UNPACKING pc=0x0000028c99c25c23 sp=0x0000009bf67fe3f0 mode 2
Event: 0.109 Thread 0x0000028c92370850 DEOPT PACKING pc=0x0000028c9a3505e7 sp=0x0000009bf67f6e80
Event: 0.109 Thread 0x0000028c92370850 DEOPT UNPACKING pc=0x0000028c99c26763 sp=0x0000009bf67f62a0 mode 0
Event: 0.125 Thread 0x0000028c92370850 DEOPT PACKING pc=0x0000028c9a3618e5 sp=0x0000009bf67fc0c0
Event: 0.125 Thread 0x0000028c92370850 DEOPT UNPACKING pc=0x0000028c99c26763 sp=0x0000009bf67fb510 mode 0
Event: 0.140 Thread 0x0000028c92370850 Uncommon trap: trap_request=0xffffffde fr.pc=0x0000028ca177cdcc relative=0x000000000000046c
Event: 0.140 Thread 0x0000028c92370850 Uncommon trap: reason=class_check action=maybe_recompile pc=0x0000028ca177cdcc method=java.util.HashMap.putVal(ILjava/lang/Object;Ljava/lang/Object;ZZ)Ljava/lang/Object; @ 253 c2
Event: 0.140 Thread 0x0000028c92370850 DEOPT PACKING pc=0x0000028ca177cdcc sp=0x0000009bf67fe570
Event: 0.140 Thread 0x0000028c92370850 DEOPT UNPACKING pc=0x0000028c99c25c23 sp=0x0000009bf67fe520 mode 2
Event: 0.153 Thread 0x0000028c92370850 Uncommon trap: trap_request=0xffffffbe fr.pc=0x0000028ca178bbb0 relative=0x0000000000000410
Event: 0.153 Thread 0x0000028c92370850 Uncommon trap: reason=profile_predicate action=maybe_recompile pc=0x0000028ca178bbb0 method=java.lang.StringLatin1.indexOf([BI[BII)I @ 18 c2
Event: 0.153 Thread 0x0000028c92370850 DEOPT PACKING pc=0x0000028ca178bbb0 sp=0x0000009bf67fecc0
Event: 0.153 Thread 0x0000028c92370850 DEOPT UNPACKING pc=0x0000028c99c25c23 sp=0x0000009bf67fec20 mode 2
Event: 0.153 Thread 0x0000028c92370850 Uncommon trap: trap_request=0xffffffbe fr.pc=0x0000028ca178bbb0 relative=0x0000000000000410
Event: 0.153 Thread 0x0000028c92370850 Uncommon trap: reason=profile_predicate action=maybe_recompile pc=0x0000028ca178bbb0 method=java.lang.StringLatin1.indexOf([BI[BII)I @ 18 c2
Event: 0.153 Thread 0x0000028c92370850 DEOPT PACKING pc=0x0000028ca178bbb0 sp=0x0000009bf67fed80
Event: 0.153 Thread 0x0000028c92370850 DEOPT UNPACKING pc=0x0000028c99c25c23 sp=0x0000009bf67fece0 mode 2

Classes unloaded (0 events):
No events

Classes redefined (0 events):
No events

Internal exceptions (6 events):
Event: 0.071 Thread 0x0000028cb65e2610 Exception <a 'java/lang/NoSuchMethodError'{0x0000000714275b70}: 'java.lang.Object java.lang.invoke.DirectMethodHandle$Holder.invokeStaticInit(java.lang.Object)'> (0x0000000714275b70) 
thrown [t:\workspace\open\src\hotspot\share\interpreter\linkResolver.cpp, line 766]
Event: 0.079 Thread 0x0000028cb65e2610 Exception <a 'java/lang/NoSuchMethodError'{0x0000000714283900}: 'void java.lang.invoke.DirectMethodHandle$Holder.invokeStatic(java.lang.Object, java.lang.Object)'> (0x0000000714283900) 
thrown [t:\workspace\open\src\hotspot\share\interpreter\linkResolver.cpp, line 766]
Event: 0.083 Thread 0x0000028c92370850 Exception <a 'java/io/FileNotFoundException'{0x00000007143201c0}> (0x00000007143201c0) 
thrown [t:\workspace\open\src\hotspot\share\prims\jni.cpp, line 516]
Event: 0.135 Thread 0x0000028c92370850 Exception <a 'java/lang/NoSuchMethodError'{0x0000000714139b48}: 'java.lang.Object java.lang.invoke.DirectMethodHandle$Holder.invokeInterface(java.lang.Object, java.lang.Object)'> (0x0000000714139b48) 
thrown [t:\workspace\open\src\hotspot\share\interpreter\linkResolver.cpp, line 766]
Event: 0.136 Thread 0x0000028c92370850 Exception <a 'java/lang/IncompatibleClassChangeError'{0x000000071413d340}: Found class java.lang.Object, but interface was expected> (0x000000071413d340) 
thrown [t:\workspace\open\src\hotspot\share\interpreter\linkResolver.cpp, line 833]
Event: 0.147 Thread 0x0000028c92370850 Exception <a 'java/lang/NoSuchMethodError'{0x0000000714198360}: 'java.lang.Object java.lang.invoke.DirectMethodHandle$Holder.newInvokeSpecial(java.lang.Object, java.lang.Object, java.lang.Object, java.lang.Object, java.lang.Object)'> (0x0000000714198360) 
thrown [t:\workspace\open\src\hotspot\share\interpreter\linkResolver.cpp, line 766]

VM Operations (4 events):
Event: 0.046 Executing VM operation: HandshakeAllThreads
Event: 0.046 Executing VM operation: HandshakeAllThreads done
Event: 0.069 Executing VM operation: HandshakeAllThreads
Event: 0.069 Executing VM operation: HandshakeAllThreads done

Events (20 events):
Event: 0.099 loading class java/lang/reflect/UndeclaredThrowableException
Event: 0.099 loading class java/lang/reflect/UndeclaredThrowableException done
Event: 0.135 loading class java/lang/CloneNotSupportedException
Event: 0.135 loading class java/lang/CloneNotSupportedException done
Event: 0.138 loading class jdk/internal/vm/annotation/IntrinsicCandidate
Event: 0.138 loading class jdk/internal/vm/annotation/IntrinsicCandidate done
Event: 0.139 loading class java/lang/Deprecated
Event: 0.139 loading class java/lang/Deprecated done
Event: 0.140 loading class java/lang/annotation/Documented
Event: 0.140 loading class java/lang/annotation/Documented done
Event: 0.147 loading class java/lang/annotation/ElementType
Event: 0.147 loading class java/lang/annotation/ElementType done
Event: 0.152 loading class jdk/internal/reflect/UnsafeFieldAccessorFactory
Event: 0.152 loading class jdk/internal/reflect/UnsafeFieldAccessorFactory done
Event: 0.152 loading class jdk/internal/reflect/UnsafeQualifiedObjectFieldAccessorImpl
Event: 0.152 loading class jdk/internal/reflect/UnsafeQualifiedFieldAccessorImpl
Event: 0.152 loading class jdk/internal/reflect/UnsafeQualifiedFieldAccessorImpl done
Event: 0.152 loading class jdk/internal/reflect/UnsafeQualifiedObjectFieldAccessorImpl done
Event: 0.152 loading class java/util/concurrent/ConcurrentLinkedQueue$Itr
Event: 0.152 loading class java/util/concurrent/ConcurrentLinkedQueue$Itr done


Dynamic libraries:
0x00007ff6fd9c0000 - 0x00007ff6fd9d0000 	C:\Program Files\Java\jdk-17.0.2\bin\java.exe
0x00007ff885290000 - 0x00007ff885485000 	C:\Windows\SYSTEM32\ntdll.dll
0x00007ff8837c0000 - 0x00007ff88387e000 	C:\Windows\System32\KERNEL32.DLL
0x00007ff882fa0000 - 0x00007ff883268000 	C:\Windows\System32\KERNELBASE.dll
0x00007ff882ea0000 - 0x00007ff882fa0000 	C:\Windows\System32\ucrtbase.dll
0x00007ff879930000 - 0x00007ff87994a000 	C:\Program Files\Java\jdk-17.0.2\bin\VCRUNTIME140.dll
0x00007ff878920000 - 0x00007ff878938000 	C:\Program Files\Java\jdk-17.0.2\bin\jli.dll
0x00007ff883b90000 - 0x00007ff883c3e000 	C:\Windows\System32\ADVAPI32.dll
0x00007ff884c50000 - 0x00007ff884cee000 	C:\Windows\System32\msvcrt.dll
0x00007ff8843f0000 - 0x00007ff88448c000 	C:\Windows\System32\sechost.dll
0x00007ff883880000 - 0x00007ff8839a5000 	C:\Windows\System32\RPCRT4.dll
0x00007ff884500000 - 0x00007ff8846a0000 	C:\Windows\System32\USER32.dll
0x00007ff882e20000 - 0x00007ff882e42000 	C:\Windows\System32\win32u.dll
0x00007ff861de0000 - 0x00007ff86207a000 	C:\Windows\WinSxS\amd64_microsoft.windows.common-controls_6595b64144ccf1df_6.0.19041.1110_none_60b5254171f9507e\COMCTL32.dll
0x00007ff883a80000 - 0x00007ff883aab000 	C:\Windows\System32\GDI32.dll
0x00007ff882b10000 - 0x00007ff882c1d000 	C:\Windows\System32\gdi32full.dll
0x00007ff882d80000 - 0x00007ff882e1d000 	C:\Windows\System32\msvcp_win.dll
0x00007ff879720000 - 0x00007ff87972a000 	C:\Windows\SYSTEM32\VERSION.dll
0x00007ff883550000 - 0x00007ff883580000 	C:\Windows\System32\IMM32.DLL
0x00007ff87a1c0000 - 0x00007ff87a1cc000 	C:\Program Files\Java\jdk-17.0.2\bin\vcruntime140_1.dll
0x00007ff859800000 - 0x00007ff85988d000 	C:\Program Files\Java\jdk-17.0.2\bin\msvcp140.dll
0x00007ff83ce90000 - 0x00007ff83da51000 	C:\Program Files\Java\jdk-17.0.2\bin\server\jvm.dll
0x00007ff885240000 - 0x00007ff885248000 	C:\Windows\System32\PSAPI.DLL
0x00007ff87d510000 - 0x00007ff87d519000 	C:\Windows\SYSTEM32\WSOCK32.dll
0x00007ff86b960000 - 0x00007ff86b987000 	C:\Windows\SYSTEM32\WINMM.dll
0x00007ff884490000 - 0x00007ff8844fb000 	C:\Windows\System32\WS2_32.dll
0x00007ff881220000 - 0x00007ff881232000 	C:\Windows\SYSTEM32\kernel.appcore.dll
0x00007ff879f80000 - 0x00007ff879f8a000 	C:\Program Files\Java\jdk-17.0.2\bin\jimage.dll
0x00007ff8807a0000 - 0x00007ff880984000 	C:\Windows\SYSTEM32\DBGHELP.DLL
0x00007ff867030000 - 0x00007ff86705c000 	C:\Windows\SYSTEM32\dbgcore.DLL
0x00007ff882a80000 - 0x00007ff882b02000 	C:\Windows\System32\bcryptPrimitives.dll
0x00007ff879920000 - 0x00007ff87992e000 	C:\Program Files\Java\jdk-17.0.2\bin\instrument.dll
0x00007ff878820000 - 0x00007ff878845000 	C:\Program Files\Java\jdk-17.0.2\bin\java.dll
0x00007ff859720000 - 0x00007ff8597f6000 	C:\Program Files\Java\jdk-17.0.2\bin\jsvml.dll
0x00007ff883ca0000 - 0x00007ff8843e4000 	C:\Windows\System32\SHELL32.dll
0x00007ff880990000 - 0x00007ff881124000 	C:\Windows\SYSTEM32\windows.storage.dll
0x00007ff884ee0000 - 0x00007ff885235000 	C:\Windows\System32\combase.dll
0x00007ff8823f0000 - 0x00007ff88241e000 	C:\Windows\SYSTEM32\Wldp.dll
0x00007ff883580000 - 0x00007ff88362d000 	C:\Windows\System32\SHCORE.dll
0x00007ff8832e0000 - 0x00007ff883335000 	C:\Windows\System32\shlwapi.dll
0x00007ff8828e0000 - 0x00007ff8828ff000 	C:\Windows\SYSTEM32\profapi.dll
0x00007ff8787e0000 - 0x00007ff8787f8000 	C:\Program Files\Java\jdk-17.0.2\bin\zip.dll
0x00007ff8788d0000 - 0x00007ff8788e9000 	C:\Program Files\Java\jdk-17.0.2\bin\net.dll
0x00007ff86e260000 - 0x00007ff86e36c000 	C:\Windows\SYSTEM32\WINHTTP.dll
0x00007ff8820e0000 - 0x00007ff88214a000 	C:\Windows\system32\mswsock.dll
0x00007ff878800000 - 0x00007ff878816000 	C:\Program Files\Java\jdk-17.0.2\bin\nio.dll
0x00007ff876f30000 - 0x00007ff876f4a000 	C:\Program Files\JetBrains\IntelliJ IDEA Community Edition 2021.3.2\bin\breakgen64.dll
0x00007ff8788a0000 - 0x00007ff8788b0000 	C:\Program Files\Java\jdk-17.0.2\bin\verify.dll

dbghelp: loaded successfully - version: 4.0.5 - missing functions: none
symbol engine: initialized successfully - sym options: 0x614 - pdb path: .;C:\Program Files\Java\jdk-17.0.2\bin;C:\Windows\SYSTEM32;C:\Windows\WinSxS\amd64_microsoft.windows.common-controls_6595b64144ccf1df_6.0.19041.1110_none_60b5254171f9507e;C:\Program Files\Java\jdk-17.0.2\bin\server;C:\Program Files\JetBrains\IntelliJ IDEA Community Edition 2021.3.2\bin

VM Arguments:
jvm_args: -ea -Didea.test.cyclic.buffer.size=1048576 -javaagent:C:\Program Files\JetBrains\IntelliJ IDEA Community Edition 2021.3.2\lib\idea_rt.jar=56531:C:\Program Files\JetBrains\IntelliJ IDEA Community Edition 2021.3.2\bin -Dfile.encoding=UTF-8 
java_command: com.intellij.rt.junit.JUnitStarter -ideVersion5 -junit4 get_http_request.day09.GetRequest22,test22
java_class_path (initial): C:\Program Files\JetBrains\IntelliJ IDEA Community Edition 2021.3.2\lib\idea_rt.jar;C:\Program Files\JetBrains\IntelliJ IDEA Community Edition 2021.3.2\plugins\junit\lib\junit5-rt.jar;C:\Program Files\JetBrains\IntelliJ IDEA Community Edition 2021.3.2\plugins\junit\lib\junit-rt.jar;C:\Users\ainag\IdeaProjects\Batch44Api\target\test-classes;C:\Users\ainag\IdeaProjects\Batch44Api\target\classes;C:\Users\ainag\.m2\repository\junit\junit\4.13.2\junit-4.13.2.jar;C:\Users\ainag\.m2\repository\org\hamcrest\hamcrest-core\1.3\hamcrest-core-1.3.jar;C:\Users\ainag\.m2\repository\org\json\json\20211205\json-20211205.jar;C:\Users\ainag\.m2\repository\io\rest-assured\rest-assured\4.5.1\rest-assured-4.5.1.jar;C:\Users\ainag\.m2\repository\org\codehaus\groovy\groovy\3.0.9\groovy-3.0.9.jar;C:\Users\ainag\.m2\repository\org\codehaus\groovy\groovy-xml\3.0.9\groovy-xml-3.0.9.jar;C:\Users\ainag\.m2\repository\org\apache\httpcomponents\httpclient\4.5.13\httpclient-4.5.13.jar;C:\Users\ainag\.m2\repository\org\apache\httpcomponents\httpcore\4.4.13\httpcore-4.4.13.jar;C:\Users\ainag\.m2\repository\commons-logging\commons-logging\1.2\commons-logging-1.2.jar;C:\Users\ainag\.m2\repository\commons-codec\commons-codec\1.11\commons-codec-1.11.jar;C:\Users\ainag\.m2\repository\org\apache\httpcomponents\httpmime\4.5.13\httpmime-4.5.13.jar;C:\Users\ainag\.m2\repository\org\hamcrest\hamcrest\2.1\hamcrest-2.1.jar;C:\Users\ainag\.m2\repository\org\ccil\cowan\tagsoup\tagsoup\1.2.1\tagsoup-1.2.1.jar;C:\Users\ainag\.m2\repository\io\rest-assured\json-path\4.5.1\json-path-4.5.1.jar;C:\Users\ainag\.m2\repository\org\codehaus\groovy\groovy-json\3.0.9\groovy-json-3.0.9.jar;C:\Users\ainag\.m2\repository\io\rest-assured\rest-assured-common\4.5.1\rest-assured-common-4.5.1.jar;C:\Users\ainag\.m2\repository\io\rest-assured\xml-path\4.5.1\xml-path-4.5.1.jar;C:\Users\ainag\.m2\repository\org\apache\commons\commons-lang3\3.11\commons-lang3-3.11.jar;C:\Users\ainag\.m2\repository\com\faster
Launcher Type: SUN_STANDARD

[Global flags]
     intx CICompilerCount                          = 12                                        {product} {ergonomic}
     uint ConcGCThreads                            = 3                                         {product} {ergonomic}
     uint G1ConcRefinementThreads                  = 13                                        {product} {ergonomic}
   size_t G1HeapRegionSize                         = 2097152                                   {product} {ergonomic}
    uintx GCDrainStackTargetSize                   = 64                                        {product} {ergonomic}
   size_t InitialHeapSize                          = 264241152                                 {product} {ergonomic}
   size_t MarkStackSize                            = 4194304                                   {product} {ergonomic}
   size_t MaxHeapSize                              = 4217372672                                {product} {ergonomic}
   size_t MaxNewSize                               = 2529165312                                {product} {ergonomic}
   size_t MinHeapDeltaBytes                        = 2097152                                   {product} {ergonomic}
   size_t MinHeapSize                              = 8388608                                   {product} {ergonomic}
    uintx NonNMethodCodeHeapSize                   = 7602480                                {pd product} {ergonomic}
    uintx NonProfiledCodeHeapSize                  = 122027880                              {pd product} {ergonomic}
    uintx ProfiledCodeHeapSize                     = 122027880                              {pd product} {ergonomic}
    uintx ReservedCodeCacheSize                    = 251658240                              {pd product} {ergonomic}
     bool SegmentedCodeCache                       = true                                      {product} {ergonomic}
   size_t SoftMaxHeapSize                          = 4217372672                             {manageable} {ergonomic}
     bool UseCompressedClassPointers               = true                           {product lp64_product} {ergonomic}
     bool UseCompressedOops                        = true                           {product lp64_product} {ergonomic}
     bool UseG1GC                                  = true                                      {product} {ergonomic}
     bool UseLargePagesIndividualAllocation        = false                                  {pd product} {ergonomic}

Logging:
Log output configuration:
 #0: stdout all=warning uptime,level,tags
 #1: stderr all=off uptime,level,tags

Environment Variables:
JAVA_HOME=C:\Program Files\Java\jdk-17.0.2
PATH=C:\Program Files\Common Files\Oracle\Java\javapath;C:\Windows\system32;C:\Windows;C:\Windows\System32\Wbem;C:\Windows\System32\WindowsPowerShell\v1.0\;C:\Windows\System32\OpenSSH\;C:\Program Files (x86)\NVIDIA Corporation\PhysX\Common;C:\Program Files\NVIDIA Corporation\NVIDIA NvDLISR;C:\Program Files\Git\cmd;C:\Users\ainag\AppData\Local\Microsoft\WindowsApps;C:\Program Files\Java\jdk-17.0.2\bin;C:\Users\ainag\AppData\Local\GitHubDesktop\bin;C:\Users\ainag\AppData\Local\Programs\Microsoft VS Code\bin
USERNAME=ainag
OS=Windows_NT
PROCESSOR_IDENTIFIER=Intel64 Family 6 Model 141 Stepping 1, GenuineIntel



---------------  S Y S T E M  ---------------

OS:
 Windows 10 , 64 bit Build 19041 (10.0.19041.1503)
OS uptime: 0 days 7:48 hours

CPU: total 16 (initial active 16) (8 cores per cpu, 2 threads per core) family 6 model 141 stepping 1 microcode 0x26, cx8, cmov, fxsr, ht, mmx, 3dnowpref, sse, sse2, sse3, ssse3, sse4.1, sse4.2, popcnt, lzcnt, tsc, tscinvbit, avx, avx2, aes, erms, clmul, bmi1, bmi2, adx, avx512f, avx512dq, avx512cd, avx512bw, avx512vl, sha, fma, vzeroupper, avx512_vpopcntdq, avx512_vpclmulqdq, avx512_vaes, avx512_vnni, clflush, clflushopt, clwb, avx512_vbmi2, avx512_vbmi

Memory: 4k page, system-wide physical 16085M (9044M free)
TotalPageFile size 46444M (AvailPageFile size 10M)
current process WorkingSet (physical memory assigned to process): 46M, peak: 46M
current process commit charge ("private bytes"): 358M, peak: 358M

vm_info: Java HotSpot(TM) 64-Bit Server VM (17.0.2+8-LTS-86) for windows-amd64 JRE (17.0.2+8-LTS-86), built on Dec  7 2021 21:51:03 by "mach5one" with MS VC++ 16.8 / 16.9 (VS2019)

END.
