#
# There is insufficient memory for the Java Runtime Environment to continue.
# Native memory allocation (malloc) failed to allocate 372656 bytes for Chunk::new
# Possible reasons:
#   The system is out of physical RAM or swap space
#   The process is running with CompressedOops enabled, and the Java Heap may be blocking the growth of the native heap
# Possible solutions:
#   Reduce memory load on the system
#   Increase physical memory or swap space
#   Check if swap backing store is full
#   Decrease Java heap size (-Xmx/-Xms)
#   Decrease number of Java threads
#   Decrease Java thread stack sizes (-Xss)
#   Set larger code cache with -XX:ReservedCodeCacheSize=
#   JVM is running with Zero Based Compressed Oops mode in which the Java heap is
#     placed in the first 32GB address space. The Java Heap base address is the
#     maximum limit for the native heap growth. Please use -XX:HeapBaseMinAddress
#     to set the Java Heap base and to place the Java Heap above 32GB virtual address.
# This output file may be truncated or incomplete.
#
#  Out of Memory Error (arena.cpp:189), pid=10952, tid=12512
#
# JRE version: Java(TM) SE Runtime Environment (17.0.2+8) (build 17.0.2+8-LTS-86)
# Java VM: Java HotSpot(TM) 64-Bit Server VM (17.0.2+8-LTS-86, mixed mode, sharing, tiered, compressed oops, compressed class ptrs, g1 gc, windows-amd64)
# No core dump will be written. Minidumps are not enabled by default on client versions of Windows
#

---------------  S U M M A R Y ------------

Command Line: -ea -Didea.test.cyclic.buffer.size=1048576 -javaagent:C:\Program Files\JetBrains\IntelliJ IDEA Community Edition 2021.3.2\lib\idea_rt.jar=56521:C:\Program Files\JetBrains\IntelliJ IDEA Community Edition 2021.3.2\bin -Dfile.encoding=UTF-8 com.intellij.rt.junit.JUnitStarter -ideVersion5 -junit4 get_http_request.day09.GetRequest22,test22

Host: 11th Gen Intel(R) Core(TM) i7-11800H @ 2.30GHz, 16 cores, 15G,  Windows 10 , 64 bit Build 19041 (10.0.19041.1503)
Time: Tue Mar  8 22:04:45 2022 Romance Standard Time elapsed time: 0.565149 seconds (0d 0h 0m 0s)

---------------  T H R E A D  ---------------

Current thread (0x0000020cfedebee0):  JavaThread "C2 CompilerThread3" daemon [_thread_in_native, id=12512, stack(0x000000a7c5b00000,0x000000a7c5c00000)]


Current CompileTask:
C2:    565 1689       4       java.util.regex.Pattern::split (288 bytes)

Stack: [0x000000a7c5b00000,0x000000a7c5c00000]
Native frames: (J=compiled Java code, j=interpreted, Vv=VM code, C=native code)
V  [jvm.dll+0x670baa]
V  [jvm.dll+0x7cfcb4]
V  [jvm.dll+0x7d145e]
V  [jvm.dll+0x7d1ac3]
V  [jvm.dll+0x242bc5]
V  [jvm.dll+0xaa57b]
V  [jvm.dll+0xaab0c]
V  [jvm.dll+0x2a991f]
V  [jvm.dll+0x5792d9]
V  [jvm.dll+0x21de3d]
V  [jvm.dll+0x21734f]
V  [jvm.dll+0x214fab]
V  [jvm.dll+0x1a1bbd]
V  [jvm.dll+0x224908]
V  [jvm.dll+0x222a6c]
V  [jvm.dll+0x7859bb]
V  [jvm.dll+0x77ff7a]
V  [jvm.dll+0x66fa35]
C  [ucrtbase.dll+0x21bb2]
C  [KERNEL32.DLL+0x17034]
C  [ntdll.dll+0x52651]


---------------  P R O C E S S  ---------------

Threads class SMR info:
_java_thread_list=0x0000020cff8d5320, length=20, elements={
0x0000020ce9cd6110, 0x0000020cfe3a08b0, 0x0000020cfe3a1370, 0x0000020cfe3b40f0,
0x0000020cfe3b69c0, 0x0000020cfe3b98a0, 0x0000020cfe3ba160, 0x0000020cfe3bad50,
0x0000020cfe3c6f70, 0x0000020cfe3c7870, 0x0000020cfe3888e0, 0x0000020cfedeaaa0,
0x0000020cfedec3f0, 0x0000020cfef0c2b0, 0x0000020cfef0d580, 0x0000020cfede9660,
0x0000020cfedeb4c0, 0x0000020cfedeb9d0, 0x0000020cfedebee0, 0x0000020cfedea080
}

Java Threads: ( => current thread )
  0x0000020ce9cd6110 JavaThread "main" [_thread_in_Java, id=14876, stack(0x000000a7c3c00000,0x000000a7c3d00000)]
  0x0000020cfe3a08b0 JavaThread "Reference Handler" daemon [_thread_blocked, id=9300, stack(0x000000a7c4300000,0x000000a7c4400000)]
  0x0000020cfe3a1370 JavaThread "Finalizer" daemon [_thread_blocked, id=4752, stack(0x000000a7c4400000,0x000000a7c4500000)]
  0x0000020cfe3b40f0 JavaThread "Signal Dispatcher" daemon [_thread_blocked, id=18276, stack(0x000000a7c4500000,0x000000a7c4600000)]
  0x0000020cfe3b69c0 JavaThread "Attach Listener" daemon [_thread_blocked, id=16664, stack(0x000000a7c4600000,0x000000a7c4700000)]
  0x0000020cfe3b98a0 JavaThread "Service Thread" daemon [_thread_blocked, id=6224, stack(0x000000a7c4700000,0x000000a7c4800000)]
  0x0000020cfe3ba160 JavaThread "Monitor Deflation Thread" daemon [_thread_blocked, id=13196, stack(0x000000a7c4800000,0x000000a7c4900000)]
  0x0000020cfe3bad50 JavaThread "C2 CompilerThread0" daemon [_thread_in_native, id=8568, stack(0x000000a7c4900000,0x000000a7c4a00000)]
  0x0000020cfe3c6f70 JavaThread "C1 CompilerThread0" daemon [_thread_blocked, id=8684, stack(0x000000a7c4a00000,0x000000a7c4b00000)]
  0x0000020cfe3c7870 JavaThread "Sweeper thread" daemon [_thread_blocked, id=1484, stack(0x000000a7c4b00000,0x000000a7c4c00000)]
  0x0000020cfe3888e0 JavaThread "Common-Cleaner" daemon [_thread_blocked, id=15216, stack(0x000000a7c4c00000,0x000000a7c4d00000)]
  0x0000020cfedeaaa0 JavaThread "C1 CompilerThread1" daemon [_thread_blocked, id=284, stack(0x000000a7c4d00000,0x000000a7c4e00000)]
  0x0000020cfedec3f0 JavaThread "C1 CompilerThread2" daemon [_thread_in_native, id=15168, stack(0x000000a7c4e00000,0x000000a7c4f00000)]
  0x0000020cfef0c2b0 JavaThread "Monitor Ctrl-Break" daemon [_thread_in_native, id=5112, stack(0x000000a7c4f00000,0x000000a7c5000000)]
  0x0000020cfef0d580 JavaThread "Notification Thread" daemon [_thread_blocked, id=2016, stack(0x000000a7c5000000,0x000000a7c5100000)]
  0x0000020cfede9660 JavaThread "C2 CompilerThread1" daemon [_thread_in_native, id=18216, stack(0x000000a7c5200000,0x000000a7c5300000)]
  0x0000020cfedeb4c0 JavaThread "C1 CompilerThread3" daemon [_thread_blocked, id=4784, stack(0x000000a7c5900000,0x000000a7c5a00000)]
  0x0000020cfedeb9d0 JavaThread "C2 CompilerThread2" daemon [_thread_in_native, id=13820, stack(0x000000a7c5a00000,0x000000a7c5b00000)]
=>0x0000020cfedebee0 JavaThread "C2 CompilerThread3" daemon [_thread_in_native, id=12512, stack(0x000000a7c5b00000,0x000000a7c5c00000)]
  0x0000020cfedea080 JavaThread "C2 CompilerThread4" daemon [_thread_in_native, id=13592, stack(0x000000a7c5c00000,0x000000a7c5d00000)]

Other Threads:
  0x0000020cfe39bf00 VMThread "VM Thread" [stack: 0x000000a7c4200000,0x000000a7c4300000] [id=6116]
  0x0000020ce9d43b20 WatcherThread [stack: 0x000000a7c5100000,0x000000a7c5200000] [id=17836]
  0x0000020ce9d24ef0 GCTaskThread "GC Thread#0" [stack: 0x000000a7c3d00000,0x000000a7c3e00000] [id=3348]
  0x0000020cff02a4c0 GCTaskThread "GC Thread#1" [stack: 0x000000a7c5300000,0x000000a7c5400000] [id=14936]
  0x0000020cff028c90 GCTaskThread "GC Thread#2" [stack: 0x000000a7c5400000,0x000000a7c5500000] [id=13824]
  0x0000020cff028f40 GCTaskThread "GC Thread#3" [stack: 0x000000a7c5500000,0x000000a7c5600000] [id=3316]
  0x0000020cff02a210 GCTaskThread "GC Thread#4" [stack: 0x000000a7c5600000,0x000000a7c5700000] [id=13200]
  0x0000020cff0291f0 GCTaskThread "GC Thread#5" [stack: 0x000000a7c5700000,0x000000a7c5800000] [id=1728]
  0x0000020cff0294a0 GCTaskThread "GC Thread#6" [stack: 0x000000a7c5800000,0x000000a7c5900000] [id=17520]
  0x0000020ce7c5de90 ConcurrentGCThread "G1 Main Marker" [stack: 0x000000a7c3e00000,0x000000a7c3f00000] [id=11976]
  0x0000020ce9d339d0 ConcurrentGCThread "G1 Conc#0" [stack: 0x000000a7c3f00000,0x000000a7c4000000] [id=11636]
  0x0000020ce9d9d8e0 ConcurrentGCThread "G1 Refine#0" [stack: 0x000000a7c4000000,0x000000a7c4100000] [id=2244]
  0x0000020ce9d9e210 ConcurrentGCThread "G1 Service" [stack: 0x000000a7c4100000,0x000000a7c4200000] [id=18376]

Threads with active compile tasks:
C2 CompilerThread0      579 1691       4       java.util.regex.Pattern::compile (500 bytes)
C1 CompilerThread0      579 1788       3       jdk.internal.reflect.ByteVectorImpl::getLength (7 bytes)
C1 CompilerThread1      579 1789       1       java.lang.Class::getAnnotationType (5 bytes)
C1 CompilerThread3      579 1786   !   3       jdk.internal.reflect.UTF8::encode (191 bytes)
C2 CompilerThread2      579 1686       4       jdk.internal.jimage.ImageLocation::getFullName (109 bytes)
C2 CompilerThread3      579 1689       4       java.util.regex.Pattern::split (288 bytes)
C2 CompilerThread4      579 1717       4       java.util.HashMap$KeySpliterator::tryAdvance (138 bytes)

VM state: not at safepoint (normal execution)

VM Mutex/Monitor currently owned by a thread: None

Heap address: 0x0000000704a00000, size: 4022 MB, Compressed Oops mode: Zero based, Oop shift amount: 3

CDS archive(s) mapped at: [0x0000000800000000-0x0000000800bc0000-0x0000000800bc0000), size 12320768, SharedBaseAddress: 0x0000000800000000, ArchiveRelocationMode: 0.
Compressed class space mapped at: 0x0000000800c00000-0x0000000840c00000, reserved size: 1073741824
Narrow klass base: 0x0000000800000000, Narrow klass shift: 0, Narrow klass range: 0x100000000

GC Precious Log:
 CPUs: 16 total, 16 available
 Memory: 16085M
 Large Page Support: Disabled
 NUMA Support: Disabled
 Compressed Oops: Enabled (Zero based)
 Heap Region Size: 2M
 Heap Min Capacity: 8M
 Heap Initial Capacity: 252M
 Heap Max Capacity: 4022M
 Pre-touch: Disabled
 Parallel Workers: 13
 Concurrent Workers: 3
 Concurrent Refinement Workers: 13
 Periodic GC: Disabled

Heap:
 garbage-first heap   total 258048K, used 24697K [0x0000000704a00000, 0x0000000800000000)
  region size 2048K, 13 young (26624K), 2 survivors (4096K)
 Metaspace       used 8539K, committed 8704K, reserved 1064960K
  class space    used 885K, committed 960K, reserved 1048576K

Heap Regions: E=young(eden), S=young(survivor), O=old, HS=humongous(starts), HC=humongous(continues), CS=collection set, F=free, OA=open archive, CA=closed archive, TAMS=top-at-mark-start (previous, next)
|   0|0x0000000704a00000, 0x0000000704a1e600, 0x0000000704c00000|  5%| O|  |TAMS 0x0000000704a00000, 0x0000000704a00000| Untracked 
|   1|0x0000000704c00000, 0x0000000704c00000, 0x0000000704e00000|  0%| F|  |TAMS 0x0000000704c00000, 0x0000000704c00000| Untracked 
|   2|0x0000000704e00000, 0x0000000704e00000, 0x0000000705000000|  0%| F|  |TAMS 0x0000000704e00000, 0x0000000704e00000| Untracked 
|   3|0x0000000705000000, 0x0000000705000000, 0x0000000705200000|  0%| F|  |TAMS 0x0000000705000000, 0x0000000705000000| Untracked 
|   4|0x0000000705200000, 0x0000000705200000, 0x0000000705400000|  0%| F|  |TAMS 0x0000000705200000, 0x0000000705200000| Untracked 
|   5|0x0000000705400000, 0x0000000705400000, 0x0000000705600000|  0%| F|  |TAMS 0x0000000705400000, 0x0000000705400000| Untracked 
|   6|0x0000000705600000, 0x0000000705600000, 0x0000000705800000|  0%| F|  |TAMS 0x0000000705600000, 0x0000000705600000| Untracked 
|   7|0x0000000705800000, 0x0000000705800000, 0x0000000705a00000|  0%| F|  |TAMS 0x0000000705800000, 0x0000000705800000| Untracked 
|   8|0x0000000705a00000, 0x0000000705a00000, 0x0000000705c00000|  0%| F|  |TAMS 0x0000000705a00000, 0x0000000705a00000| Untracked 
|   9|0x0000000705c00000, 0x0000000705c00000, 0x0000000705e00000|  0%| F|  |TAMS 0x0000000705c00000, 0x0000000705c00000| Untracked 
|  10|0x0000000705e00000, 0x0000000705e00000, 0x0000000706000000|  0%| F|  |TAMS 0x0000000705e00000, 0x0000000705e00000| Untracked 
|  11|0x0000000706000000, 0x0000000706000000, 0x0000000706200000|  0%| F|  |TAMS 0x0000000706000000, 0x0000000706000000| Untracked 
|  12|0x0000000706200000, 0x0000000706200000, 0x0000000706400000|  0%| F|  |TAMS 0x0000000706200000, 0x0000000706200000| Untracked 
|  13|0x0000000706400000, 0x0000000706400000, 0x0000000706600000|  0%| F|  |TAMS 0x0000000706400000, 0x0000000706400000| Untracked 
|  14|0x0000000706600000, 0x0000000706600000, 0x0000000706800000|  0%| F|  |TAMS 0x0000000706600000, 0x0000000706600000| Untracked 
|  15|0x0000000706800000, 0x0000000706800000, 0x0000000706a00000|  0%| F|  |TAMS 0x0000000706800000, 0x0000000706800000| Untracked 
|  16|0x0000000706a00000, 0x0000000706a00000, 0x0000000706c00000|  0%| F|  |TAMS 0x0000000706a00000, 0x0000000706a00000| Untracked 
|  17|0x0000000706c00000, 0x0000000706c00000, 0x0000000706e00000|  0%| F|  |TAMS 0x0000000706c00000, 0x0000000706c00000| Untracked 
|  18|0x0000000706e00000, 0x0000000706e00000, 0x0000000707000000|  0%| F|  |TAMS 0x0000000706e00000, 0x0000000706e00000| Untracked 
|  19|0x0000000707000000, 0x0000000707000000, 0x0000000707200000|  0%| F|  |TAMS 0x0000000707000000, 0x0000000707000000| Untracked 
|  20|0x0000000707200000, 0x0000000707200000, 0x0000000707400000|  0%| F|  |TAMS 0x0000000707200000, 0x0000000707200000| Untracked 
|  21|0x0000000707400000, 0x0000000707400000, 0x0000000707600000|  0%| F|  |TAMS 0x0000000707400000, 0x0000000707400000| Untracked 
|  22|0x0000000707600000, 0x0000000707600000, 0x0000000707800000|  0%| F|  |TAMS 0x0000000707600000, 0x0000000707600000| Untracked 
|  23|0x0000000707800000, 0x0000000707800000, 0x0000000707a00000|  0%| F|  |TAMS 0x0000000707800000, 0x0000000707800000| Untracked 
|  24|0x0000000707a00000, 0x0000000707a00000, 0x0000000707c00000|  0%| F|  |TAMS 0x0000000707a00000, 0x0000000707a00000| Untracked 
|  25|0x0000000707c00000, 0x0000000707c00000, 0x0000000707e00000|  0%| F|  |TAMS 0x0000000707c00000, 0x0000000707c00000| Untracked 
|  26|0x0000000707e00000, 0x0000000707e00000, 0x0000000708000000|  0%| F|  |TAMS 0x0000000707e00000, 0x0000000707e00000| Untracked 
|  27|0x0000000708000000, 0x0000000708000000, 0x0000000708200000|  0%| F|  |TAMS 0x0000000708000000, 0x0000000708000000| Untracked 
|  28|0x0000000708200000, 0x0000000708200000, 0x0000000708400000|  0%| F|  |TAMS 0x0000000708200000, 0x0000000708200000| Untracked 
|  29|0x0000000708400000, 0x0000000708400000, 0x0000000708600000|  0%| F|  |TAMS 0x0000000708400000, 0x0000000708400000| Untracked 
|  30|0x0000000708600000, 0x0000000708600000, 0x0000000708800000|  0%| F|  |TAMS 0x0000000708600000, 0x0000000708600000| Untracked 
|  31|0x0000000708800000, 0x0000000708800000, 0x0000000708a00000|  0%| F|  |TAMS 0x0000000708800000, 0x0000000708800000| Untracked 
|  32|0x0000000708a00000, 0x0000000708a00000, 0x0000000708c00000|  0%| F|  |TAMS 0x0000000708a00000, 0x0000000708a00000| Untracked 
|  33|0x0000000708c00000, 0x0000000708c00000, 0x0000000708e00000|  0%| F|  |TAMS 0x0000000708c00000, 0x0000000708c00000| Untracked 
|  34|0x0000000708e00000, 0x0000000708e00000, 0x0000000709000000|  0%| F|  |TAMS 0x0000000708e00000, 0x0000000708e00000| Untracked 
|  35|0x0000000709000000, 0x0000000709000000, 0x0000000709200000|  0%| F|  |TAMS 0x0000000709000000, 0x0000000709000000| Untracked 
|  36|0x0000000709200000, 0x0000000709200000, 0x0000000709400000|  0%| F|  |TAMS 0x0000000709200000, 0x0000000709200000| Untracked 
|  37|0x0000000709400000, 0x0000000709400000, 0x0000000709600000|  0%| F|  |TAMS 0x0000000709400000, 0x0000000709400000| Untracked 
|  38|0x0000000709600000, 0x0000000709600000, 0x0000000709800000|  0%| F|  |TAMS 0x0000000709600000, 0x0000000709600000| Untracked 
|  39|0x0000000709800000, 0x0000000709800000, 0x0000000709a00000|  0%| F|  |TAMS 0x0000000709800000, 0x0000000709800000| Untracked 
|  40|0x0000000709a00000, 0x0000000709a00000, 0x0000000709c00000|  0%| F|  |TAMS 0x0000000709a00000, 0x0000000709a00000| Untracked 
|  41|0x0000000709c00000, 0x0000000709c00000, 0x0000000709e00000|  0%| F|  |TAMS 0x0000000709c00000, 0x0000000709c00000| Untracked 
|  42|0x0000000709e00000, 0x0000000709e00000, 0x000000070a000000|  0%| F|  |TAMS 0x0000000709e00000, 0x0000000709e00000| Untracked 
|  43|0x000000070a000000, 0x000000070a000000, 0x000000070a200000|  0%| F|  |TAMS 0x000000070a000000, 0x000000070a000000| Untracked 
|  44|0x000000070a200000, 0x000000070a200000, 0x000000070a400000|  0%| F|  |TAMS 0x000000070a200000, 0x000000070a200000| Untracked 
|  45|0x000000070a400000, 0x000000070a400000, 0x000000070a600000|  0%| F|  |TAMS 0x000000070a400000, 0x000000070a400000| Untracked 
|  46|0x000000070a600000, 0x000000070a600000, 0x000000070a800000|  0%| F|  |TAMS 0x000000070a600000, 0x000000070a600000| Untracked 
|  47|0x000000070a800000, 0x000000070a800000, 0x000000070aa00000|  0%| F|  |TAMS 0x000000070a800000, 0x000000070a800000| Untracked 
|  48|0x000000070aa00000, 0x000000070aa00000, 0x000000070ac00000|  0%| F|  |TAMS 0x000000070aa00000, 0x000000070aa00000| Untracked 
|  49|0x000000070ac00000, 0x000000070ac00000, 0x000000070ae00000|  0%| F|  |TAMS 0x000000070ac00000, 0x000000070ac00000| Untracked 
|  50|0x000000070ae00000, 0x000000070ae00000, 0x000000070b000000|  0%| F|  |TAMS 0x000000070ae00000, 0x000000070ae00000| Untracked 
|  51|0x000000070b000000, 0x000000070b000000, 0x000000070b200000|  0%| F|  |TAMS 0x000000070b000000, 0x000000070b000000| Untracked 
|  52|0x000000070b200000, 0x000000070b200000, 0x000000070b400000|  0%| F|  |TAMS 0x000000070b200000, 0x000000070b200000| Untracked 
|  53|0x000000070b400000, 0x000000070b400000, 0x000000070b600000|  0%| F|  |TAMS 0x000000070b400000, 0x000000070b400000| Untracked 
|  54|0x000000070b600000, 0x000000070b600000, 0x000000070b800000|  0%| F|  |TAMS 0x000000070b600000, 0x000000070b600000| Untracked 
|  55|0x000000070b800000, 0x000000070b800000, 0x000000070ba00000|  0%| F|  |TAMS 0x000000070b800000, 0x000000070b800000| Untracked 
|  56|0x000000070ba00000, 0x000000070ba00000, 0x000000070bc00000|  0%| F|  |TAMS 0x000000070ba00000, 0x000000070ba00000| Untracked 
|  57|0x000000070bc00000, 0x000000070bc00000, 0x000000070be00000|  0%| F|  |TAMS 0x000000070bc00000, 0x000000070bc00000| Untracked 
|  58|0x000000070be00000, 0x000000070be00000, 0x000000070c000000|  0%| F|  |TAMS 0x000000070be00000, 0x000000070be00000| Untracked 
|  59|0x000000070c000000, 0x000000070c000000, 0x000000070c200000|  0%| F|  |TAMS 0x000000070c000000, 0x000000070c000000| Untracked 
|  60|0x000000070c200000, 0x000000070c200000, 0x000000070c400000|  0%| F|  |TAMS 0x000000070c200000, 0x000000070c200000| Untracked 
|  61|0x000000070c400000, 0x000000070c400000, 0x000000070c600000|  0%| F|  |TAMS 0x000000070c400000, 0x000000070c400000| Untracked 
|  62|0x000000070c600000, 0x000000070c600000, 0x000000070c800000|  0%| F|  |TAMS 0x000000070c600000, 0x000000070c600000| Untracked 
|  63|0x000000070c800000, 0x000000070c800000, 0x000000070ca00000|  0%| F|  |TAMS 0x000000070c800000, 0x000000070c800000| Untracked 
|  64|0x000000070ca00000, 0x000000070ca00000, 0x000000070cc00000|  0%| F|  |TAMS 0x000000070ca00000, 0x000000070ca00000| Untracked 
|  65|0x000000070cc00000, 0x000000070cc00000, 0x000000070ce00000|  0%| F|  |TAMS 0x000000070cc00000, 0x000000070cc00000| Untracked 
|  66|0x000000070ce00000, 0x000000070ce00000, 0x000000070d000000|  0%| F|  |TAMS 0x000000070ce00000, 0x000000070ce00000| Untracked 
|  67|0x000000070d000000, 0x000000070d000000, 0x000000070d200000|  0%| F|  |TAMS 0x000000070d000000, 0x000000070d000000| Untracked 
|  68|0x000000070d200000, 0x000000070d200000, 0x000000070d400000|  0%| F|  |TAMS 0x000000070d200000, 0x000000070d200000| Untracked 
|  69|0x000000070d400000, 0x000000070d400000, 0x000000070d600000|  0%| F|  |TAMS 0x000000070d400000, 0x000000070d400000| Untracked 
|  70|0x000000070d600000, 0x000000070d600000, 0x000000070d800000|  0%| F|  |TAMS 0x000000070d600000, 0x000000070d600000| Untracked 
|  71|0x000000070d800000, 0x000000070d800000, 0x000000070da00000|  0%| F|  |TAMS 0x000000070d800000, 0x000000070d800000| Untracked 
|  72|0x000000070da00000, 0x000000070da00000, 0x000000070dc00000|  0%| F|  |TAMS 0x000000070da00000, 0x000000070da00000| Untracked 
|  73|0x000000070dc00000, 0x000000070dc00000, 0x000000070de00000|  0%| F|  |TAMS 0x000000070dc00000, 0x000000070dc00000| Untracked 
|  74|0x000000070de00000, 0x000000070de00000, 0x000000070e000000|  0%| F|  |TAMS 0x000000070de00000, 0x000000070de00000| Untracked 
|  75|0x000000070e000000, 0x000000070e000000, 0x000000070e200000|  0%| F|  |TAMS 0x000000070e000000, 0x000000070e000000| Untracked 
|  76|0x000000070e200000, 0x000000070e200000, 0x000000070e400000|  0%| F|  |TAMS 0x000000070e200000, 0x000000070e200000| Untracked 
|  77|0x000000070e400000, 0x000000070e400000, 0x000000070e600000|  0%| F|  |TAMS 0x000000070e400000, 0x000000070e400000| Untracked 
|  78|0x000000070e600000, 0x000000070e600000, 0x000000070e800000|  0%| F|  |TAMS 0x000000070e600000, 0x000000070e600000| Untracked 
|  79|0x000000070e800000, 0x000000070e800000, 0x000000070ea00000|  0%| F|  |TAMS 0x000000070e800000, 0x000000070e800000| Untracked 
|  80|0x000000070ea00000, 0x000000070ea00000, 0x000000070ec00000|  0%| F|  |TAMS 0x000000070ea00000, 0x000000070ea00000| Untracked 
|  81|0x000000070ec00000, 0x000000070ec00000, 0x000000070ee00000|  0%| F|  |TAMS 0x000000070ec00000, 0x000000070ec00000| Untracked 
|  82|0x000000070ee00000, 0x000000070ee00000, 0x000000070f000000|  0%| F|  |TAMS 0x000000070ee00000, 0x000000070ee00000| Untracked 
|  83|0x000000070f000000, 0x000000070f000000, 0x000000070f200000|  0%| F|  |TAMS 0x000000070f000000, 0x000000070f000000| Untracked 
|  84|0x000000070f200000, 0x000000070f200000, 0x000000070f400000|  0%| F|  |TAMS 0x000000070f200000, 0x000000070f200000| Untracked 
|  85|0x000000070f400000, 0x000000070f400000, 0x000000070f600000|  0%| F|  |TAMS 0x000000070f400000, 0x000000070f400000| Untracked 
|  86|0x000000070f600000, 0x000000070f600000, 0x000000070f800000|  0%| F|  |TAMS 0x000000070f600000, 0x000000070f600000| Untracked 
|  87|0x000000070f800000, 0x000000070f800000, 0x000000070fa00000|  0%| F|  |TAMS 0x000000070f800000, 0x000000070f800000| Untracked 
|  88|0x000000070fa00000, 0x000000070fa00000, 0x000000070fc00000|  0%| F|  |TAMS 0x000000070fa00000, 0x000000070fa00000| Untracked 
|  89|0x000000070fc00000, 0x000000070fc00000, 0x000000070fe00000|  0%| F|  |TAMS 0x000000070fc00000, 0x000000070fc00000| Untracked 
|  90|0x000000070fe00000, 0x000000070fe00000, 0x0000000710000000|  0%| F|  |TAMS 0x000000070fe00000, 0x000000070fe00000| Untracked 
|  91|0x0000000710000000, 0x0000000710000000, 0x0000000710200000|  0%| F|  |TAMS 0x0000000710000000, 0x0000000710000000| Untracked 
|  92|0x0000000710200000, 0x0000000710200000, 0x0000000710400000|  0%| F|  |TAMS 0x0000000710200000, 0x0000000710200000| Untracked 
|  93|0x0000000710400000, 0x0000000710400000, 0x0000000710600000|  0%| F|  |TAMS 0x0000000710400000, 0x0000000710400000| Untracked 
|  94|0x0000000710600000, 0x0000000710600000, 0x0000000710800000|  0%| F|  |TAMS 0x0000000710600000, 0x0000000710600000| Untracked 
|  95|0x0000000710800000, 0x0000000710800000, 0x0000000710a00000|  0%| F|  |TAMS 0x0000000710800000, 0x0000000710800000| Untracked 
|  96|0x0000000710a00000, 0x0000000710a00000, 0x0000000710c00000|  0%| F|  |TAMS 0x0000000710a00000, 0x0000000710a00000| Untracked 
|  97|0x0000000710c00000, 0x0000000710c00000, 0x0000000710e00000|  0%| F|  |TAMS 0x0000000710c00000, 0x0000000710c00000| Untracked 
|  98|0x0000000710e00000, 0x0000000710e00000, 0x0000000711000000|  0%| F|  |TAMS 0x0000000710e00000, 0x0000000710e00000| Untracked 
|  99|0x0000000711000000, 0x0000000711000000, 0x0000000711200000|  0%| F|  |TAMS 0x0000000711000000, 0x0000000711000000| Untracked 
| 100|0x0000000711200000, 0x0000000711200000, 0x0000000711400000|  0%| F|  |TAMS 0x0000000711200000, 0x0000000711200000| Untracked 
| 101|0x0000000711400000, 0x0000000711400000, 0x0000000711600000|  0%| F|  |TAMS 0x0000000711400000, 0x0000000711400000| Untracked 
| 102|0x0000000711600000, 0x0000000711600000, 0x0000000711800000|  0%| F|  |TAMS 0x0000000711600000, 0x0000000711600000| Untracked 
| 103|0x0000000711800000, 0x0000000711800000, 0x0000000711a00000|  0%| F|  |TAMS 0x0000000711800000, 0x0000000711800000| Untracked 
| 104|0x0000000711a00000, 0x0000000711a00000, 0x0000000711c00000|  0%| F|  |TAMS 0x0000000711a00000, 0x0000000711a00000| Untracked 
| 105|0x0000000711c00000, 0x0000000711c00000, 0x0000000711e00000|  0%| F|  |TAMS 0x0000000711c00000, 0x0000000711c00000| Untracked 
| 106|0x0000000711e00000, 0x0000000711e00000, 0x0000000712000000|  0%| F|  |TAMS 0x0000000711e00000, 0x0000000711e00000| Untracked 
| 107|0x0000000712000000, 0x0000000712000000, 0x0000000712200000|  0%| F|  |TAMS 0x0000000712000000, 0x0000000712000000| Untracked 
| 108|0x0000000712200000, 0x0000000712200000, 0x0000000712400000|  0%| F|  |TAMS 0x0000000712200000, 0x0000000712200000| Untracked 
| 109|0x0000000712400000, 0x0000000712400000, 0x0000000712600000|  0%| F|  |TAMS 0x0000000712400000, 0x0000000712400000| Untracked 
| 110|0x0000000712600000, 0x0000000712600000, 0x0000000712800000|  0%| F|  |TAMS 0x0000000712600000, 0x0000000712600000| Untracked 
| 111|0x0000000712800000, 0x0000000712800000, 0x0000000712a00000|  0%| F|  |TAMS 0x0000000712800000, 0x0000000712800000| Untracked 
| 112|0x0000000712a00000, 0x0000000712a00000, 0x0000000712c00000|  0%| F|  |TAMS 0x0000000712a00000, 0x0000000712a00000| Untracked 
| 113|0x0000000712c00000, 0x0000000712e00000, 0x0000000712e00000|100%| S|CS|TAMS 0x0000000712c00000, 0x0000000712c00000| Complete 
| 114|0x0000000712e00000, 0x0000000713000000, 0x0000000713000000|100%| S|CS|TAMS 0x0000000712e00000, 0x0000000712e00000| Complete 
| 115|0x0000000713000000, 0x000000071319a580, 0x0000000713200000| 80%| E|  |TAMS 0x0000000713000000, 0x0000000713000000| Complete 
| 116|0x0000000713200000, 0x0000000713400000, 0x0000000713400000|100%| E|CS|TAMS 0x0000000713200000, 0x0000000713200000| Complete 
| 117|0x0000000713400000, 0x0000000713600000, 0x0000000713600000|100%| E|CS|TAMS 0x0000000713400000, 0x0000000713400000| Complete 
| 118|0x0000000713600000, 0x0000000713800000, 0x0000000713800000|100%| E|CS|TAMS 0x0000000713600000, 0x0000000713600000| Complete 
| 119|0x0000000713800000, 0x0000000713a00000, 0x0000000713a00000|100%| E|CS|TAMS 0x0000000713800000, 0x0000000713800000| Complete 
| 120|0x0000000713a00000, 0x0000000713c00000, 0x0000000713c00000|100%| E|CS|TAMS 0x0000000713a00000, 0x0000000713a00000| Complete 
| 121|0x0000000713c00000, 0x0000000713e00000, 0x0000000713e00000|100%| E|CS|TAMS 0x0000000713c00000, 0x0000000713c00000| Complete 
| 122|0x0000000713e00000, 0x0000000714000000, 0x0000000714000000|100%| E|CS|TAMS 0x0000000713e00000, 0x0000000713e00000| Complete 
| 123|0x0000000714000000, 0x0000000714200000, 0x0000000714200000|100%| E|CS|TAMS 0x0000000714000000, 0x0000000714000000| Complete 
| 124|0x0000000714200000, 0x0000000714400000, 0x0000000714400000|100%| E|CS|TAMS 0x0000000714200000, 0x0000000714200000| Complete 
| 125|0x0000000714400000, 0x0000000714600000, 0x0000000714600000|100%| E|CS|TAMS 0x0000000714400000, 0x0000000714400000| Complete 

Card table byte_map: [0x0000020cf25a0000,0x0000020cf2d80000] _byte_map_base: 0x0000020ceed7b000

Marking Bits (Prev, Next): (CMBitMap*) 0x0000020ce9d27430, (CMBitMap*) 0x0000020ce9d27470
 Prev Bits: [0x0000020cf3560000, 0x0000020cf7438000)
 Next Bits: [0x0000020cf7440000, 0x0000020cfb318000)

Polling page: 0x0000020ce7c90000

Metaspace:

Usage:
  Non-class:      7.50 MB used.
      Class:    888.62 KB used.
       Both:      8.36 MB used.

Virtual space:
  Non-class space:       16.00 MB reserved,       7.56 MB ( 47%) committed,  2 nodes.
      Class space:        1.00 GB reserved,     960.00 KB ( <1%) committed,  1 nodes.
             Both:        1.02 GB reserved,       8.50 MB ( <1%) committed. 

Chunk freelists:
   Non-Class:  3.94 MB
       Class:  2.97 MB
        Both:  6.91 MB

MaxMetaspaceSize: unlimited
CompressedClassSpaceSize: 1.00 GB
Initial GC threshold: 21.00 MB
Current GC threshold: 21.00 MB
CDS: on
MetaspaceReclaimPolicy: balanced
 - commit_granule_bytes: 65536.
 - commit_granule_words: 8192.
 - virtual_space_node_default_size: 1048576.
 - enlarge_chunks_in_place: 1.
 - new_chunks_are_fully_committed: 0.
 - uncommit_free_chunks: 1.
 - use_allocation_guard: 0.
 - handle_deallocations: 1.


Internal statistics:

num_allocs_failed_limit: 0.
num_arena_births: 80.
num_arena_deaths: 0.
num_vsnodes_births: 3.
num_vsnodes_deaths: 0.
num_space_committed: 137.
num_space_uncommitted: 0.
num_chunks_returned_to_freelist: 0.
num_chunks_taken_from_freelist: 285.
num_chunk_merges: 0.
num_chunk_splits: 201.
num_chunks_enlarged: 157.
num_purges: 0.
num_inconsistent_stats: 0.

CodeHeap 'non-profiled nmethods': size=119168Kb used=544Kb max_used=544Kb free=118623Kb
 bounds [0x0000020c87ba0000, 0x0000020c87e10000, 0x0000020c8f000000]
CodeHeap 'profiled nmethods': size=119104Kb used=3371Kb max_used=3371Kb free=115732Kb
 bounds [0x0000020c80750000, 0x0000020c80aa0000, 0x0000020c87ba0000]
CodeHeap 'non-nmethods': size=7488Kb used=3198Kb max_used=3227Kb free=4290Kb
 bounds [0x0000020c80000000, 0x0000020c80330000, 0x0000020c80750000]
 total_blobs=2353 nmethods=1813 adapters=449
 compilation: enabled
              stopped_count=0, restarted_count=0
 full_count=0

Compilation events (20 events):
Event: 0.550 Thread 0x0000020cfe3c6f70 nmethod 1712 0x0000020c80a5ef10 code [0x0000020c80a5f1a0, 0x0000020c80a5ff88]
Event: 0.552 Thread 0x0000020cfede9660 nmethod 1687 0x0000020c87c1ed10 code [0x0000020c87c1eea0, 0x0000020c87c1f438]
Event: 0.552 Thread 0x0000020cfede9660 1694       4       java.util.stream.ReferencePipeline$2$1::accept (27 bytes)
Event: 0.553 Thread 0x0000020cfede9660 nmethod 1694 0x0000020c87c1f790 code [0x0000020c87c1f920, 0x0000020c87c1f9f8]
Event: 0.553 Thread 0x0000020cfede9660 1713       4       java.util.HashMap$HashMapSpliterator::getFence (53 bytes)
Event: 0.553 Thread 0x0000020cfede9660 nmethod 1713 0x0000020c87c1fb10 code [0x0000020c87c1fc80, 0x0000020c87c1fd38]
Event: 0.553 Thread 0x0000020cfede9660 1714       4       java.util.HashMap$KeySpliterator::characteristics (30 bytes)
Event: 0.554 Thread 0x0000020cfede9660 nmethod 1714 0x0000020c87c1fe10 code [0x0000020c87c1ff80, 0x0000020c87c20018]
Event: 0.554 Thread 0x0000020cfede9660 1715       4       java.util.stream.StreamOpFlag::fromCharacteristics (37 bytes)
Event: 0.555 Thread 0x0000020cfede9660 nmethod 1715 0x0000020c87c20110 code [0x0000020c87c202a0, 0x0000020c87c20358]
Event: 0.555 Thread 0x0000020cfede9660 1716       4       java.util.stream.AbstractPipeline::<init> (55 bytes)
Event: 0.556 Thread 0x0000020cfede9660 nmethod 1716 0x0000020c87c20410 code [0x0000020c87c20580, 0x0000020c87c207d8]
Event: 0.556 Thread 0x0000020cfede9660 1718       4       java.util.HashMap::putVal (300 bytes)
Event: 0.560 Thread 0x0000020cfedec3f0 1719       3       java.lang.reflect.Method::getAnnotation (6 bytes)
Event: 0.560 Thread 0x0000020cfe3c6f70 1720       3       java.lang.reflect.Executable::getAnnotation (23 bytes)
Event: 0.560 Thread 0x0000020cfe3c6f70 nmethod 1720 0x0000020c80a60410 code [0x0000020c80a60620, 0x0000020c80a60cc8]
Event: 0.560 Thread 0x0000020cfedec3f0 nmethod 1719 0x0000020c80a60f10 code [0x0000020c80a61120, 0x0000020c80a61828]
Event: 0.563 Thread 0x0000020cfedec3f0 1721       3       org.codehaus.groovy.reflection.stdclasses.CachedSAMClass$$Lambda$44/0x0000000800c2e608::test (12 bytes)
Event: 0.563 Thread 0x0000020cfedeaaa0 1722       3       org.codehaus.groovy.reflection.stdclasses.CachedSAMClass::lambda$getSAMMethodImpl$0 (6 bytes)
Event: 0.563 Thread 0x0000020cfedeaaa0 nmethod 1722 0x0000020c80a61a90 code [0x0000020c80a61c20, 0x0000020c80a61d28]

GC Heap History (2 events):
Event: 0.418 GC heap before
{Heap before GC invocations=0 (full 0):
 garbage-first heap   total 258048K, used 20480K [0x0000000704a00000, 0x0000000800000000)
  region size 2048K, 11 young (22528K), 0 survivors (0K)
 Metaspace       used 6813K, committed 6976K, reserved 1056768K
  class space    used 733K, committed 832K, reserved 1048576K
}
Event: 0.421 GC heap after
{Heap after GC invocations=1 (full 0):
 garbage-first heap   total 258048K, used 4217K [0x0000000704a00000, 0x0000000800000000)
  region size 2048K, 2 young (4096K), 2 survivors (4096K)
 Metaspace       used 6813K, committed 6976K, reserved 1056768K
  class space    used 733K, committed 832K, reserved 1048576K
}

Deoptimization events (20 events):
Event: 0.466 Thread 0x0000020ce9cd6110 DEOPT PACKING pc=0x0000020c87bd18c4 sp=0x000000a7c3cfabb0
Event: 0.466 Thread 0x0000020ce9cd6110 DEOPT UNPACKING pc=0x0000020c80055c23 sp=0x000000a7c3cfab28 mode 2
Event: 0.466 Thread 0x0000020ce9cd6110 Uncommon trap: trap_request=0xffffffc6 fr.pc=0x0000020c87bd18c4 relative=0x0000000000000404
Event: 0.466 Thread 0x0000020ce9cd6110 Uncommon trap: reason=bimorphic_or_optimized_type_check action=maybe_recompile pc=0x0000020c87bd18c4 method=java.util.HashMap.getNode(Ljava/lang/Object;)Ljava/util/HashMap$Node; @ 63 c2
Event: 0.466 Thread 0x0000020ce9cd6110 DEOPT PACKING pc=0x0000020c87bd18c4 sp=0x000000a7c3cfabc0
Event: 0.466 Thread 0x0000020ce9cd6110 DEOPT UNPACKING pc=0x0000020c80055c23 sp=0x000000a7c3cfab38 mode 2
Event: 0.474 Thread 0x0000020ce9cd6110 Uncommon trap: trap_request=0xffffffde fr.pc=0x0000020c87bd6824 relative=0x0000000000001a44
Event: 0.474 Thread 0x0000020ce9cd6110 Uncommon trap: reason=class_check action=maybe_recompile pc=0x0000020c87bd6824 method=java.io.BufferedInputStream.read([BII)I @ 101 c2
Event: 0.474 Thread 0x0000020ce9cd6110 DEOPT PACKING pc=0x0000020c87bd6824 sp=0x000000a7c3cf99f0
Event: 0.474 Thread 0x0000020ce9cd6110 DEOPT UNPACKING pc=0x0000020c80055c23 sp=0x000000a7c3cf98a0 mode 2
Event: 0.497 Thread 0x0000020ce9cd6110 Uncommon trap: trap_request=0xffffffc6 fr.pc=0x0000020c87bdfed8 relative=0x0000000000000418
Event: 0.497 Thread 0x0000020ce9cd6110 Uncommon trap: reason=bimorphic_or_optimized_type_check action=maybe_recompile pc=0x0000020c87bdfed8 method=java.util.HashMap.getNode(Ljava/lang/Object;)Ljava/util/HashMap$Node; @ 63 c2
Event: 0.497 Thread 0x0000020ce9cd6110 DEOPT PACKING pc=0x0000020c87bdfed8 sp=0x000000a7c3cfafc0
Event: 0.497 Thread 0x0000020ce9cd6110 DEOPT UNPACKING pc=0x0000020c80055c23 sp=0x000000a7c3cfaed8 mode 2
Event: 0.504 Thread 0x0000020ce9cd6110 Uncommon trap: trap_request=0xffffff45 fr.pc=0x0000020c87c0be2c relative=0x000000000000054c
Event: 0.504 Thread 0x0000020ce9cd6110 Uncommon trap: reason=unstable_if action=reinterpret pc=0x0000020c87c0be2c method=java.util.regex.Pattern$Start.match(Ljava/util/regex/Matcher;ILjava/lang/CharSequence;)Z @ 10 c2
Event: 0.504 Thread 0x0000020ce9cd6110 DEOPT PACKING pc=0x0000020c87c0be2c sp=0x000000a7c3cfae60
Event: 0.504 Thread 0x0000020ce9cd6110 DEOPT UNPACKING pc=0x0000020c80055c23 sp=0x000000a7c3cfada0 mode 2
Event: 0.507 Thread 0x0000020ce9cd6110 DEOPT PACKING pc=0x0000020c809defd4 sp=0x000000a7c3cfaee0
Event: 0.507 Thread 0x0000020ce9cd6110 DEOPT UNPACKING pc=0x0000020c80056763 sp=0x000000a7c3cfa3c8 mode 0

Classes unloaded (0 events):
No events

Classes redefined (0 events):
No events

Internal exceptions (20 events):
Event: 0.260 Thread 0x0000020ce9cd6110 Exception <a 'java/lang/NoSuchMethodError'{0x0000000713be3ed8}: 'void java.lang.invoke.DirectMethodHandle$Holder.invokeStatic(java.lang.Object, java.lang.Object, java.lang.Object, java.lang.Object)'> (0x0000000713be3ed8) 
thrown [t:\workspace\open\src\hotspot\share\interpreter\linkResolver.cpp, line 766]
Event: 0.261 Thread 0x0000020ce9cd6110 Exception <a 'java/lang/NoSuchMethodError'{0x0000000713be80d0}: 'void java.lang.invoke.DirectMethodHandle$Holder.invokeStaticInit(java.lang.Object, java.lang.Object, java.lang.Object, java.lang.Object)'> (0x0000000713be80d0) 
thrown [t:\workspace\open\src\hotspot\share\interpreter\linkResolver.cpp, line 766]
Event: 0.262 Thread 0x0000020ce9cd6110 Exception <a 'java/lang/NoSuchMethodError'{0x000000071380a848}: 'void java.lang.invoke.DirectMethodHandle$Holder.invokeStaticInit(java.lang.Object, java.lang.Object, java.lang.Object, java.lang.Object, java.lang.Object)'> (0x000000071380a848) 
thrown [t:\workspace\open\src\hotspot\share\interpreter\linkResolver.cpp, line 766]
Event: 0.263 Thread 0x0000020ce9cd6110 Exception <a 'java/lang/NoSuchMethodError'{0x0000000713812118}: 'int java.lang.invoke.DirectMethodHandle$Holder.invokeStaticInit(java.lang.Object, java.lang.Object, java.lang.Object)'> (0x0000000713812118) 
thrown [t:\workspace\open\src\hotspot\share\interpreter\linkResolver.cpp, line 766]
Event: 0.272 Thread 0x0000020ce9cd6110 Exception <a 'java/lang/NoSuchMethodError'{0x0000000713883278}: 'int java.lang.invoke.DirectMethodHandle$Holder.invokeStaticInit(java.lang.Object, java.lang.Object, java.lang.Object, java.lang.Object)'> (0x0000000713883278) 
thrown [t:\workspace\open\src\hotspot\share\interpreter\linkResolver.cpp, line 766]
Event: 0.272 Thread 0x0000020ce9cd6110 Exception <a 'java/lang/IncompatibleClassChangeError'{0x000000071388c6c0}: Found class java.lang.Object, but interface was expected> (0x000000071388c6c0) 
thrown [t:\workspace\open\src\hotspot\share\interpreter\linkResolver.cpp, line 833]
Event: 0.273 Thread 0x0000020ce9cd6110 Exception <a 'java/lang/NoSuchMethodError'{0x000000071388f850}: 'void java.lang.invoke.DirectMethodHandle$Holder.invokeStaticInit(java.lang.Object, java.lang.Object)'> (0x000000071388f850) 
thrown [t:\workspace\open\src\hotspot\share\interpreter\linkResolver.cpp, line 766]
Event: 0.273 Thread 0x0000020ce9cd6110 Exception <a 'java/lang/NoSuchMethodError'{0x0000000713895618}: 'int java.lang.invoke.DirectMethodHandle$Holder.invokeStaticInit(java.lang.Object, java.lang.Object)'> (0x0000000713895618) 
thrown [t:\workspace\open\src\hotspot\share\interpreter\linkResolver.cpp, line 766]
Event: 0.321 Thread 0x0000020ce9cd6110 Exception <a 'java/lang/NoSuchMethodError'{0x0000000713431838}: 'java.lang.Object java.lang.invoke.Invokers$Holder.invokeExact_MT(java.lang.Object, java.lang.Object, java.lang.Object, java.lang.Object, java.lang.Object, java.lang.Object)'> (0x0000000713431838) 
thrown [t:\workspace\open\src\hotspot\share\interpreter\linkResolver.cpp, line 766]
Event: 0.338 Thread 0x0000020ce9cd6110 Exception <a 'java/lang/ClassNotFoundException'{0x000000071354ae78}: groovy/lang/ExpandoMetaClassBeanInfo> (0x000000071354ae78) 
thrown [t:\workspace\open\src\hotspot\share\classfile\systemDictionary.cpp, line 256]
Event: 0.339 Thread 0x0000020ce9cd6110 Exception <a 'java/lang/ClassNotFoundException'{0x000000071355a230}: groovy/lang/MetaClassImplBeanInfo> (0x000000071355a230) 
thrown [t:\workspace\open\src\hotspot\share\classfile\systemDictionary.cpp, line 256]
Event: 0.339 Thread 0x0000020ce9cd6110 Exception <a 'java/lang/ClassNotFoundException'{0x000000071355af38}: java/lang/ObjectBeanInfo> (0x000000071355af38) 
thrown [t:\workspace\open\src\hotspot\share\classfile\systemDictionary.cpp, line 256]
Event: 0.339 Thread 0x0000020ce9cd6110 Exception <a 'java/lang/ClassNotFoundException'{0x000000071355c2e8}: java/lang/ObjectCustomizer> (0x000000071355c2e8) 
thrown [t:\workspace\open\src\hotspot\share\classfile\systemDictionary.cpp, line 256]
Event: 0.345 Thread 0x0000020ce9cd6110 Exception <a 'java/lang/ClassNotFoundException'{0x0000000713575468}: groovy/lang/MetaClassImplCustomizer> (0x0000000713575468) 
thrown [t:\workspace\open\src\hotspot\share\classfile\systemDictionary.cpp, line 256]
Event: 0.349 Thread 0x0000020ce9cd6110 Exception <a 'java/lang/ClassNotFoundException'{0x00000007135a3758}: groovy/lang/ExpandoMetaClassCustomizer> (0x00000007135a3758) 
thrown [t:\workspace\open\src\hotspot\share\classfile\systemDictionary.cpp, line 256]
Event: 0.359 Thread 0x0000020ce9cd6110 Exception <a 'java/lang/NoSuchMethodError'{0x00000007135f36d8}: 'void java.lang.invoke.DirectMethodHandle$Holder.invokeSpecial(java.lang.Object, java.lang.Object, java.lang.Object)'> (0x00000007135f36d8) 
thrown [t:\workspace\open\src\hotspot\share\interpreter\linkResolver.cpp, line 766]
Event: 0.367 Thread 0x0000020ce9cd6110 Exception <a 'java/lang/ClassNotFoundException'{0x000000071328f330}: io/restassured/authentication/NoAuthSchemeBeanInfo> (0x000000071328f330) 
thrown [t:\workspace\open\src\hotspot\share\classfile\systemDictionary.cpp, line 256]
Event: 0.367 Thread 0x0000020ce9cd6110 Exception <a 'java/lang/ClassNotFoundException'{0x0000000713292a58}: io/restassured/authentication/NoAuthSchemeCustomizer> (0x0000000713292a58) 
thrown [t:\workspace\open\src\hotspot\share\classfile\systemDictionary.cpp, line 256]
Event: 0.378 Thread 0x0000020ce9cd6110 Exception <a 'java/lang/NoSuchMethodError'{0x0000000713344e10}: 'int java.lang.invoke.DirectMethodHandle$Holder.invokeStatic(java.lang.Object, java.lang.Object, int)'> (0x0000000713344e10) 
thrown [t:\workspace\open\src\hotspot\share\interpreter\linkResolver.cpp, line 766]
Event: 0.401 Thread 0x0000020ce9cd6110 Exception <a 'java/lang/NoClassDefFoundError'{0x00000007130b6b50}: org/apache/log4j/Priority> (0x00000007130b6b50) 
thrown [t:\workspace\open\src\hotspot\share\classfile\systemDictionary.cpp, line 245]

VM Operations (20 events):
Event: 0.069 Executing VM operation: HandshakeAllThreads
Event: 0.069 Executing VM operation: HandshakeAllThreads done
Event: 0.185 Executing VM operation: HandshakeAllThreads
Event: 0.185 Executing VM operation: HandshakeAllThreads done
Event: 0.199 Executing VM operation: HandshakeAllThreads
Event: 0.199 Executing VM operation: HandshakeAllThreads done
Event: 0.283 Executing VM operation: ICBufferFull
Event: 0.283 Executing VM operation: ICBufferFull done
Event: 0.418 Executing VM operation: G1CollectForAllocation
Event: 0.421 Executing VM operation: G1CollectForAllocation done
Event: 0.443 Executing VM operation: HandshakeAllThreads
Event: 0.443 Executing VM operation: HandshakeAllThreads done
Event: 0.507 Executing VM operation: HandshakeAllThreads
Event: 0.507 Executing VM operation: HandshakeAllThreads done
Event: 0.507 Executing VM operation: HandshakeAllThreads
Event: 0.507 Executing VM operation: HandshakeAllThreads done
Event: 0.560 Executing VM operation: HandshakeAllThreads
Event: 0.560 Executing VM operation: HandshakeAllThreads done
Event: 0.562 Executing VM operation: HandshakeAllThreads
Event: 0.562 Executing VM operation: HandshakeAllThreads done

Events (20 events):
Event: 0.561 loading class java/security/PublicKey done
Event: 0.561 loading class java/security/InvalidKeyException
Event: 0.561 loading class java/security/InvalidKeyException done
Event: 0.561 loading class java/security/NoSuchProviderException
Event: 0.561 loading class java/security/NoSuchProviderException done
Event: 0.561 loading class java/security/SignatureException
Event: 0.561 loading class java/security/SignatureException done
Event: 0.561 loading class java/security/Provider
Event: 0.562 loading class java/security/Provider done
Event: 0.562 loading class javax/security/auth/x500/X500Principal
Event: 0.563 loading class javax/security/auth/x500/X500Principal done
Event: 0.563 loading class java/security/cert/CertificateParsingException
Event: 0.563 loading class java/security/cert/CertificateParsingException done
Event: 0.563 loading class java/security/cert/CertificateExpiredException
Event: 0.563 loading class java/security/cert/CertificateExpiredException done
Event: 0.563 loading class java/security/cert/CertificateNotYetValidException
Event: 0.563 loading class java/security/cert/CertificateNotYetValidException done
Event: 0.563 loading class javax/net/ssl/HandshakeCompletedListener
Event: 0.563 loading class javax/net/ssl/HandshakeCompletedListener done
Event: 0.563 loading class javax/net/ssl/SSLParameters


Dynamic libraries:
0x00007ff6fd9c0000 - 0x00007ff6fd9d0000 	C:\Program Files\Java\jdk-17.0.2\bin\java.exe
0x00007ff885290000 - 0x00007ff885485000 	C:\Windows\SYSTEM32\ntdll.dll
0x00007ff8837c0000 - 0x00007ff88387e000 	C:\Windows\System32\KERNEL32.DLL
0x00007ff882fa0000 - 0x00007ff883268000 	C:\Windows\System32\KERNELBASE.dll
0x00007ff882ea0000 - 0x00007ff882fa0000 	C:\Windows\System32\ucrtbase.dll
0x00007ff878920000 - 0x00007ff878938000 	C:\Program Files\Java\jdk-17.0.2\bin\jli.dll
0x00007ff883b90000 - 0x00007ff883c3e000 	C:\Windows\System32\ADVAPI32.dll
0x00007ff879930000 - 0x00007ff87994a000 	C:\Program Files\Java\jdk-17.0.2\bin\VCRUNTIME140.dll
0x00007ff884c50000 - 0x00007ff884cee000 	C:\Windows\System32\msvcrt.dll
0x00007ff8843f0000 - 0x00007ff88448c000 	C:\Windows\System32\sechost.dll
0x00007ff883880000 - 0x00007ff8839a5000 	C:\Windows\System32\RPCRT4.dll
0x00007ff884500000 - 0x00007ff8846a0000 	C:\Windows\System32\USER32.dll
0x00007ff861de0000 - 0x00007ff86207a000 	C:\Windows\WinSxS\amd64_microsoft.windows.common-controls_6595b64144ccf1df_6.0.19041.1110_none_60b5254171f9507e\COMCTL32.dll
0x00007ff882e20000 - 0x00007ff882e42000 	C:\Windows\System32\win32u.dll
0x00007ff883a80000 - 0x00007ff883aab000 	C:\Windows\System32\GDI32.dll
0x00007ff882b10000 - 0x00007ff882c1d000 	C:\Windows\System32\gdi32full.dll
0x00007ff882d80000 - 0x00007ff882e1d000 	C:\Windows\System32\msvcp_win.dll
0x00007ff879720000 - 0x00007ff87972a000 	C:\Windows\SYSTEM32\VERSION.dll
0x00007ff883550000 - 0x00007ff883580000 	C:\Windows\System32\IMM32.DLL
0x00007ff87a1c0000 - 0x00007ff87a1cc000 	C:\Program Files\Java\jdk-17.0.2\bin\vcruntime140_1.dll
0x00007ff859800000 - 0x00007ff85988d000 	C:\Program Files\Java\jdk-17.0.2\bin\msvcp140.dll
0x00007ff83ce90000 - 0x00007ff83da51000 	C:\Program Files\Java\jdk-17.0.2\bin\server\jvm.dll
0x00007ff885240000 - 0x00007ff885248000 	C:\Windows\System32\PSAPI.DLL
0x00007ff87d510000 - 0x00007ff87d519000 	C:\Windows\SYSTEM32\WSOCK32.dll
0x00007ff86b960000 - 0x00007ff86b987000 	C:\Windows\SYSTEM32\WINMM.dll
0x00007ff884490000 - 0x00007ff8844fb000 	C:\Windows\System32\WS2_32.dll
0x00007ff881220000 - 0x00007ff881232000 	C:\Windows\SYSTEM32\kernel.appcore.dll
0x00007ff879f80000 - 0x00007ff879f8a000 	C:\Program Files\Java\jdk-17.0.2\bin\jimage.dll
0x00007ff8807a0000 - 0x00007ff880984000 	C:\Windows\SYSTEM32\DBGHELP.DLL
0x00007ff867030000 - 0x00007ff86705c000 	C:\Windows\SYSTEM32\dbgcore.DLL
0x00007ff882a80000 - 0x00007ff882b02000 	C:\Windows\System32\bcryptPrimitives.dll
0x00007ff879920000 - 0x00007ff87992e000 	C:\Program Files\Java\jdk-17.0.2\bin\instrument.dll
0x00007ff878820000 - 0x00007ff878845000 	C:\Program Files\Java\jdk-17.0.2\bin\java.dll
0x00007ff859720000 - 0x00007ff8597f6000 	C:\Program Files\Java\jdk-17.0.2\bin\jsvml.dll
0x00007ff883ca0000 - 0x00007ff8843e4000 	C:\Windows\System32\SHELL32.dll
0x00007ff880990000 - 0x00007ff881124000 	C:\Windows\SYSTEM32\windows.storage.dll
0x00007ff884ee0000 - 0x00007ff885235000 	C:\Windows\System32\combase.dll
0x00007ff8823f0000 - 0x00007ff88241e000 	C:\Windows\SYSTEM32\Wldp.dll
0x00007ff883580000 - 0x00007ff88362d000 	C:\Windows\System32\SHCORE.dll
0x00007ff8832e0000 - 0x00007ff883335000 	C:\Windows\System32\shlwapi.dll
0x00007ff8828e0000 - 0x00007ff8828ff000 	C:\Windows\SYSTEM32\profapi.dll
0x00007ff8787e0000 - 0x00007ff8787f8000 	C:\Program Files\Java\jdk-17.0.2\bin\zip.dll
0x00007ff8788d0000 - 0x00007ff8788e9000 	C:\Program Files\Java\jdk-17.0.2\bin\net.dll
0x00007ff86e260000 - 0x00007ff86e36c000 	C:\Windows\SYSTEM32\WINHTTP.dll
0x00007ff8820e0000 - 0x00007ff88214a000 	C:\Windows\system32\mswsock.dll
0x00007ff878800000 - 0x00007ff878816000 	C:\Program Files\Java\jdk-17.0.2\bin\nio.dll
0x00007ff876f30000 - 0x00007ff876f4a000 	C:\Program Files\JetBrains\IntelliJ IDEA Community Edition 2021.3.2\bin\breakgen64.dll
0x00007ff8788a0000 - 0x00007ff8788b0000 	C:\Program Files\Java\jdk-17.0.2\bin\verify.dll

dbghelp: loaded successfully - version: 4.0.5 - missing functions: none
symbol engine: initialized successfully - sym options: 0x614 - pdb path: .;C:\Program Files\Java\jdk-17.0.2\bin;C:\Windows\SYSTEM32;C:\Windows\WinSxS\amd64_microsoft.windows.common-controls_6595b64144ccf1df_6.0.19041.1110_none_60b5254171f9507e;C:\Program Files\Java\jdk-17.0.2\bin\server;C:\Program Files\JetBrains\IntelliJ IDEA Community Edition 2021.3.2\bin

VM Arguments:
jvm_args: -ea -Didea.test.cyclic.buffer.size=1048576 -javaagent:C:\Program Files\JetBrains\IntelliJ IDEA Community Edition 2021.3.2\lib\idea_rt.jar=56521:C:\Program Files\JetBrains\IntelliJ IDEA Community Edition 2021.3.2\bin -Dfile.encoding=UTF-8 
java_command: com.intellij.rt.junit.JUnitStarter -ideVersion5 -junit4 get_http_request.day09.GetRequest22,test22
java_class_path (initial): C:\Program Files\JetBrains\IntelliJ IDEA Community Edition 2021.3.2\lib\idea_rt.jar;C:\Program Files\JetBrains\IntelliJ IDEA Community Edition 2021.3.2\plugins\junit\lib\junit5-rt.jar;C:\Program Files\JetBrains\IntelliJ IDEA Community Edition 2021.3.2\plugins\junit\lib\junit-rt.jar;C:\Users\ainag\IdeaProjects\Batch44Api\target\test-classes;C:\Users\ainag\IdeaProjects\Batch44Api\target\classes;C:\Users\ainag\.m2\repository\junit\junit\4.13.2\junit-4.13.2.jar;C:\Users\ainag\.m2\repository\org\hamcrest\hamcrest-core\1.3\hamcrest-core-1.3.jar;C:\Users\ainag\.m2\repository\org\json\json\20211205\json-20211205.jar;C:\Users\ainag\.m2\repository\io\rest-assured\rest-assured\4.5.1\rest-assured-4.5.1.jar;C:\Users\ainag\.m2\repository\org\codehaus\groovy\groovy\3.0.9\groovy-3.0.9.jar;C:\Users\ainag\.m2\repository\org\codehaus\groovy\groovy-xml\3.0.9\groovy-xml-3.0.9.jar;C:\Users\ainag\.m2\repository\org\apache\httpcomponents\httpclient\4.5.13\httpclient-4.5.13.jar;C:\Users\ainag\.m2\repository\org\apache\httpcomponents\httpcore\4.4.13\httpcore-4.4.13.jar;C:\Users\ainag\.m2\repository\commons-logging\commons-logging\1.2\commons-logging-1.2.jar;C:\Users\ainag\.m2\repository\commons-codec\commons-codec\1.11\commons-codec-1.11.jar;C:\Users\ainag\.m2\repository\org\apache\httpcomponents\httpmime\4.5.13\httpmime-4.5.13.jar;C:\Users\ainag\.m2\repository\org\hamcrest\hamcrest\2.1\hamcrest-2.1.jar;C:\Users\ainag\.m2\repository\org\ccil\cowan\tagsoup\tagsoup\1.2.1\tagsoup-1.2.1.jar;C:\Users\ainag\.m2\repository\io\rest-assured\json-path\4.5.1\json-path-4.5.1.jar;C:\Users\ainag\.m2\repository\org\codehaus\groovy\groovy-json\3.0.9\groovy-json-3.0.9.jar;C:\Users\ainag\.m2\repository\io\rest-assured\rest-assured-common\4.5.1\rest-assured-common-4.5.1.jar;C:\Users\ainag\.m2\repository\io\rest-assured\xml-path\4.5.1\xml-path-4.5.1.jar;C:\Users\ainag\.m2\repository\org\apache\commons\commons-lang3\3.11\commons-lang3-3.11.jar;C:\Users\ainag\.m2\repository\com\faster
Launcher Type: SUN_STANDARD

[Global flags]
     intx CICompilerCount                          = 12                                        {product} {ergonomic}
     uint ConcGCThreads                            = 3                                         {product} {ergonomic}
     uint G1ConcRefinementThreads                  = 13                                        {product} {ergonomic}
   size_t G1HeapRegionSize                         = 2097152                                   {product} {ergonomic}
    uintx GCDrainStackTargetSize                   = 64                                        {product} {ergonomic}
   size_t InitialHeapSize                          = 264241152                                 {product} {ergonomic}
   size_t MarkStackSize                            = 4194304                                   {product} {ergonomic}
   size_t MaxHeapSize                              = 4217372672                                {product} {ergonomic}
   size_t MaxNewSize                               = 2529165312                                {product} {ergonomic}
   size_t MinHeapDeltaBytes                        = 2097152                                   {product} {ergonomic}
   size_t MinHeapSize                              = 8388608                                   {product} {ergonomic}
    uintx NonNMethodCodeHeapSize                   = 7602480                                {pd product} {ergonomic}
    uintx NonProfiledCodeHeapSize                  = 122027880                              {pd product} {ergonomic}
    uintx ProfiledCodeHeapSize                     = 122027880                              {pd product} {ergonomic}
    uintx ReservedCodeCacheSize                    = 251658240                              {pd product} {ergonomic}
     bool SegmentedCodeCache                       = true                                      {product} {ergonomic}
   size_t SoftMaxHeapSize                          = 4217372672                             {manageable} {ergonomic}
     bool UseCompressedClassPointers               = true                           {product lp64_product} {ergonomic}
     bool UseCompressedOops                        = true                           {product lp64_product} {ergonomic}
     bool UseG1GC                                  = true                                      {product} {ergonomic}
     bool UseLargePagesIndividualAllocation        = false                                  {pd product} {ergonomic}

Logging:
Log output configuration:
 #0: stdout all=warning uptime,level,tags
 #1: stderr all=off uptime,level,tags

Environment Variables:
JAVA_HOME=C:\Program Files\Java\jdk-17.0.2
PATH=C:\Program Files\Common Files\Oracle\Java\javapath;C:\Windows\system32;C:\Windows;C:\Windows\System32\Wbem;C:\Windows\System32\WindowsPowerShell\v1.0\;C:\Windows\System32\OpenSSH\;C:\Program Files (x86)\NVIDIA Corporation\PhysX\Common;C:\Program Files\NVIDIA Corporation\NVIDIA NvDLISR;C:\Program Files\Git\cmd;C:\Users\ainag\AppData\Local\Microsoft\WindowsApps;C:\Program Files\Java\jdk-17.0.2\bin;C:\Users\ainag\AppData\Local\GitHubDesktop\bin;C:\Users\ainag\AppData\Local\Programs\Microsoft VS Code\bin
USERNAME=ainag
OS=Windows_NT
PROCESSOR_IDENTIFIER=Intel64 Family 6 Model 141 Stepping 1, GenuineIntel



---------------  S Y S T E M  ---------------

OS:
 Windows 10 , 64 bit Build 19041 (10.0.19041.1503)
OS uptime: 0 days 7:48 hours

CPU: total 16 (initial active 16) (8 cores per cpu, 2 threads per core) family 6 model 141 stepping 1 microcode 0x26, cx8, cmov, fxsr, ht, mmx, 3dnowpref, sse, sse2, sse3, ssse3, sse4.1, sse4.2, popcnt, lzcnt, tsc, tscinvbit, avx, avx2, aes, erms, clmul, bmi1, bmi2, adx, avx512f, avx512dq, avx512cd, avx512bw, avx512vl, sha, fma, vzeroupper, avx512_vpopcntdq, avx512_vpclmulqdq, avx512_vaes, avx512_vnni, clflush, clflushopt, clwb, avx512_vbmi2, avx512_vbmi

Memory: 4k page, system-wide physical 16085M (8992M free)
TotalPageFile size 46444M (AvailPageFile size 6M)
current process WorkingSet (physical memory assigned to process): 96M, peak: 96M
current process commit charge ("private bytes"): 383M, peak: 383M

vm_info: Java HotSpot(TM) 64-Bit Server VM (17.0.2+8-LTS-86) for windows-amd64 JRE (17.0.2+8-LTS-86), built on Dec  7 2021 21:51:03 by "mach5one" with MS VC++ 16.8 / 16.9 (VS2019)

END.
